[1.717s] Invoking command in '/home/keime/デスクトップ/lisner-talker/src/my_pkg': PYTHONPATH=/home/keime/デスクトップ/lisner-talker/build/my_pkg/prefix_override:/usr/lib/python3/dist-packages/colcon_core/task/python/colcon_distutils_commands:/home/keime/デスクトップ/lisner-talker/install/my_pkg/lib/python3.10/site-packages:${PYTHONPATH} /usr/bin/python3 -W ignore:setup.py install is deprecated -W ignore:easy_install command is deprecated setup.py egg_info --egg-base ../../build/my_pkg build --build-base /home/keime/デスクトップ/lisner-talker/build/my_pkg/build install --record /home/keime/デスクトップ/lisner-talker/build/my_pkg/install.log --single-version-externally-managed install_data
[3.075s] running egg_info
[3.075s] writing ../../build/my_pkg/my_pkg.egg-info/PKG-INFO
[3.078s] writing dependency_links to ../../build/my_pkg/my_pkg.egg-info/dependency_links.txt
[3.079s] writing entry points to ../../build/my_pkg/my_pkg.egg-info/entry_points.txt
[3.080s] writing requirements to ../../build/my_pkg/my_pkg.egg-info/requires.txt
[3.081s] writing top-level names to ../../build/my_pkg/my_pkg.egg-info/top_level.txt
[3.089s] reading manifest file '../../build/my_pkg/my_pkg.egg-info/SOURCES.txt'
[3.095s] writing manifest file '../../build/my_pkg/my_pkg.egg-info/SOURCES.txt'
[3.095s] running build
[3.096s] running build_py
[3.099s] running install
[3.101s] running install_lib
[3.109s] running install_data
[3.109s] running install_egg_info
[3.113s] removing '/home/keime/デスクトップ/lisner-talker/install/my_pkg/lib/python3.10/site-packages/my_pkg-0.0.0-py3.10.egg-info' (and everything under it)
[3.117s] Copying ../../build/my_pkg/my_pkg.egg-info to /home/keime/デスクトップ/lisner-talker/install/my_pkg/lib/python3.10/site-packages/my_pkg-0.0.0-py3.10.egg-info
[3.122s] running install_scripts
[3.174s] Installing listener script to /home/keime/デスクトップ/lisner-talker/install/my_pkg/lib/my_pkg
[3.176s] Installing talker script to /home/keime/デスクトップ/lisner-talker/install/my_pkg/lib/my_pkg
[3.178s] writing list of installed files to '/home/keime/デスクトップ/lisner-talker/build/my_pkg/install.log'
[3.298s] Invoked command in '/home/keime/デスクトップ/lisner-talker/src/my_pkg' returned '0': PYTHONPATH=/home/keime/デスクトップ/lisner-talker/build/my_pkg/prefix_override:/usr/lib/python3/dist-packages/colcon_core/task/python/colcon_distutils_commands:/home/keime/デスクトップ/lisner-talker/install/my_pkg/lib/python3.10/site-packages:${PYTHONPATH} /usr/bin/python3 -W ignore:setup.py install is deprecated -W ignore:easy_install command is deprecated setup.py egg_info --egg-base ../../build/my_pkg build --build-base /home/keime/デスクトップ/lisner-talker/build/my_pkg/build install --record /home/keime/デスクトップ/lisner-talker/build/my_pkg/install.log --single-version-externally-managed install_data
