[0.595s] Invoking command in '/home/avatar1/ros2_basic_ws/src/my_pkg': PYTHONPATH=/home/avatar1/ros2_basic_ws/build/my_pkg/prefix_override:/usr/lib/python3/dist-packages/colcon_core/task/python/colcon_distutils_commands:/home/avatar1/ros2_basic_ws/install/my_pkg/lib/python3.10/site-packages:${PYTHONPATH} VIRTUAL_ENV_PROMPT=(env) /usr/bin/python3 -W ignore:setup.py install is deprecated -W ignore:easy_install command is deprecated setup.py egg_info --egg-base ../../build/my_pkg build --build-base /home/avatar1/ros2_basic_ws/build/my_pkg/build install --record /home/avatar1/ros2_basic_ws/build/my_pkg/install.log --single-version-externally-managed install_data
[0.823s] running egg_info
[0.824s] writing ../../build/my_pkg/my_pkg.egg-info/PKG-INFO
[0.824s] writing dependency_links to ../../build/my_pkg/my_pkg.egg-info/dependency_links.txt
[0.824s] writing entry points to ../../build/my_pkg/my_pkg.egg-info/entry_points.txt
[0.825s] writing requirements to ../../build/my_pkg/my_pkg.egg-info/requires.txt
[0.825s] writing top-level names to ../../build/my_pkg/my_pkg.egg-info/top_level.txt
[0.826s] reading manifest file '../../build/my_pkg/my_pkg.egg-info/SOURCES.txt'
[0.827s] writing manifest file '../../build/my_pkg/my_pkg.egg-info/SOURCES.txt'
[0.827s] running build
[0.827s] running build_py
[0.827s] running install
[0.828s] running install_lib
[0.830s] running install_data
[0.830s] running install_egg_info
[0.832s] removing '/home/avatar1/ros2_basic_ws/install/my_pkg/lib/python3.10/site-packages/my_pkg-0.0.0-py3.10.egg-info' (and everything under it)
[0.832s] Copying ../../build/my_pkg/my_pkg.egg-info to /home/avatar1/ros2_basic_ws/install/my_pkg/lib/python3.10/site-packages/my_pkg-0.0.0-py3.10.egg-info
[0.833s] running install_scripts
[0.851s] Installing listener script to /home/avatar1/ros2_basic_ws/install/my_pkg/lib/my_pkg
[0.851s] Installing talker script to /home/avatar1/ros2_basic_ws/install/my_pkg/lib/my_pkg
[0.851s] writing list of installed files to '/home/avatar1/ros2_basic_ws/build/my_pkg/install.log'
[0.876s] Invoked command in '/home/avatar1/ros2_basic_ws/src/my_pkg' returned '0': PYTHONPATH=/home/avatar1/ros2_basic_ws/build/my_pkg/prefix_override:/usr/lib/python3/dist-packages/colcon_core/task/python/colcon_distutils_commands:/home/avatar1/ros2_basic_ws/install/my_pkg/lib/python3.10/site-packages:${PYTHONPATH} VIRTUAL_ENV_PROMPT=(env) /usr/bin/python3 -W ignore:setup.py install is deprecated -W ignore:easy_install command is deprecated setup.py egg_info --egg-base ../../build/my_pkg build --build-base /home/avatar1/ros2_basic_ws/build/my_pkg/build install --record /home/avatar1/ros2_basic_ws/build/my_pkg/install.log --single-version-externally-managed install_data
