[0.349s] DEBUG:colcon:Command line arguments: ['/usr/bin/colcon', 'build']
[0.349s] DEBUG:colcon:Parsed command line arguments: Namespace(log_base=None, log_level=None, verb_name='build', build_base='build', install_base='install', merge_install=False, symlink_install=False, test_result_base=None, continue_on_error=False, executor='parallel', parallel_workers=2, event_handlers=None, ignore_user_meta=False, metas=['./colcon.meta'], base_paths=['.'], packages_ignore=None, packages_ignore_regex=None, paths=None, packages_up_to=None, packages_up_to_regex=None, packages_above=None, packages_above_and_dependencies=None, packages_above_depth=None, packages_select_by_dep=None, packages_skip_by_dep=None, packages_skip_up_to=None, packages_select_build_failed=False, packages_skip_build_finished=False, packages_select_test_failures=False, packages_skip_test_passed=False, packages_select=None, packages_skip=None, packages_select_regex=None, packages_skip_regex=None, packages_start=None, packages_end=None, allow_overriding=[], cmake_args=None, cmake_target=None, cmake_target_skip_unavailable=False, cmake_clean_cache=False, cmake_clean_first=False, cmake_force_configure=False, ament_cmake_args=None, catkin_cmake_args=None, catkin_skip_building_tests=False, mixin_files=None, mixin=None, verb_parser=<colcon_mixin.mixin.mixin_argument.MixinArgumentDecorator object at 0x7ebcfba75690>, verb_extension=<colcon_core.verb.build.BuildVerb object at 0x7ebcfba74e80>, main=<bound method BuildVerb.main of <colcon_core.verb.build.BuildVerb object at 0x7ebcfba74e80>>, mixin_verb=('build',))
[1.196s] Level 1:colcon.colcon_core.package_discovery:discover_packages(colcon_meta) check parameters
[1.197s] Level 1:colcon.colcon_core.package_discovery:discover_packages(recursive) check parameters
[1.197s] Level 1:colcon.colcon_core.package_discovery:discover_packages(ignore) check parameters
[1.197s] Level 1:colcon.colcon_core.package_discovery:discover_packages(path) check parameters
[1.197s] Level 1:colcon.colcon_core.package_discovery:discover_packages(colcon_meta) discover
[1.197s] Level 1:colcon.colcon_core.package_discovery:discover_packages(recursive) discover
[1.197s] INFO:colcon.colcon_core.package_discovery:Crawling recursively for packages in '/home/keime/ros2_basic_ws'
[1.197s] Level 1:colcon.colcon_core.package_identification:_identify(.) by extensions ['ignore', 'ignore_ament_install']
[1.198s] Level 1:colcon.colcon_core.package_identification:_identify(.) by extension 'ignore'
[1.198s] Level 1:colcon.colcon_core.package_identification:_identify(.) by extension 'ignore_ament_install'
[1.198s] Level 1:colcon.colcon_core.package_identification:_identify(.) by extensions ['colcon_pkg']
[1.198s] Level 1:colcon.colcon_core.package_identification:_identify(.) by extension 'colcon_pkg'
[1.198s] Level 1:colcon.colcon_core.package_identification:_identify(.) by extensions ['colcon_meta']
[1.198s] Level 1:colcon.colcon_core.package_identification:_identify(.) by extension 'colcon_meta'
[1.198s] Level 1:colcon.colcon_core.package_identification:_identify(.) by extensions ['ros']
[1.198s] Level 1:colcon.colcon_core.package_identification:_identify(.) by extension 'ros'
[1.241s] Level 1:colcon.colcon_core.package_identification:_identify(.) by extensions ['cmake', 'python']
[1.241s] Level 1:colcon.colcon_core.package_identification:_identify(.) by extension 'cmake'
[1.241s] Level 1:colcon.colcon_core.package_identification:_identify(.) by extension 'python'
[1.241s] Level 1:colcon.colcon_core.package_identification:_identify(.) by extensions ['python_setup_py']
[1.242s] Level 1:colcon.colcon_core.package_identification:_identify(.) by extension 'python_setup_py'
[1.242s] Level 1:colcon.colcon_core.package_identification:_identify(build) by extensions ['ignore', 'ignore_ament_install']
[1.242s] Level 1:colcon.colcon_core.package_identification:_identify(build) by extension 'ignore'
[1.242s] Level 1:colcon.colcon_core.package_identification:_identify(build) ignored
[1.243s] Level 1:colcon.colcon_core.package_identification:_identify(install) by extensions ['ignore', 'ignore_ament_install']
[1.243s] Level 1:colcon.colcon_core.package_identification:_identify(install) by extension 'ignore'
[1.243s] Level 1:colcon.colcon_core.package_identification:_identify(install) ignored
[1.243s] Level 1:colcon.colcon_core.package_identification:_identify(log) by extensions ['ignore', 'ignore_ament_install']
[1.244s] Level 1:colcon.colcon_core.package_identification:_identify(log) by extension 'ignore'
[1.244s] Level 1:colcon.colcon_core.package_identification:_identify(log) ignored
[1.244s] Level 1:colcon.colcon_core.package_identification:_identify(ros2_basic) by extensions ['ignore', 'ignore_ament_install']
[1.244s] Level 1:colcon.colcon_core.package_identification:_identify(ros2_basic) by extension 'ignore'
[1.244s] Level 1:colcon.colcon_core.package_identification:_identify(ros2_basic) by extension 'ignore_ament_install'
[1.244s] Level 1:colcon.colcon_core.package_identification:_identify(ros2_basic) by extensions ['colcon_pkg']
[1.244s] Level 1:colcon.colcon_core.package_identification:_identify(ros2_basic) by extension 'colcon_pkg'
[1.244s] Level 1:colcon.colcon_core.package_identification:_identify(ros2_basic) by extensions ['colcon_meta']
[1.245s] Level 1:colcon.colcon_core.package_identification:_identify(ros2_basic) by extension 'colcon_meta'
[1.245s] Level 1:colcon.colcon_core.package_identification:_identify(ros2_basic) by extensions ['ros']
[1.245s] Level 1:colcon.colcon_core.package_identification:_identify(ros2_basic) by extension 'ros'
[1.245s] Level 1:colcon.colcon_core.package_identification:_identify(ros2_basic) by extensions ['cmake', 'python']
[1.245s] Level 1:colcon.colcon_core.package_identification:_identify(ros2_basic) by extension 'cmake'
[1.245s] Level 1:colcon.colcon_core.package_identification:_identify(ros2_basic) by extension 'python'
[1.245s] Level 1:colcon.colcon_core.package_identification:_identify(ros2_basic) by extensions ['python_setup_py']
[1.245s] Level 1:colcon.colcon_core.package_identification:_identify(ros2_basic) by extension 'python_setup_py'
[1.246s] Level 1:colcon.colcon_core.package_identification:_identify(ros2_basic/ros2_basic) by extensions ['ignore', 'ignore_ament_install']
[1.246s] Level 1:colcon.colcon_core.package_identification:_identify(ros2_basic/ros2_basic) by extension 'ignore'
[1.246s] Level 1:colcon.colcon_core.package_identification:_identify(ros2_basic/ros2_basic) by extension 'ignore_ament_install'
[1.246s] Level 1:colcon.colcon_core.package_identification:_identify(ros2_basic/ros2_basic) by extensions ['colcon_pkg']
[1.246s] Level 1:colcon.colcon_core.package_identification:_identify(ros2_basic/ros2_basic) by extension 'colcon_pkg'
[1.247s] Level 1:colcon.colcon_core.package_identification:_identify(ros2_basic/ros2_basic) by extensions ['colcon_meta']
[1.247s] Level 1:colcon.colcon_core.package_identification:_identify(ros2_basic/ros2_basic) by extension 'colcon_meta'
[1.247s] Level 1:colcon.colcon_core.package_identification:_identify(ros2_basic/ros2_basic) by extensions ['ros']
[1.247s] Level 1:colcon.colcon_core.package_identification:_identify(ros2_basic/ros2_basic) by extension 'ros'
[1.247s] Level 1:colcon.colcon_core.package_identification:_identify(ros2_basic/ros2_basic) by extensions ['cmake', 'python']
[1.247s] Level 1:colcon.colcon_core.package_identification:_identify(ros2_basic/ros2_basic) by extension 'cmake'
[1.247s] Level 1:colcon.colcon_core.package_identification:_identify(ros2_basic/ros2_basic) by extension 'python'
[1.247s] Level 1:colcon.colcon_core.package_identification:_identify(ros2_basic/ros2_basic) by extensions ['python_setup_py']
[1.247s] Level 1:colcon.colcon_core.package_identification:_identify(ros2_basic/ros2_basic) by extension 'python_setup_py'
[1.248s] Level 1:colcon.colcon_core.package_identification:_identify(ros2_basic/ros2_basic/pc) by extensions ['ignore', 'ignore_ament_install']
[1.248s] Level 1:colcon.colcon_core.package_identification:_identify(ros2_basic/ros2_basic/pc) by extension 'ignore'
[1.248s] Level 1:colcon.colcon_core.package_identification:_identify(ros2_basic/ros2_basic/pc) by extension 'ignore_ament_install'
[1.248s] Level 1:colcon.colcon_core.package_identification:_identify(ros2_basic/ros2_basic/pc) by extensions ['colcon_pkg']
[1.248s] Level 1:colcon.colcon_core.package_identification:_identify(ros2_basic/ros2_basic/pc) by extension 'colcon_pkg'
[1.248s] Level 1:colcon.colcon_core.package_identification:_identify(ros2_basic/ros2_basic/pc) by extensions ['colcon_meta']
[1.248s] Level 1:colcon.colcon_core.package_identification:_identify(ros2_basic/ros2_basic/pc) by extension 'colcon_meta'
[1.249s] Level 1:colcon.colcon_core.package_identification:_identify(ros2_basic/ros2_basic/pc) by extensions ['ros']
[1.249s] Level 1:colcon.colcon_core.package_identification:_identify(ros2_basic/ros2_basic/pc) by extension 'ros'
[1.249s] Level 1:colcon.colcon_core.package_identification:_identify(ros2_basic/ros2_basic/pc) by extensions ['cmake', 'python']
[1.249s] Level 1:colcon.colcon_core.package_identification:_identify(ros2_basic/ros2_basic/pc) by extension 'cmake'
[1.249s] Level 1:colcon.colcon_core.package_identification:_identify(ros2_basic/ros2_basic/pc) by extension 'python'
[1.249s] Level 1:colcon.colcon_core.package_identification:_identify(ros2_basic/ros2_basic/pc) by extensions ['python_setup_py']
[1.249s] Level 1:colcon.colcon_core.package_identification:_identify(ros2_basic/ros2_basic/pc) by extension 'python_setup_py'
[1.250s] Level 1:colcon.colcon_core.package_identification:_identify(ros2_basic/ros2_basic/pc/chap2) by extensions ['ignore', 'ignore_ament_install']
[1.250s] Level 1:colcon.colcon_core.package_identification:_identify(ros2_basic/ros2_basic/pc/chap2) by extension 'ignore'
[1.250s] Level 1:colcon.colcon_core.package_identification:_identify(ros2_basic/ros2_basic/pc/chap2) by extension 'ignore_ament_install'
[1.250s] Level 1:colcon.colcon_core.package_identification:_identify(ros2_basic/ros2_basic/pc/chap2) by extensions ['colcon_pkg']
[1.250s] Level 1:colcon.colcon_core.package_identification:_identify(ros2_basic/ros2_basic/pc/chap2) by extension 'colcon_pkg'
[1.250s] Level 1:colcon.colcon_core.package_identification:_identify(ros2_basic/ros2_basic/pc/chap2) by extensions ['colcon_meta']
[1.250s] Level 1:colcon.colcon_core.package_identification:_identify(ros2_basic/ros2_basic/pc/chap2) by extension 'colcon_meta'
[1.250s] Level 1:colcon.colcon_core.package_identification:_identify(ros2_basic/ros2_basic/pc/chap2) by extensions ['ros']
[1.250s] Level 1:colcon.colcon_core.package_identification:_identify(ros2_basic/ros2_basic/pc/chap2) by extension 'ros'
[1.251s] Level 1:colcon.colcon_core.package_identification:_identify(ros2_basic/ros2_basic/pc/chap2) by extensions ['cmake', 'python']
[1.251s] Level 1:colcon.colcon_core.package_identification:_identify(ros2_basic/ros2_basic/pc/chap2) by extension 'cmake'
[1.251s] Level 1:colcon.colcon_core.package_identification:_identify(ros2_basic/ros2_basic/pc/chap2) by extension 'python'
[1.251s] Level 1:colcon.colcon_core.package_identification:_identify(ros2_basic/ros2_basic/pc/chap2) by extensions ['python_setup_py']
[1.251s] Level 1:colcon.colcon_core.package_identification:_identify(ros2_basic/ros2_basic/pc/chap2) by extension 'python_setup_py'
[1.251s] Level 1:colcon.colcon_core.package_identification:_identify(ros2_basic/ros2_basic/pc/chap5) by extensions ['ignore', 'ignore_ament_install']
[1.252s] Level 1:colcon.colcon_core.package_identification:_identify(ros2_basic/ros2_basic/pc/chap5) by extension 'ignore'
[1.252s] Level 1:colcon.colcon_core.package_identification:_identify(ros2_basic/ros2_basic/pc/chap5) by extension 'ignore_ament_install'
[1.252s] Level 1:colcon.colcon_core.package_identification:_identify(ros2_basic/ros2_basic/pc/chap5) by extensions ['colcon_pkg']
[1.252s] Level 1:colcon.colcon_core.package_identification:_identify(ros2_basic/ros2_basic/pc/chap5) by extension 'colcon_pkg'
[1.252s] Level 1:colcon.colcon_core.package_identification:_identify(ros2_basic/ros2_basic/pc/chap5) by extensions ['colcon_meta']
[1.252s] Level 1:colcon.colcon_core.package_identification:_identify(ros2_basic/ros2_basic/pc/chap5) by extension 'colcon_meta'
[1.252s] Level 1:colcon.colcon_core.package_identification:_identify(ros2_basic/ros2_basic/pc/chap5) by extensions ['ros']
[1.252s] Level 1:colcon.colcon_core.package_identification:_identify(ros2_basic/ros2_basic/pc/chap5) by extension 'ros'
[1.252s] Level 1:colcon.colcon_core.package_identification:_identify(ros2_basic/ros2_basic/pc/chap5) by extensions ['cmake', 'python']
[1.253s] Level 1:colcon.colcon_core.package_identification:_identify(ros2_basic/ros2_basic/pc/chap5) by extension 'cmake'
[1.253s] Level 1:colcon.colcon_core.package_identification:_identify(ros2_basic/ros2_basic/pc/chap5) by extension 'python'
[1.253s] Level 1:colcon.colcon_core.package_identification:_identify(ros2_basic/ros2_basic/pc/chap5) by extensions ['python_setup_py']
[1.253s] Level 1:colcon.colcon_core.package_identification:_identify(ros2_basic/ros2_basic/pc/chap5) by extension 'python_setup_py'
[1.253s] Level 1:colcon.colcon_core.package_identification:_identify(ros2_basic/ros2_basic/pc/chap6) by extensions ['ignore', 'ignore_ament_install']
[1.253s] Level 1:colcon.colcon_core.package_identification:_identify(ros2_basic/ros2_basic/pc/chap6) by extension 'ignore'
[1.253s] Level 1:colcon.colcon_core.package_identification:_identify(ros2_basic/ros2_basic/pc/chap6) by extension 'ignore_ament_install'
[1.253s] Level 1:colcon.colcon_core.package_identification:_identify(ros2_basic/ros2_basic/pc/chap6) by extensions ['colcon_pkg']
[1.254s] Level 1:colcon.colcon_core.package_identification:_identify(ros2_basic/ros2_basic/pc/chap6) by extension 'colcon_pkg'
[1.254s] Level 1:colcon.colcon_core.package_identification:_identify(ros2_basic/ros2_basic/pc/chap6) by extensions ['colcon_meta']
[1.254s] Level 1:colcon.colcon_core.package_identification:_identify(ros2_basic/ros2_basic/pc/chap6) by extension 'colcon_meta'
[1.254s] Level 1:colcon.colcon_core.package_identification:_identify(ros2_basic/ros2_basic/pc/chap6) by extensions ['ros']
[1.254s] Level 1:colcon.colcon_core.package_identification:_identify(ros2_basic/ros2_basic/pc/chap6) by extension 'ros'
[1.254s] Level 1:colcon.colcon_core.package_identification:_identify(ros2_basic/ros2_basic/pc/chap6) by extensions ['cmake', 'python']
[1.254s] Level 1:colcon.colcon_core.package_identification:_identify(ros2_basic/ros2_basic/pc/chap6) by extension 'cmake'
[1.254s] Level 1:colcon.colcon_core.package_identification:_identify(ros2_basic/ros2_basic/pc/chap6) by extension 'python'
[1.254s] Level 1:colcon.colcon_core.package_identification:_identify(ros2_basic/ros2_basic/pc/chap6) by extensions ['python_setup_py']
[1.255s] Level 1:colcon.colcon_core.package_identification:_identify(ros2_basic/ros2_basic/pc/chap6) by extension 'python_setup_py'
[1.255s] Level 1:colcon.colcon_core.package_identification:_identify(ros2_basic/ros2_basic/raspi) by extensions ['ignore', 'ignore_ament_install']
[1.255s] Level 1:colcon.colcon_core.package_identification:_identify(ros2_basic/ros2_basic/raspi) by extension 'ignore'
[1.255s] Level 1:colcon.colcon_core.package_identification:_identify(ros2_basic/ros2_basic/raspi) by extension 'ignore_ament_install'
[1.255s] Level 1:colcon.colcon_core.package_identification:_identify(ros2_basic/ros2_basic/raspi) by extensions ['colcon_pkg']
[1.255s] Level 1:colcon.colcon_core.package_identification:_identify(ros2_basic/ros2_basic/raspi) by extension 'colcon_pkg'
[1.255s] Level 1:colcon.colcon_core.package_identification:_identify(ros2_basic/ros2_basic/raspi) by extensions ['colcon_meta']
[1.256s] Level 1:colcon.colcon_core.package_identification:_identify(ros2_basic/ros2_basic/raspi) by extension 'colcon_meta'
[1.256s] Level 1:colcon.colcon_core.package_identification:_identify(ros2_basic/ros2_basic/raspi) by extensions ['ros']
[1.256s] Level 1:colcon.colcon_core.package_identification:_identify(ros2_basic/ros2_basic/raspi) by extension 'ros'
[1.256s] Level 1:colcon.colcon_core.package_identification:_identify(ros2_basic/ros2_basic/raspi) by extensions ['cmake', 'python']
[1.256s] Level 1:colcon.colcon_core.package_identification:_identify(ros2_basic/ros2_basic/raspi) by extension 'cmake'
[1.256s] Level 1:colcon.colcon_core.package_identification:_identify(ros2_basic/ros2_basic/raspi) by extension 'python'
[1.256s] Level 1:colcon.colcon_core.package_identification:_identify(ros2_basic/ros2_basic/raspi) by extensions ['python_setup_py']
[1.256s] Level 1:colcon.colcon_core.package_identification:_identify(ros2_basic/ros2_basic/raspi) by extension 'python_setup_py'
[1.257s] Level 1:colcon.colcon_core.package_identification:_identify(ros2_basic/ros2_basic/raspi/chap3) by extensions ['ignore', 'ignore_ament_install']
[1.257s] Level 1:colcon.colcon_core.package_identification:_identify(ros2_basic/ros2_basic/raspi/chap3) by extension 'ignore'
[1.257s] Level 1:colcon.colcon_core.package_identification:_identify(ros2_basic/ros2_basic/raspi/chap3) by extension 'ignore_ament_install'
[1.257s] Level 1:colcon.colcon_core.package_identification:_identify(ros2_basic/ros2_basic/raspi/chap3) by extensions ['colcon_pkg']
[1.258s] Level 1:colcon.colcon_core.package_identification:_identify(ros2_basic/ros2_basic/raspi/chap3) by extension 'colcon_pkg'
[1.258s] Level 1:colcon.colcon_core.package_identification:_identify(ros2_basic/ros2_basic/raspi/chap3) by extensions ['colcon_meta']
[1.258s] Level 1:colcon.colcon_core.package_identification:_identify(ros2_basic/ros2_basic/raspi/chap3) by extension 'colcon_meta'
[1.258s] Level 1:colcon.colcon_core.package_identification:_identify(ros2_basic/ros2_basic/raspi/chap3) by extensions ['ros']
[1.258s] Level 1:colcon.colcon_core.package_identification:_identify(ros2_basic/ros2_basic/raspi/chap3) by extension 'ros'
[1.258s] Level 1:colcon.colcon_core.package_identification:_identify(ros2_basic/ros2_basic/raspi/chap3) by extensions ['cmake', 'python']
[1.258s] Level 1:colcon.colcon_core.package_identification:_identify(ros2_basic/ros2_basic/raspi/chap3) by extension 'cmake'
[1.258s] Level 1:colcon.colcon_core.package_identification:_identify(ros2_basic/ros2_basic/raspi/chap3) by extension 'python'
[1.258s] Level 1:colcon.colcon_core.package_identification:_identify(ros2_basic/ros2_basic/raspi/chap3) by extensions ['python_setup_py']
[1.258s] Level 1:colcon.colcon_core.package_identification:_identify(ros2_basic/ros2_basic/raspi/chap3) by extension 'python_setup_py'
[1.259s] Level 1:colcon.colcon_core.package_identification:_identify(ros2_basic/ros2_basic/raspi/chap4) by extensions ['ignore', 'ignore_ament_install']
[1.259s] Level 1:colcon.colcon_core.package_identification:_identify(ros2_basic/ros2_basic/raspi/chap4) by extension 'ignore'
[1.259s] Level 1:colcon.colcon_core.package_identification:_identify(ros2_basic/ros2_basic/raspi/chap4) by extension 'ignore_ament_install'
[1.259s] Level 1:colcon.colcon_core.package_identification:_identify(ros2_basic/ros2_basic/raspi/chap4) by extensions ['colcon_pkg']
[1.259s] Level 1:colcon.colcon_core.package_identification:_identify(ros2_basic/ros2_basic/raspi/chap4) by extension 'colcon_pkg'
[1.260s] Level 1:colcon.colcon_core.package_identification:_identify(ros2_basic/ros2_basic/raspi/chap4) by extensions ['colcon_meta']
[1.260s] Level 1:colcon.colcon_core.package_identification:_identify(ros2_basic/ros2_basic/raspi/chap4) by extension 'colcon_meta'
[1.260s] Level 1:colcon.colcon_core.package_identification:_identify(ros2_basic/ros2_basic/raspi/chap4) by extensions ['ros']
[1.260s] Level 1:colcon.colcon_core.package_identification:_identify(ros2_basic/ros2_basic/raspi/chap4) by extension 'ros'
[1.260s] Level 1:colcon.colcon_core.package_identification:_identify(ros2_basic/ros2_basic/raspi/chap4) by extensions ['cmake', 'python']
[1.260s] Level 1:colcon.colcon_core.package_identification:_identify(ros2_basic/ros2_basic/raspi/chap4) by extension 'cmake'
[1.260s] Level 1:colcon.colcon_core.package_identification:_identify(ros2_basic/ros2_basic/raspi/chap4) by extension 'python'
[1.260s] Level 1:colcon.colcon_core.package_identification:_identify(ros2_basic/ros2_basic/raspi/chap4) by extensions ['python_setup_py']
[1.260s] Level 1:colcon.colcon_core.package_identification:_identify(ros2_basic/ros2_basic/raspi/chap4) by extension 'python_setup_py'
[1.261s] Level 1:colcon.colcon_core.package_identification:_identify(ros2_basic/ros2_basic/raspi/chap5) by extensions ['ignore', 'ignore_ament_install']
[1.261s] Level 1:colcon.colcon_core.package_identification:_identify(ros2_basic/ros2_basic/raspi/chap5) by extension 'ignore'
[1.261s] Level 1:colcon.colcon_core.package_identification:_identify(ros2_basic/ros2_basic/raspi/chap5) by extension 'ignore_ament_install'
[1.261s] Level 1:colcon.colcon_core.package_identification:_identify(ros2_basic/ros2_basic/raspi/chap5) by extensions ['colcon_pkg']
[1.261s] Level 1:colcon.colcon_core.package_identification:_identify(ros2_basic/ros2_basic/raspi/chap5) by extension 'colcon_pkg'
[1.261s] Level 1:colcon.colcon_core.package_identification:_identify(ros2_basic/ros2_basic/raspi/chap5) by extensions ['colcon_meta']
[1.262s] Level 1:colcon.colcon_core.package_identification:_identify(ros2_basic/ros2_basic/raspi/chap5) by extension 'colcon_meta'
[1.262s] Level 1:colcon.colcon_core.package_identification:_identify(ros2_basic/ros2_basic/raspi/chap5) by extensions ['ros']
[1.262s] Level 1:colcon.colcon_core.package_identification:_identify(ros2_basic/ros2_basic/raspi/chap5) by extension 'ros'
[1.262s] Level 1:colcon.colcon_core.package_identification:_identify(ros2_basic/ros2_basic/raspi/chap5) by extensions ['cmake', 'python']
[1.262s] Level 1:colcon.colcon_core.package_identification:_identify(ros2_basic/ros2_basic/raspi/chap5) by extension 'cmake'
[1.262s] Level 1:colcon.colcon_core.package_identification:_identify(ros2_basic/ros2_basic/raspi/chap5) by extension 'python'
[1.262s] Level 1:colcon.colcon_core.package_identification:_identify(ros2_basic/ros2_basic/raspi/chap5) by extensions ['python_setup_py']
[1.262s] Level 1:colcon.colcon_core.package_identification:_identify(ros2_basic/ros2_basic/raspi/chap5) by extension 'python_setup_py'
[1.263s] Level 1:colcon.colcon_core.package_identification:_identify(ros2_basic/ros2_basic/raspi/chap6) by extensions ['ignore', 'ignore_ament_install']
[1.263s] Level 1:colcon.colcon_core.package_identification:_identify(ros2_basic/ros2_basic/raspi/chap6) by extension 'ignore'
[1.263s] Level 1:colcon.colcon_core.package_identification:_identify(ros2_basic/ros2_basic/raspi/chap6) by extension 'ignore_ament_install'
[1.263s] Level 1:colcon.colcon_core.package_identification:_identify(ros2_basic/ros2_basic/raspi/chap6) by extensions ['colcon_pkg']
[1.263s] Level 1:colcon.colcon_core.package_identification:_identify(ros2_basic/ros2_basic/raspi/chap6) by extension 'colcon_pkg'
[1.263s] Level 1:colcon.colcon_core.package_identification:_identify(ros2_basic/ros2_basic/raspi/chap6) by extensions ['colcon_meta']
[1.263s] Level 1:colcon.colcon_core.package_identification:_identify(ros2_basic/ros2_basic/raspi/chap6) by extension 'colcon_meta'
[1.263s] Level 1:colcon.colcon_core.package_identification:_identify(ros2_basic/ros2_basic/raspi/chap6) by extensions ['ros']
[1.263s] Level 1:colcon.colcon_core.package_identification:_identify(ros2_basic/ros2_basic/raspi/chap6) by extension 'ros'
[1.264s] Level 1:colcon.colcon_core.package_identification:_identify(ros2_basic/ros2_basic/raspi/chap6) by extensions ['cmake', 'python']
[1.264s] Level 1:colcon.colcon_core.package_identification:_identify(ros2_basic/ros2_basic/raspi/chap6) by extension 'cmake'
[1.264s] Level 1:colcon.colcon_core.package_identification:_identify(ros2_basic/ros2_basic/raspi/chap6) by extension 'python'
[1.264s] Level 1:colcon.colcon_core.package_identification:_identify(ros2_basic/ros2_basic/raspi/chap6) by extensions ['python_setup_py']
[1.264s] Level 1:colcon.colcon_core.package_identification:_identify(ros2_basic/ros2_basic/raspi/chap6) by extension 'python_setup_py'
[1.264s] Level 1:colcon.colcon_core.package_identification:_identify(src) by extensions ['ignore', 'ignore_ament_install']
[1.264s] Level 1:colcon.colcon_core.package_identification:_identify(src) by extension 'ignore'
[1.265s] Level 1:colcon.colcon_core.package_identification:_identify(src) by extension 'ignore_ament_install'
[1.265s] Level 1:colcon.colcon_core.package_identification:_identify(src) by extensions ['colcon_pkg']
[1.265s] Level 1:colcon.colcon_core.package_identification:_identify(src) by extension 'colcon_pkg'
[1.265s] Level 1:colcon.colcon_core.package_identification:_identify(src) by extensions ['colcon_meta']
[1.265s] Level 1:colcon.colcon_core.package_identification:_identify(src) by extension 'colcon_meta'
[1.265s] Level 1:colcon.colcon_core.package_identification:_identify(src) by extensions ['ros']
[1.265s] Level 1:colcon.colcon_core.package_identification:_identify(src) by extension 'ros'
[1.265s] Level 1:colcon.colcon_core.package_identification:_identify(src) by extensions ['cmake', 'python']
[1.265s] Level 1:colcon.colcon_core.package_identification:_identify(src) by extension 'cmake'
[1.265s] Level 1:colcon.colcon_core.package_identification:_identify(src) by extension 'python'
[1.266s] Level 1:colcon.colcon_core.package_identification:_identify(src) by extensions ['python_setup_py']
[1.266s] Level 1:colcon.colcon_core.package_identification:_identify(src) by extension 'python_setup_py'
[1.266s] Level 1:colcon.colcon_core.package_identification:_identify(src/ros2_basic) by extensions ['ignore', 'ignore_ament_install']
[1.266s] Level 1:colcon.colcon_core.package_identification:_identify(src/ros2_basic) by extension 'ignore'
[1.266s] Level 1:colcon.colcon_core.package_identification:_identify(src/ros2_basic) by extension 'ignore_ament_install'
[1.266s] Level 1:colcon.colcon_core.package_identification:_identify(src/ros2_basic) by extensions ['colcon_pkg']
[1.266s] Level 1:colcon.colcon_core.package_identification:_identify(src/ros2_basic) by extension 'colcon_pkg'
[1.267s] Level 1:colcon.colcon_core.package_identification:_identify(src/ros2_basic) by extensions ['colcon_meta']
[1.267s] Level 1:colcon.colcon_core.package_identification:_identify(src/ros2_basic) by extension 'colcon_meta'
[1.267s] Level 1:colcon.colcon_core.package_identification:_identify(src/ros2_basic) by extensions ['ros']
[1.267s] Level 1:colcon.colcon_core.package_identification:_identify(src/ros2_basic) by extension 'ros'
[1.267s] Level 1:colcon.colcon_core.package_identification:_identify(src/ros2_basic) by extensions ['cmake', 'python']
[1.267s] Level 1:colcon.colcon_core.package_identification:_identify(src/ros2_basic) by extension 'cmake'
[1.267s] Level 1:colcon.colcon_core.package_identification:_identify(src/ros2_basic) by extension 'python'
[1.267s] Level 1:colcon.colcon_core.package_identification:_identify(src/ros2_basic) by extensions ['python_setup_py']
[1.267s] Level 1:colcon.colcon_core.package_identification:_identify(src/ros2_basic) by extension 'python_setup_py'
[1.268s] Level 1:colcon.colcon_core.package_identification:_identify(src/ros2_basic/ros2_basic) by extensions ['ignore', 'ignore_ament_install']
[1.268s] Level 1:colcon.colcon_core.package_identification:_identify(src/ros2_basic/ros2_basic) by extension 'ignore'
[1.268s] Level 1:colcon.colcon_core.package_identification:_identify(src/ros2_basic/ros2_basic) by extension 'ignore_ament_install'
[1.268s] Level 1:colcon.colcon_core.package_identification:_identify(src/ros2_basic/ros2_basic) by extensions ['colcon_pkg']
[1.268s] Level 1:colcon.colcon_core.package_identification:_identify(src/ros2_basic/ros2_basic) by extension 'colcon_pkg'
[1.268s] Level 1:colcon.colcon_core.package_identification:_identify(src/ros2_basic/ros2_basic) by extensions ['colcon_meta']
[1.268s] Level 1:colcon.colcon_core.package_identification:_identify(src/ros2_basic/ros2_basic) by extension 'colcon_meta'
[1.268s] Level 1:colcon.colcon_core.package_identification:_identify(src/ros2_basic/ros2_basic) by extensions ['ros']
[1.269s] Level 1:colcon.colcon_core.package_identification:_identify(src/ros2_basic/ros2_basic) by extension 'ros'
[1.269s] Level 1:colcon.colcon_core.package_identification:_identify(src/ros2_basic/ros2_basic) by extensions ['cmake', 'python']
[1.269s] Level 1:colcon.colcon_core.package_identification:_identify(src/ros2_basic/ros2_basic) by extension 'cmake'
[1.269s] Level 1:colcon.colcon_core.package_identification:_identify(src/ros2_basic/ros2_basic) by extension 'python'
[1.269s] Level 1:colcon.colcon_core.package_identification:_identify(src/ros2_basic/ros2_basic) by extensions ['python_setup_py']
[1.269s] Level 1:colcon.colcon_core.package_identification:_identify(src/ros2_basic/ros2_basic) by extension 'python_setup_py'
[1.269s] Level 1:colcon.colcon_core.package_identification:_identify(src/ros2_basic/ros2_basic/pc) by extensions ['ignore', 'ignore_ament_install']
[1.270s] Level 1:colcon.colcon_core.package_identification:_identify(src/ros2_basic/ros2_basic/pc) by extension 'ignore'
[1.270s] Level 1:colcon.colcon_core.package_identification:_identify(src/ros2_basic/ros2_basic/pc) by extension 'ignore_ament_install'
[1.270s] Level 1:colcon.colcon_core.package_identification:_identify(src/ros2_basic/ros2_basic/pc) by extensions ['colcon_pkg']
[1.270s] Level 1:colcon.colcon_core.package_identification:_identify(src/ros2_basic/ros2_basic/pc) by extension 'colcon_pkg'
[1.270s] Level 1:colcon.colcon_core.package_identification:_identify(src/ros2_basic/ros2_basic/pc) by extensions ['colcon_meta']
[1.270s] Level 1:colcon.colcon_core.package_identification:_identify(src/ros2_basic/ros2_basic/pc) by extension 'colcon_meta'
[1.270s] Level 1:colcon.colcon_core.package_identification:_identify(src/ros2_basic/ros2_basic/pc) by extensions ['ros']
[1.270s] Level 1:colcon.colcon_core.package_identification:_identify(src/ros2_basic/ros2_basic/pc) by extension 'ros'
[1.271s] Level 1:colcon.colcon_core.package_identification:_identify(src/ros2_basic/ros2_basic/pc) by extensions ['cmake', 'python']
[1.271s] Level 1:colcon.colcon_core.package_identification:_identify(src/ros2_basic/ros2_basic/pc) by extension 'cmake'
[1.271s] Level 1:colcon.colcon_core.package_identification:_identify(src/ros2_basic/ros2_basic/pc) by extension 'python'
[1.271s] Level 1:colcon.colcon_core.package_identification:_identify(src/ros2_basic/ros2_basic/pc) by extensions ['python_setup_py']
[1.271s] Level 1:colcon.colcon_core.package_identification:_identify(src/ros2_basic/ros2_basic/pc) by extension 'python_setup_py'
[1.271s] Level 1:colcon.colcon_core.package_identification:_identify(src/ros2_basic/ros2_basic/pc/chap2) by extensions ['ignore', 'ignore_ament_install']
[1.271s] Level 1:colcon.colcon_core.package_identification:_identify(src/ros2_basic/ros2_basic/pc/chap2) by extension 'ignore'
[1.272s] Level 1:colcon.colcon_core.package_identification:_identify(src/ros2_basic/ros2_basic/pc/chap2) by extension 'ignore_ament_install'
[1.272s] Level 1:colcon.colcon_core.package_identification:_identify(src/ros2_basic/ros2_basic/pc/chap2) by extensions ['colcon_pkg']
[1.272s] Level 1:colcon.colcon_core.package_identification:_identify(src/ros2_basic/ros2_basic/pc/chap2) by extension 'colcon_pkg'
[1.272s] Level 1:colcon.colcon_core.package_identification:_identify(src/ros2_basic/ros2_basic/pc/chap2) by extensions ['colcon_meta']
[1.272s] Level 1:colcon.colcon_core.package_identification:_identify(src/ros2_basic/ros2_basic/pc/chap2) by extension 'colcon_meta'
[1.273s] Level 1:colcon.colcon_core.package_identification:_identify(src/ros2_basic/ros2_basic/pc/chap2) by extensions ['ros']
[1.273s] Level 1:colcon.colcon_core.package_identification:_identify(src/ros2_basic/ros2_basic/pc/chap2) by extension 'ros'
[1.273s] Level 1:colcon.colcon_core.package_identification:_identify(src/ros2_basic/ros2_basic/pc/chap2) by extensions ['cmake', 'python']
[1.273s] Level 1:colcon.colcon_core.package_identification:_identify(src/ros2_basic/ros2_basic/pc/chap2) by extension 'cmake'
[1.273s] Level 1:colcon.colcon_core.package_identification:_identify(src/ros2_basic/ros2_basic/pc/chap2) by extension 'python'
[1.273s] Level 1:colcon.colcon_core.package_identification:_identify(src/ros2_basic/ros2_basic/pc/chap2) by extensions ['python_setup_py']
[1.273s] Level 1:colcon.colcon_core.package_identification:_identify(src/ros2_basic/ros2_basic/pc/chap2) by extension 'python_setup_py'
[1.274s] Level 1:colcon.colcon_core.package_identification:_identify(src/ros2_basic/ros2_basic/pc/chap5) by extensions ['ignore', 'ignore_ament_install']
[1.274s] Level 1:colcon.colcon_core.package_identification:_identify(src/ros2_basic/ros2_basic/pc/chap5) by extension 'ignore'
[1.274s] Level 1:colcon.colcon_core.package_identification:_identify(src/ros2_basic/ros2_basic/pc/chap5) by extension 'ignore_ament_install'
[1.274s] Level 1:colcon.colcon_core.package_identification:_identify(src/ros2_basic/ros2_basic/pc/chap5) by extensions ['colcon_pkg']
[1.275s] Level 1:colcon.colcon_core.package_identification:_identify(src/ros2_basic/ros2_basic/pc/chap5) by extension 'colcon_pkg'
[1.275s] Level 1:colcon.colcon_core.package_identification:_identify(src/ros2_basic/ros2_basic/pc/chap5) by extensions ['colcon_meta']
[1.275s] Level 1:colcon.colcon_core.package_identification:_identify(src/ros2_basic/ros2_basic/pc/chap5) by extension 'colcon_meta'
[1.275s] Level 1:colcon.colcon_core.package_identification:_identify(src/ros2_basic/ros2_basic/pc/chap5) by extensions ['ros']
[1.275s] Level 1:colcon.colcon_core.package_identification:_identify(src/ros2_basic/ros2_basic/pc/chap5) by extension 'ros'
[1.275s] Level 1:colcon.colcon_core.package_identification:_identify(src/ros2_basic/ros2_basic/pc/chap5) by extensions ['cmake', 'python']
[1.275s] Level 1:colcon.colcon_core.package_identification:_identify(src/ros2_basic/ros2_basic/pc/chap5) by extension 'cmake'
[1.276s] Level 1:colcon.colcon_core.package_identification:_identify(src/ros2_basic/ros2_basic/pc/chap5) by extension 'python'
[1.276s] Level 1:colcon.colcon_core.package_identification:_identify(src/ros2_basic/ros2_basic/pc/chap5) by extensions ['python_setup_py']
[1.276s] Level 1:colcon.colcon_core.package_identification:_identify(src/ros2_basic/ros2_basic/pc/chap5) by extension 'python_setup_py'
[1.276s] Level 1:colcon.colcon_core.package_identification:_identify(src/ros2_basic/ros2_basic/pc/chap6) by extensions ['ignore', 'ignore_ament_install']
[1.276s] Level 1:colcon.colcon_core.package_identification:_identify(src/ros2_basic/ros2_basic/pc/chap6) by extension 'ignore'
[1.276s] Level 1:colcon.colcon_core.package_identification:_identify(src/ros2_basic/ros2_basic/pc/chap6) by extension 'ignore_ament_install'
[1.277s] Level 1:colcon.colcon_core.package_identification:_identify(src/ros2_basic/ros2_basic/pc/chap6) by extensions ['colcon_pkg']
[1.277s] Level 1:colcon.colcon_core.package_identification:_identify(src/ros2_basic/ros2_basic/pc/chap6) by extension 'colcon_pkg'
[1.277s] Level 1:colcon.colcon_core.package_identification:_identify(src/ros2_basic/ros2_basic/pc/chap6) by extensions ['colcon_meta']
[1.277s] Level 1:colcon.colcon_core.package_identification:_identify(src/ros2_basic/ros2_basic/pc/chap6) by extension 'colcon_meta'
[1.277s] Level 1:colcon.colcon_core.package_identification:_identify(src/ros2_basic/ros2_basic/pc/chap6) by extensions ['ros']
[1.277s] Level 1:colcon.colcon_core.package_identification:_identify(src/ros2_basic/ros2_basic/pc/chap6) by extension 'ros'
[1.277s] Level 1:colcon.colcon_core.package_identification:_identify(src/ros2_basic/ros2_basic/pc/chap6) by extensions ['cmake', 'python']
[1.277s] Level 1:colcon.colcon_core.package_identification:_identify(src/ros2_basic/ros2_basic/pc/chap6) by extension 'cmake'
[1.277s] Level 1:colcon.colcon_core.package_identification:_identify(src/ros2_basic/ros2_basic/pc/chap6) by extension 'python'
[1.277s] Level 1:colcon.colcon_core.package_identification:_identify(src/ros2_basic/ros2_basic/pc/chap6) by extensions ['python_setup_py']
[1.278s] Level 1:colcon.colcon_core.package_identification:_identify(src/ros2_basic/ros2_basic/pc/chap6) by extension 'python_setup_py'
[1.278s] Level 1:colcon.colcon_core.package_identification:_identify(src/ros2_basic/ros2_basic/raspi) by extensions ['ignore', 'ignore_ament_install']
[1.278s] Level 1:colcon.colcon_core.package_identification:_identify(src/ros2_basic/ros2_basic/raspi) by extension 'ignore'
[1.278s] Level 1:colcon.colcon_core.package_identification:_identify(src/ros2_basic/ros2_basic/raspi) by extension 'ignore_ament_install'
[1.278s] Level 1:colcon.colcon_core.package_identification:_identify(src/ros2_basic/ros2_basic/raspi) by extensions ['colcon_pkg']
[1.279s] Level 1:colcon.colcon_core.package_identification:_identify(src/ros2_basic/ros2_basic/raspi) by extension 'colcon_pkg'
[1.279s] Level 1:colcon.colcon_core.package_identification:_identify(src/ros2_basic/ros2_basic/raspi) by extensions ['colcon_meta']
[1.279s] Level 1:colcon.colcon_core.package_identification:_identify(src/ros2_basic/ros2_basic/raspi) by extension 'colcon_meta'
[1.279s] Level 1:colcon.colcon_core.package_identification:_identify(src/ros2_basic/ros2_basic/raspi) by extensions ['ros']
[1.279s] Level 1:colcon.colcon_core.package_identification:_identify(src/ros2_basic/ros2_basic/raspi) by extension 'ros'
[1.279s] Level 1:colcon.colcon_core.package_identification:_identify(src/ros2_basic/ros2_basic/raspi) by extensions ['cmake', 'python']
[1.279s] Level 1:colcon.colcon_core.package_identification:_identify(src/ros2_basic/ros2_basic/raspi) by extension 'cmake'
[1.280s] Level 1:colcon.colcon_core.package_identification:_identify(src/ros2_basic/ros2_basic/raspi) by extension 'python'
[1.280s] Level 1:colcon.colcon_core.package_identification:_identify(src/ros2_basic/ros2_basic/raspi) by extensions ['python_setup_py']
[1.280s] Level 1:colcon.colcon_core.package_identification:_identify(src/ros2_basic/ros2_basic/raspi) by extension 'python_setup_py'
[1.280s] Level 1:colcon.colcon_core.package_identification:_identify(src/ros2_basic/ros2_basic/raspi/chap3) by extensions ['ignore', 'ignore_ament_install']
[1.280s] Level 1:colcon.colcon_core.package_identification:_identify(src/ros2_basic/ros2_basic/raspi/chap3) by extension 'ignore'
[1.280s] Level 1:colcon.colcon_core.package_identification:_identify(src/ros2_basic/ros2_basic/raspi/chap3) by extension 'ignore_ament_install'
[1.281s] Level 1:colcon.colcon_core.package_identification:_identify(src/ros2_basic/ros2_basic/raspi/chap3) by extensions ['colcon_pkg']
[1.281s] Level 1:colcon.colcon_core.package_identification:_identify(src/ros2_basic/ros2_basic/raspi/chap3) by extension 'colcon_pkg'
[1.281s] Level 1:colcon.colcon_core.package_identification:_identify(src/ros2_basic/ros2_basic/raspi/chap3) by extensions ['colcon_meta']
[1.281s] Level 1:colcon.colcon_core.package_identification:_identify(src/ros2_basic/ros2_basic/raspi/chap3) by extension 'colcon_meta'
[1.281s] Level 1:colcon.colcon_core.package_identification:_identify(src/ros2_basic/ros2_basic/raspi/chap3) by extensions ['ros']
[1.281s] Level 1:colcon.colcon_core.package_identification:_identify(src/ros2_basic/ros2_basic/raspi/chap3) by extension 'ros'
[1.281s] Level 1:colcon.colcon_core.package_identification:_identify(src/ros2_basic/ros2_basic/raspi/chap3) by extensions ['cmake', 'python']
[1.282s] Level 1:colcon.colcon_core.package_identification:_identify(src/ros2_basic/ros2_basic/raspi/chap3) by extension 'cmake'
[1.282s] Level 1:colcon.colcon_core.package_identification:_identify(src/ros2_basic/ros2_basic/raspi/chap3) by extension 'python'
[1.282s] Level 1:colcon.colcon_core.package_identification:_identify(src/ros2_basic/ros2_basic/raspi/chap3) by extensions ['python_setup_py']
[1.282s] Level 1:colcon.colcon_core.package_identification:_identify(src/ros2_basic/ros2_basic/raspi/chap3) by extension 'python_setup_py'
[1.282s] Level 1:colcon.colcon_core.package_identification:_identify(src/ros2_basic/ros2_basic/raspi/chap4) by extensions ['ignore', 'ignore_ament_install']
[1.283s] Level 1:colcon.colcon_core.package_identification:_identify(src/ros2_basic/ros2_basic/raspi/chap4) by extension 'ignore'
[1.283s] Level 1:colcon.colcon_core.package_identification:_identify(src/ros2_basic/ros2_basic/raspi/chap4) by extension 'ignore_ament_install'
[1.283s] Level 1:colcon.colcon_core.package_identification:_identify(src/ros2_basic/ros2_basic/raspi/chap4) by extensions ['colcon_pkg']
[1.283s] Level 1:colcon.colcon_core.package_identification:_identify(src/ros2_basic/ros2_basic/raspi/chap4) by extension 'colcon_pkg'
[1.283s] Level 1:colcon.colcon_core.package_identification:_identify(src/ros2_basic/ros2_basic/raspi/chap4) by extensions ['colcon_meta']
[1.283s] Level 1:colcon.colcon_core.package_identification:_identify(src/ros2_basic/ros2_basic/raspi/chap4) by extension 'colcon_meta'
[1.283s] Level 1:colcon.colcon_core.package_identification:_identify(src/ros2_basic/ros2_basic/raspi/chap4) by extensions ['ros']
[1.284s] Level 1:colcon.colcon_core.package_identification:_identify(src/ros2_basic/ros2_basic/raspi/chap4) by extension 'ros'
[1.284s] Level 1:colcon.colcon_core.package_identification:_identify(src/ros2_basic/ros2_basic/raspi/chap4) by extensions ['cmake', 'python']
[1.284s] Level 1:colcon.colcon_core.package_identification:_identify(src/ros2_basic/ros2_basic/raspi/chap4) by extension 'cmake'
[1.284s] Level 1:colcon.colcon_core.package_identification:_identify(src/ros2_basic/ros2_basic/raspi/chap4) by extension 'python'
[1.284s] Level 1:colcon.colcon_core.package_identification:_identify(src/ros2_basic/ros2_basic/raspi/chap4) by extensions ['python_setup_py']
[1.284s] Level 1:colcon.colcon_core.package_identification:_identify(src/ros2_basic/ros2_basic/raspi/chap4) by extension 'python_setup_py'
[1.284s] Level 1:colcon.colcon_core.package_identification:_identify(src/ros2_basic/ros2_basic/raspi/chap5) by extensions ['ignore', 'ignore_ament_install']
[1.285s] Level 1:colcon.colcon_core.package_identification:_identify(src/ros2_basic/ros2_basic/raspi/chap5) by extension 'ignore'
[1.285s] Level 1:colcon.colcon_core.package_identification:_identify(src/ros2_basic/ros2_basic/raspi/chap5) by extension 'ignore_ament_install'
[1.285s] Level 1:colcon.colcon_core.package_identification:_identify(src/ros2_basic/ros2_basic/raspi/chap5) by extensions ['colcon_pkg']
[1.285s] Level 1:colcon.colcon_core.package_identification:_identify(src/ros2_basic/ros2_basic/raspi/chap5) by extension 'colcon_pkg'
[1.285s] Level 1:colcon.colcon_core.package_identification:_identify(src/ros2_basic/ros2_basic/raspi/chap5) by extensions ['colcon_meta']
[1.285s] Level 1:colcon.colcon_core.package_identification:_identify(src/ros2_basic/ros2_basic/raspi/chap5) by extension 'colcon_meta'
[1.285s] Level 1:colcon.colcon_core.package_identification:_identify(src/ros2_basic/ros2_basic/raspi/chap5) by extensions ['ros']
[1.285s] Level 1:colcon.colcon_core.package_identification:_identify(src/ros2_basic/ros2_basic/raspi/chap5) by extension 'ros'
[1.285s] Level 1:colcon.colcon_core.package_identification:_identify(src/ros2_basic/ros2_basic/raspi/chap5) by extensions ['cmake', 'python']
[1.286s] Level 1:colcon.colcon_core.package_identification:_identify(src/ros2_basic/ros2_basic/raspi/chap5) by extension 'cmake'
[1.286s] Level 1:colcon.colcon_core.package_identification:_identify(src/ros2_basic/ros2_basic/raspi/chap5) by extension 'python'
[1.286s] Level 1:colcon.colcon_core.package_identification:_identify(src/ros2_basic/ros2_basic/raspi/chap5) by extensions ['python_setup_py']
[1.286s] Level 1:colcon.colcon_core.package_identification:_identify(src/ros2_basic/ros2_basic/raspi/chap5) by extension 'python_setup_py'
[1.286s] Level 1:colcon.colcon_core.package_identification:_identify(src/ros2_basic/ros2_basic/raspi/chap6) by extensions ['ignore', 'ignore_ament_install']
[1.286s] Level 1:colcon.colcon_core.package_identification:_identify(src/ros2_basic/ros2_basic/raspi/chap6) by extension 'ignore'
[1.286s] Level 1:colcon.colcon_core.package_identification:_identify(src/ros2_basic/ros2_basic/raspi/chap6) by extension 'ignore_ament_install'
[1.287s] Level 1:colcon.colcon_core.package_identification:_identify(src/ros2_basic/ros2_basic/raspi/chap6) by extensions ['colcon_pkg']
[1.287s] Level 1:colcon.colcon_core.package_identification:_identify(src/ros2_basic/ros2_basic/raspi/chap6) by extension 'colcon_pkg'
[1.287s] Level 1:colcon.colcon_core.package_identification:_identify(src/ros2_basic/ros2_basic/raspi/chap6) by extensions ['colcon_meta']
[1.287s] Level 1:colcon.colcon_core.package_identification:_identify(src/ros2_basic/ros2_basic/raspi/chap6) by extension 'colcon_meta'
[1.287s] Level 1:colcon.colcon_core.package_identification:_identify(src/ros2_basic/ros2_basic/raspi/chap6) by extensions ['ros']
[1.287s] Level 1:colcon.colcon_core.package_identification:_identify(src/ros2_basic/ros2_basic/raspi/chap6) by extension 'ros'
[1.287s] Level 1:colcon.colcon_core.package_identification:_identify(src/ros2_basic/ros2_basic/raspi/chap6) by extensions ['cmake', 'python']
[1.287s] Level 1:colcon.colcon_core.package_identification:_identify(src/ros2_basic/ros2_basic/raspi/chap6) by extension 'cmake'
[1.287s] Level 1:colcon.colcon_core.package_identification:_identify(src/ros2_basic/ros2_basic/raspi/chap6) by extension 'python'
[1.288s] Level 1:colcon.colcon_core.package_identification:_identify(src/ros2_basic/ros2_basic/raspi/chap6) by extensions ['python_setup_py']
[1.288s] Level 1:colcon.colcon_core.package_identification:_identify(src/ros2_basic/ros2_basic/raspi/chap6) by extension 'python_setup_py'
[1.288s] Level 1:colcon.colcon_core.package_discovery:discover_packages(recursive) using defaults
[1.288s] Level 1:colcon.colcon_core.package_discovery:discover_packages(ignore) discover
[1.288s] Level 1:colcon.colcon_core.package_discovery:discover_packages(ignore) using defaults
[1.288s] Level 1:colcon.colcon_core.package_discovery:discover_packages(path) discover
[1.288s] Level 1:colcon.colcon_core.package_discovery:discover_packages(path) using defaults
[1.365s] Level 1:colcon.colcon_core.package_discovery:discover_packages(prefix_path) check parameters
[1.365s] Level 1:colcon.colcon_core.package_discovery:discover_packages(prefix_path) discover
[1.370s] DEBUG:colcon.colcon_installed_package_information.package_discovery:Found 0 installed packages in /home/keime/ava_ws/install
[1.373s] DEBUG:colcon.colcon_installed_package_information.package_discovery:Found 273 installed packages in /opt/ros/humble
[1.376s] Level 1:colcon.colcon_core.package_discovery:discover_packages(prefix_path) using defaults
[1.464s] INFO:colcon.colcon_core.executor:Executing jobs using 'parallel' executor
[1.467s] DEBUG:colcon.colcon_parallel_executor.executor.parallel:run_until_complete
[1.467s] DEBUG:colcon.colcon_parallel_executor.executor.parallel:closing loop
[1.467s] DEBUG:colcon.colcon_parallel_executor.executor.parallel:loop closed
[1.467s] DEBUG:colcon.colcon_parallel_executor.executor.parallel:run_until_complete finished with '0'
[1.467s] DEBUG:colcon.colcon_core.event_reactor:joining thread
[1.468s] DEBUG:colcon.colcon_core.event_reactor:joined thread
[1.475s] INFO:colcon.colcon_core.plugin_system:Skipping extension 'colcon_core.shell.bat': Not used on non-Windows systems
[1.476s] INFO:colcon.colcon_core.shell:Creating prefix script '/home/keime/ros2_basic_ws/install/local_setup.ps1'
[1.479s] INFO:colcon.colcon_core.shell:Creating prefix util module '/home/keime/ros2_basic_ws/install/_local_setup_util_ps1.py'
[1.483s] INFO:colcon.colcon_core.shell:Creating prefix chain script '/home/keime/ros2_basic_ws/install/setup.ps1'
[1.486s] INFO:colcon.colcon_core.shell:Creating prefix script '/home/keime/ros2_basic_ws/install/local_setup.sh'
[1.488s] INFO:colcon.colcon_core.shell:Creating prefix util module '/home/keime/ros2_basic_ws/install/_local_setup_util_sh.py'
[1.490s] INFO:colcon.colcon_core.shell:Creating prefix chain script '/home/keime/ros2_basic_ws/install/setup.sh'
[1.492s] INFO:colcon.colcon_core.shell:Creating prefix script '/home/keime/ros2_basic_ws/install/local_setup.bash'
[1.494s] INFO:colcon.colcon_core.shell:Creating prefix chain script '/home/keime/ros2_basic_ws/install/setup.bash'
[1.497s] INFO:colcon.colcon_core.shell:Creating prefix script '/home/keime/ros2_basic_ws/install/local_setup.zsh'
[1.498s] INFO:colcon.colcon_core.shell:Creating prefix chain script '/home/keime/ros2_basic_ws/install/setup.zsh'
