[0.099s] DEBUG:colcon:Command line arguments: ['/usr/bin/colcon', 'build']
[0.099s] DEBUG:colcon:Parsed command line arguments: Namespace(log_base=None, log_level=None, verb_name='build', build_base='build', install_base='install', merge_install=False, symlink_install=False, test_result_base=None, continue_on_error=False, executor='parallel', parallel_workers=4, event_handlers=None, ignore_user_meta=False, metas=['./colcon.meta'], base_paths=['.'], packages_ignore=None, packages_ignore_regex=None, paths=None, packages_up_to=None, packages_up_to_regex=None, packages_above=None, packages_above_and_dependencies=None, packages_above_depth=None, packages_select_by_dep=None, packages_skip_by_dep=None, packages_skip_up_to=None, packages_select_build_failed=False, packages_skip_build_finished=False, packages_select_test_failures=False, packages_skip_test_passed=False, packages_select=None, packages_skip=None, packages_select_regex=None, packages_skip_regex=None, packages_start=None, packages_end=None, allow_overriding=[], cmake_args=None, cmake_target=None, cmake_target_skip_unavailable=False, cmake_clean_cache=False, cmake_clean_first=False, cmake_force_configure=False, ament_cmake_args=None, catkin_cmake_args=None, catkin_skip_building_tests=False, verb_parser=<colcon_defaults.argument_parser.defaults.DefaultArgumentsDecorator object at 0x7c403d19bdc0>, verb_extension=<colcon_core.verb.build.BuildVerb object at 0x7c403d19b8b0>, main=<bound method BuildVerb.main of <colcon_core.verb.build.BuildVerb object at 0x7c403d19b8b0>>)
[0.268s] Level 1:colcon.colcon_core.package_discovery:discover_packages(colcon_meta) check parameters
[0.268s] Level 1:colcon.colcon_core.package_discovery:discover_packages(recursive) check parameters
[0.268s] Level 1:colcon.colcon_core.package_discovery:discover_packages(ignore) check parameters
[0.268s] Level 1:colcon.colcon_core.package_discovery:discover_packages(path) check parameters
[0.268s] Level 1:colcon.colcon_core.package_discovery:discover_packages(colcon_meta) discover
[0.268s] Level 1:colcon.colcon_core.package_discovery:discover_packages(recursive) discover
[0.268s] INFO:colcon.colcon_core.package_discovery:Crawling recursively for packages in '/home/avatar1/ros2_basic_ws'
[0.268s] Level 1:colcon.colcon_core.package_identification:_identify(.) by extensions ['ignore', 'ignore_ament_install']
[0.268s] Level 1:colcon.colcon_core.package_identification:_identify(.) by extension 'ignore'
[0.268s] Level 1:colcon.colcon_core.package_identification:_identify(.) by extension 'ignore_ament_install'
[0.268s] Level 1:colcon.colcon_core.package_identification:_identify(.) by extensions ['colcon_pkg']
[0.268s] Level 1:colcon.colcon_core.package_identification:_identify(.) by extension 'colcon_pkg'
[0.268s] Level 1:colcon.colcon_core.package_identification:_identify(.) by extensions ['colcon_meta']
[0.269s] Level 1:colcon.colcon_core.package_identification:_identify(.) by extension 'colcon_meta'
[0.269s] Level 1:colcon.colcon_core.package_identification:_identify(.) by extensions ['ros']
[0.269s] Level 1:colcon.colcon_core.package_identification:_identify(.) by extension 'ros'
[0.281s] Level 1:colcon.colcon_core.package_identification:_identify(.) by extensions ['cmake', 'python']
[0.281s] Level 1:colcon.colcon_core.package_identification:_identify(.) by extension 'cmake'
[0.281s] Level 1:colcon.colcon_core.package_identification:_identify(.) by extension 'python'
[0.281s] Level 1:colcon.colcon_core.package_identification:_identify(.) by extensions ['python_setup_py']
[0.281s] Level 1:colcon.colcon_core.package_identification:_identify(.) by extension 'python_setup_py'
[0.281s] Level 1:colcon.colcon_core.package_identification:_identify(build) by extensions ['ignore', 'ignore_ament_install']
[0.281s] Level 1:colcon.colcon_core.package_identification:_identify(build) by extension 'ignore'
[0.282s] Level 1:colcon.colcon_core.package_identification:_identify(build) ignored
[0.282s] Level 1:colcon.colcon_core.package_identification:_identify(install) by extensions ['ignore', 'ignore_ament_install']
[0.282s] Level 1:colcon.colcon_core.package_identification:_identify(install) by extension 'ignore'
[0.282s] Level 1:colcon.colcon_core.package_identification:_identify(install) ignored
[0.282s] Level 1:colcon.colcon_core.package_identification:_identify(log) by extensions ['ignore', 'ignore_ament_install']
[0.282s] Level 1:colcon.colcon_core.package_identification:_identify(log) by extension 'ignore'
[0.282s] Level 1:colcon.colcon_core.package_identification:_identify(log) ignored
[0.282s] Level 1:colcon.colcon_core.package_identification:_identify(src) by extensions ['ignore', 'ignore_ament_install']
[0.282s] Level 1:colcon.colcon_core.package_identification:_identify(src) by extension 'ignore'
[0.282s] Level 1:colcon.colcon_core.package_identification:_identify(src) by extension 'ignore_ament_install'
[0.282s] Level 1:colcon.colcon_core.package_identification:_identify(src) by extensions ['colcon_pkg']
[0.282s] Level 1:colcon.colcon_core.package_identification:_identify(src) by extension 'colcon_pkg'
[0.282s] Level 1:colcon.colcon_core.package_identification:_identify(src) by extensions ['colcon_meta']
[0.282s] Level 1:colcon.colcon_core.package_identification:_identify(src) by extension 'colcon_meta'
[0.283s] Level 1:colcon.colcon_core.package_identification:_identify(src) by extensions ['ros']
[0.283s] Level 1:colcon.colcon_core.package_identification:_identify(src) by extension 'ros'
[0.283s] Level 1:colcon.colcon_core.package_identification:_identify(src) by extensions ['cmake', 'python']
[0.283s] Level 1:colcon.colcon_core.package_identification:_identify(src) by extension 'cmake'
[0.283s] Level 1:colcon.colcon_core.package_identification:_identify(src) by extension 'python'
[0.283s] Level 1:colcon.colcon_core.package_identification:_identify(src) by extensions ['python_setup_py']
[0.283s] Level 1:colcon.colcon_core.package_identification:_identify(src) by extension 'python_setup_py'
[0.283s] Level 1:colcon.colcon_core.package_identification:_identify(src/my_pkg) by extensions ['ignore', 'ignore_ament_install']
[0.283s] Level 1:colcon.colcon_core.package_identification:_identify(src/my_pkg) by extension 'ignore'
[0.283s] Level 1:colcon.colcon_core.package_identification:_identify(src/my_pkg) by extension 'ignore_ament_install'
[0.283s] Level 1:colcon.colcon_core.package_identification:_identify(src/my_pkg) by extensions ['colcon_pkg']
[0.283s] Level 1:colcon.colcon_core.package_identification:_identify(src/my_pkg) by extension 'colcon_pkg'
[0.283s] Level 1:colcon.colcon_core.package_identification:_identify(src/my_pkg) by extensions ['colcon_meta']
[0.283s] Level 1:colcon.colcon_core.package_identification:_identify(src/my_pkg) by extension 'colcon_meta'
[0.283s] Level 1:colcon.colcon_core.package_identification:_identify(src/my_pkg) by extensions ['ros']
[0.283s] Level 1:colcon.colcon_core.package_identification:_identify(src/my_pkg) by extension 'ros'
[0.286s] DEBUG:colcon.colcon_core.package_identification:Package 'src/my_pkg' with type 'ros.ament_python' and name 'my_pkg'
[0.286s] Level 1:colcon.colcon_core.package_identification:_identify(src/ros2_basic) by extensions ['ignore', 'ignore_ament_install']
[0.286s] Level 1:colcon.colcon_core.package_identification:_identify(src/ros2_basic) by extension 'ignore'
[0.287s] Level 1:colcon.colcon_core.package_identification:_identify(src/ros2_basic) by extension 'ignore_ament_install'
[0.287s] Level 1:colcon.colcon_core.package_identification:_identify(src/ros2_basic) by extensions ['colcon_pkg']
[0.287s] Level 1:colcon.colcon_core.package_identification:_identify(src/ros2_basic) by extension 'colcon_pkg'
[0.287s] Level 1:colcon.colcon_core.package_identification:_identify(src/ros2_basic) by extensions ['colcon_meta']
[0.287s] Level 1:colcon.colcon_core.package_identification:_identify(src/ros2_basic) by extension 'colcon_meta'
[0.287s] Level 1:colcon.colcon_core.package_identification:_identify(src/ros2_basic) by extensions ['ros']
[0.287s] Level 1:colcon.colcon_core.package_identification:_identify(src/ros2_basic) by extension 'ros'
[0.287s] Level 1:colcon.colcon_core.package_identification:_identify(src/ros2_basic) by extensions ['cmake', 'python']
[0.287s] Level 1:colcon.colcon_core.package_identification:_identify(src/ros2_basic) by extension 'cmake'
[0.287s] Level 1:colcon.colcon_core.package_identification:_identify(src/ros2_basic) by extension 'python'
[0.287s] Level 1:colcon.colcon_core.package_identification:_identify(src/ros2_basic) by extensions ['python_setup_py']
[0.287s] Level 1:colcon.colcon_core.package_identification:_identify(src/ros2_basic) by extension 'python_setup_py'
[0.287s] Level 1:colcon.colcon_core.package_identification:_identify(src/ros2_basic/ros2_basic) by extensions ['ignore', 'ignore_ament_install']
[0.287s] Level 1:colcon.colcon_core.package_identification:_identify(src/ros2_basic/ros2_basic) by extension 'ignore'
[0.287s] Level 1:colcon.colcon_core.package_identification:_identify(src/ros2_basic/ros2_basic) by extension 'ignore_ament_install'
[0.287s] Level 1:colcon.colcon_core.package_identification:_identify(src/ros2_basic/ros2_basic) by extensions ['colcon_pkg']
[0.287s] Level 1:colcon.colcon_core.package_identification:_identify(src/ros2_basic/ros2_basic) by extension 'colcon_pkg'
[0.287s] Level 1:colcon.colcon_core.package_identification:_identify(src/ros2_basic/ros2_basic) by extensions ['colcon_meta']
[0.288s] Level 1:colcon.colcon_core.package_identification:_identify(src/ros2_basic/ros2_basic) by extension 'colcon_meta'
[0.288s] Level 1:colcon.colcon_core.package_identification:_identify(src/ros2_basic/ros2_basic) by extensions ['ros']
[0.288s] Level 1:colcon.colcon_core.package_identification:_identify(src/ros2_basic/ros2_basic) by extension 'ros'
[0.288s] Level 1:colcon.colcon_core.package_identification:_identify(src/ros2_basic/ros2_basic) by extensions ['cmake', 'python']
[0.288s] Level 1:colcon.colcon_core.package_identification:_identify(src/ros2_basic/ros2_basic) by extension 'cmake'
[0.288s] Level 1:colcon.colcon_core.package_identification:_identify(src/ros2_basic/ros2_basic) by extension 'python'
[0.288s] Level 1:colcon.colcon_core.package_identification:_identify(src/ros2_basic/ros2_basic) by extensions ['python_setup_py']
[0.288s] Level 1:colcon.colcon_core.package_identification:_identify(src/ros2_basic/ros2_basic) by extension 'python_setup_py'
[0.288s] Level 1:colcon.colcon_core.package_identification:_identify(src/ros2_basic/ros2_basic/pc) by extensions ['ignore', 'ignore_ament_install']
[0.288s] Level 1:colcon.colcon_core.package_identification:_identify(src/ros2_basic/ros2_basic/pc) by extension 'ignore'
[0.288s] Level 1:colcon.colcon_core.package_identification:_identify(src/ros2_basic/ros2_basic/pc) by extension 'ignore_ament_install'
[0.288s] Level 1:colcon.colcon_core.package_identification:_identify(src/ros2_basic/ros2_basic/pc) by extensions ['colcon_pkg']
[0.288s] Level 1:colcon.colcon_core.package_identification:_identify(src/ros2_basic/ros2_basic/pc) by extension 'colcon_pkg'
[0.288s] Level 1:colcon.colcon_core.package_identification:_identify(src/ros2_basic/ros2_basic/pc) by extensions ['colcon_meta']
[0.288s] Level 1:colcon.colcon_core.package_identification:_identify(src/ros2_basic/ros2_basic/pc) by extension 'colcon_meta'
[0.288s] Level 1:colcon.colcon_core.package_identification:_identify(src/ros2_basic/ros2_basic/pc) by extensions ['ros']
[0.288s] Level 1:colcon.colcon_core.package_identification:_identify(src/ros2_basic/ros2_basic/pc) by extension 'ros'
[0.288s] Level 1:colcon.colcon_core.package_identification:_identify(src/ros2_basic/ros2_basic/pc) by extensions ['cmake', 'python']
[0.289s] Level 1:colcon.colcon_core.package_identification:_identify(src/ros2_basic/ros2_basic/pc) by extension 'cmake'
[0.289s] Level 1:colcon.colcon_core.package_identification:_identify(src/ros2_basic/ros2_basic/pc) by extension 'python'
[0.289s] Level 1:colcon.colcon_core.package_identification:_identify(src/ros2_basic/ros2_basic/pc) by extensions ['python_setup_py']
[0.289s] Level 1:colcon.colcon_core.package_identification:_identify(src/ros2_basic/ros2_basic/pc) by extension 'python_setup_py'
[0.289s] Level 1:colcon.colcon_core.package_identification:_identify(src/ros2_basic/ros2_basic/pc/chap2) by extensions ['ignore', 'ignore_ament_install']
[0.289s] Level 1:colcon.colcon_core.package_identification:_identify(src/ros2_basic/ros2_basic/pc/chap2) by extension 'ignore'
[0.289s] Level 1:colcon.colcon_core.package_identification:_identify(src/ros2_basic/ros2_basic/pc/chap2) by extension 'ignore_ament_install'
[0.289s] Level 1:colcon.colcon_core.package_identification:_identify(src/ros2_basic/ros2_basic/pc/chap2) by extensions ['colcon_pkg']
[0.289s] Level 1:colcon.colcon_core.package_identification:_identify(src/ros2_basic/ros2_basic/pc/chap2) by extension 'colcon_pkg'
[0.289s] Level 1:colcon.colcon_core.package_identification:_identify(src/ros2_basic/ros2_basic/pc/chap2) by extensions ['colcon_meta']
[0.289s] Level 1:colcon.colcon_core.package_identification:_identify(src/ros2_basic/ros2_basic/pc/chap2) by extension 'colcon_meta'
[0.289s] Level 1:colcon.colcon_core.package_identification:_identify(src/ros2_basic/ros2_basic/pc/chap2) by extensions ['ros']
[0.289s] Level 1:colcon.colcon_core.package_identification:_identify(src/ros2_basic/ros2_basic/pc/chap2) by extension 'ros'
[0.289s] Level 1:colcon.colcon_core.package_identification:_identify(src/ros2_basic/ros2_basic/pc/chap2) by extensions ['cmake', 'python']
[0.289s] Level 1:colcon.colcon_core.package_identification:_identify(src/ros2_basic/ros2_basic/pc/chap2) by extension 'cmake'
[0.289s] Level 1:colcon.colcon_core.package_identification:_identify(src/ros2_basic/ros2_basic/pc/chap2) by extension 'python'
[0.289s] Level 1:colcon.colcon_core.package_identification:_identify(src/ros2_basic/ros2_basic/pc/chap2) by extensions ['python_setup_py']
[0.289s] Level 1:colcon.colcon_core.package_identification:_identify(src/ros2_basic/ros2_basic/pc/chap2) by extension 'python_setup_py'
[0.290s] Level 1:colcon.colcon_core.package_identification:_identify(src/ros2_basic/ros2_basic/pc/chap5) by extensions ['ignore', 'ignore_ament_install']
[0.290s] Level 1:colcon.colcon_core.package_identification:_identify(src/ros2_basic/ros2_basic/pc/chap5) by extension 'ignore'
[0.290s] Level 1:colcon.colcon_core.package_identification:_identify(src/ros2_basic/ros2_basic/pc/chap5) by extension 'ignore_ament_install'
[0.290s] Level 1:colcon.colcon_core.package_identification:_identify(src/ros2_basic/ros2_basic/pc/chap5) by extensions ['colcon_pkg']
[0.290s] Level 1:colcon.colcon_core.package_identification:_identify(src/ros2_basic/ros2_basic/pc/chap5) by extension 'colcon_pkg'
[0.290s] Level 1:colcon.colcon_core.package_identification:_identify(src/ros2_basic/ros2_basic/pc/chap5) by extensions ['colcon_meta']
[0.290s] Level 1:colcon.colcon_core.package_identification:_identify(src/ros2_basic/ros2_basic/pc/chap5) by extension 'colcon_meta'
[0.290s] Level 1:colcon.colcon_core.package_identification:_identify(src/ros2_basic/ros2_basic/pc/chap5) by extensions ['ros']
[0.290s] Level 1:colcon.colcon_core.package_identification:_identify(src/ros2_basic/ros2_basic/pc/chap5) by extension 'ros'
[0.290s] Level 1:colcon.colcon_core.package_identification:_identify(src/ros2_basic/ros2_basic/pc/chap5) by extensions ['cmake', 'python']
[0.290s] Level 1:colcon.colcon_core.package_identification:_identify(src/ros2_basic/ros2_basic/pc/chap5) by extension 'cmake'
[0.290s] Level 1:colcon.colcon_core.package_identification:_identify(src/ros2_basic/ros2_basic/pc/chap5) by extension 'python'
[0.290s] Level 1:colcon.colcon_core.package_identification:_identify(src/ros2_basic/ros2_basic/pc/chap5) by extensions ['python_setup_py']
[0.290s] Level 1:colcon.colcon_core.package_identification:_identify(src/ros2_basic/ros2_basic/pc/chap5) by extension 'python_setup_py'
[0.290s] Level 1:colcon.colcon_core.package_identification:_identify(src/ros2_basic/ros2_basic/pc/chap6) by extensions ['ignore', 'ignore_ament_install']
[0.290s] Level 1:colcon.colcon_core.package_identification:_identify(src/ros2_basic/ros2_basic/pc/chap6) by extension 'ignore'
[0.290s] Level 1:colcon.colcon_core.package_identification:_identify(src/ros2_basic/ros2_basic/pc/chap6) by extension 'ignore_ament_install'
[0.291s] Level 1:colcon.colcon_core.package_identification:_identify(src/ros2_basic/ros2_basic/pc/chap6) by extensions ['colcon_pkg']
[0.291s] Level 1:colcon.colcon_core.package_identification:_identify(src/ros2_basic/ros2_basic/pc/chap6) by extension 'colcon_pkg'
[0.291s] Level 1:colcon.colcon_core.package_identification:_identify(src/ros2_basic/ros2_basic/pc/chap6) by extensions ['colcon_meta']
[0.291s] Level 1:colcon.colcon_core.package_identification:_identify(src/ros2_basic/ros2_basic/pc/chap6) by extension 'colcon_meta'
[0.291s] Level 1:colcon.colcon_core.package_identification:_identify(src/ros2_basic/ros2_basic/pc/chap6) by extensions ['ros']
[0.291s] Level 1:colcon.colcon_core.package_identification:_identify(src/ros2_basic/ros2_basic/pc/chap6) by extension 'ros'
[0.291s] Level 1:colcon.colcon_core.package_identification:_identify(src/ros2_basic/ros2_basic/pc/chap6) by extensions ['cmake', 'python']
[0.291s] Level 1:colcon.colcon_core.package_identification:_identify(src/ros2_basic/ros2_basic/pc/chap6) by extension 'cmake'
[0.291s] Level 1:colcon.colcon_core.package_identification:_identify(src/ros2_basic/ros2_basic/pc/chap6) by extension 'python'
[0.291s] Level 1:colcon.colcon_core.package_identification:_identify(src/ros2_basic/ros2_basic/pc/chap6) by extensions ['python_setup_py']
[0.291s] Level 1:colcon.colcon_core.package_identification:_identify(src/ros2_basic/ros2_basic/pc/chap6) by extension 'python_setup_py'
[0.291s] Level 1:colcon.colcon_core.package_identification:_identify(src/ros2_basic/ros2_basic/raspi) by extensions ['ignore', 'ignore_ament_install']
[0.291s] Level 1:colcon.colcon_core.package_identification:_identify(src/ros2_basic/ros2_basic/raspi) by extension 'ignore'
[0.291s] Level 1:colcon.colcon_core.package_identification:_identify(src/ros2_basic/ros2_basic/raspi) by extension 'ignore_ament_install'
[0.291s] Level 1:colcon.colcon_core.package_identification:_identify(src/ros2_basic/ros2_basic/raspi) by extensions ['colcon_pkg']
[0.291s] Level 1:colcon.colcon_core.package_identification:_identify(src/ros2_basic/ros2_basic/raspi) by extension 'colcon_pkg'
[0.291s] Level 1:colcon.colcon_core.package_identification:_identify(src/ros2_basic/ros2_basic/raspi) by extensions ['colcon_meta']
[0.291s] Level 1:colcon.colcon_core.package_identification:_identify(src/ros2_basic/ros2_basic/raspi) by extension 'colcon_meta'
[0.291s] Level 1:colcon.colcon_core.package_identification:_identify(src/ros2_basic/ros2_basic/raspi) by extensions ['ros']
[0.292s] Level 1:colcon.colcon_core.package_identification:_identify(src/ros2_basic/ros2_basic/raspi) by extension 'ros'
[0.292s] Level 1:colcon.colcon_core.package_identification:_identify(src/ros2_basic/ros2_basic/raspi) by extensions ['cmake', 'python']
[0.292s] Level 1:colcon.colcon_core.package_identification:_identify(src/ros2_basic/ros2_basic/raspi) by extension 'cmake'
[0.292s] Level 1:colcon.colcon_core.package_identification:_identify(src/ros2_basic/ros2_basic/raspi) by extension 'python'
[0.292s] Level 1:colcon.colcon_core.package_identification:_identify(src/ros2_basic/ros2_basic/raspi) by extensions ['python_setup_py']
[0.292s] Level 1:colcon.colcon_core.package_identification:_identify(src/ros2_basic/ros2_basic/raspi) by extension 'python_setup_py'
[0.292s] Level 1:colcon.colcon_core.package_identification:_identify(src/ros2_basic/ros2_basic/raspi/chap3) by extensions ['ignore', 'ignore_ament_install']
[0.292s] Level 1:colcon.colcon_core.package_identification:_identify(src/ros2_basic/ros2_basic/raspi/chap3) by extension 'ignore'
[0.292s] Level 1:colcon.colcon_core.package_identification:_identify(src/ros2_basic/ros2_basic/raspi/chap3) by extension 'ignore_ament_install'
[0.292s] Level 1:colcon.colcon_core.package_identification:_identify(src/ros2_basic/ros2_basic/raspi/chap3) by extensions ['colcon_pkg']
[0.292s] Level 1:colcon.colcon_core.package_identification:_identify(src/ros2_basic/ros2_basic/raspi/chap3) by extension 'colcon_pkg'
[0.292s] Level 1:colcon.colcon_core.package_identification:_identify(src/ros2_basic/ros2_basic/raspi/chap3) by extensions ['colcon_meta']
[0.292s] Level 1:colcon.colcon_core.package_identification:_identify(src/ros2_basic/ros2_basic/raspi/chap3) by extension 'colcon_meta'
[0.292s] Level 1:colcon.colcon_core.package_identification:_identify(src/ros2_basic/ros2_basic/raspi/chap3) by extensions ['ros']
[0.292s] Level 1:colcon.colcon_core.package_identification:_identify(src/ros2_basic/ros2_basic/raspi/chap3) by extension 'ros'
[0.292s] Level 1:colcon.colcon_core.package_identification:_identify(src/ros2_basic/ros2_basic/raspi/chap3) by extensions ['cmake', 'python']
[0.292s] Level 1:colcon.colcon_core.package_identification:_identify(src/ros2_basic/ros2_basic/raspi/chap3) by extension 'cmake'
[0.292s] Level 1:colcon.colcon_core.package_identification:_identify(src/ros2_basic/ros2_basic/raspi/chap3) by extension 'python'
[0.292s] Level 1:colcon.colcon_core.package_identification:_identify(src/ros2_basic/ros2_basic/raspi/chap3) by extensions ['python_setup_py']
[0.293s] Level 1:colcon.colcon_core.package_identification:_identify(src/ros2_basic/ros2_basic/raspi/chap3) by extension 'python_setup_py'
[0.293s] Level 1:colcon.colcon_core.package_identification:_identify(src/ros2_basic/ros2_basic/raspi/chap4) by extensions ['ignore', 'ignore_ament_install']
[0.293s] Level 1:colcon.colcon_core.package_identification:_identify(src/ros2_basic/ros2_basic/raspi/chap4) by extension 'ignore'
[0.293s] Level 1:colcon.colcon_core.package_identification:_identify(src/ros2_basic/ros2_basic/raspi/chap4) by extension 'ignore_ament_install'
[0.293s] Level 1:colcon.colcon_core.package_identification:_identify(src/ros2_basic/ros2_basic/raspi/chap4) by extensions ['colcon_pkg']
[0.293s] Level 1:colcon.colcon_core.package_identification:_identify(src/ros2_basic/ros2_basic/raspi/chap4) by extension 'colcon_pkg'
[0.293s] Level 1:colcon.colcon_core.package_identification:_identify(src/ros2_basic/ros2_basic/raspi/chap4) by extensions ['colcon_meta']
[0.293s] Level 1:colcon.colcon_core.package_identification:_identify(src/ros2_basic/ros2_basic/raspi/chap4) by extension 'colcon_meta'
[0.293s] Level 1:colcon.colcon_core.package_identification:_identify(src/ros2_basic/ros2_basic/raspi/chap4) by extensions ['ros']
[0.293s] Level 1:colcon.colcon_core.package_identification:_identify(src/ros2_basic/ros2_basic/raspi/chap4) by extension 'ros'
[0.293s] Level 1:colcon.colcon_core.package_identification:_identify(src/ros2_basic/ros2_basic/raspi/chap4) by extensions ['cmake', 'python']
[0.293s] Level 1:colcon.colcon_core.package_identification:_identify(src/ros2_basic/ros2_basic/raspi/chap4) by extension 'cmake'
[0.293s] Level 1:colcon.colcon_core.package_identification:_identify(src/ros2_basic/ros2_basic/raspi/chap4) by extension 'python'
[0.293s] Level 1:colcon.colcon_core.package_identification:_identify(src/ros2_basic/ros2_basic/raspi/chap4) by extensions ['python_setup_py']
[0.293s] Level 1:colcon.colcon_core.package_identification:_identify(src/ros2_basic/ros2_basic/raspi/chap4) by extension 'python_setup_py'
[0.293s] Level 1:colcon.colcon_core.package_identification:_identify(src/ros2_basic/ros2_basic/raspi/chap5) by extensions ['ignore', 'ignore_ament_install']
[0.294s] Level 1:colcon.colcon_core.package_identification:_identify(src/ros2_basic/ros2_basic/raspi/chap5) by extension 'ignore'
[0.294s] Level 1:colcon.colcon_core.package_identification:_identify(src/ros2_basic/ros2_basic/raspi/chap5) by extension 'ignore_ament_install'
[0.294s] Level 1:colcon.colcon_core.package_identification:_identify(src/ros2_basic/ros2_basic/raspi/chap5) by extensions ['colcon_pkg']
[0.294s] Level 1:colcon.colcon_core.package_identification:_identify(src/ros2_basic/ros2_basic/raspi/chap5) by extension 'colcon_pkg'
[0.294s] Level 1:colcon.colcon_core.package_identification:_identify(src/ros2_basic/ros2_basic/raspi/chap5) by extensions ['colcon_meta']
[0.294s] Level 1:colcon.colcon_core.package_identification:_identify(src/ros2_basic/ros2_basic/raspi/chap5) by extension 'colcon_meta'
[0.294s] Level 1:colcon.colcon_core.package_identification:_identify(src/ros2_basic/ros2_basic/raspi/chap5) by extensions ['ros']
[0.294s] Level 1:colcon.colcon_core.package_identification:_identify(src/ros2_basic/ros2_basic/raspi/chap5) by extension 'ros'
[0.294s] Level 1:colcon.colcon_core.package_identification:_identify(src/ros2_basic/ros2_basic/raspi/chap5) by extensions ['cmake', 'python']
[0.294s] Level 1:colcon.colcon_core.package_identification:_identify(src/ros2_basic/ros2_basic/raspi/chap5) by extension 'cmake'
[0.294s] Level 1:colcon.colcon_core.package_identification:_identify(src/ros2_basic/ros2_basic/raspi/chap5) by extension 'python'
[0.294s] Level 1:colcon.colcon_core.package_identification:_identify(src/ros2_basic/ros2_basic/raspi/chap5) by extensions ['python_setup_py']
[0.294s] Level 1:colcon.colcon_core.package_identification:_identify(src/ros2_basic/ros2_basic/raspi/chap5) by extension 'python_setup_py'
[0.294s] Level 1:colcon.colcon_core.package_identification:_identify(src/ros2_basic/ros2_basic/raspi/chap6) by extensions ['ignore', 'ignore_ament_install']
[0.294s] Level 1:colcon.colcon_core.package_identification:_identify(src/ros2_basic/ros2_basic/raspi/chap6) by extension 'ignore'
[0.294s] Level 1:colcon.colcon_core.package_identification:_identify(src/ros2_basic/ros2_basic/raspi/chap6) by extension 'ignore_ament_install'
[0.294s] Level 1:colcon.colcon_core.package_identification:_identify(src/ros2_basic/ros2_basic/raspi/chap6) by extensions ['colcon_pkg']
[0.294s] Level 1:colcon.colcon_core.package_identification:_identify(src/ros2_basic/ros2_basic/raspi/chap6) by extension 'colcon_pkg'
[0.294s] Level 1:colcon.colcon_core.package_identification:_identify(src/ros2_basic/ros2_basic/raspi/chap6) by extensions ['colcon_meta']
[0.294s] Level 1:colcon.colcon_core.package_identification:_identify(src/ros2_basic/ros2_basic/raspi/chap6) by extension 'colcon_meta'
[0.295s] Level 1:colcon.colcon_core.package_identification:_identify(src/ros2_basic/ros2_basic/raspi/chap6) by extensions ['ros']
[0.295s] Level 1:colcon.colcon_core.package_identification:_identify(src/ros2_basic/ros2_basic/raspi/chap6) by extension 'ros'
[0.295s] Level 1:colcon.colcon_core.package_identification:_identify(src/ros2_basic/ros2_basic/raspi/chap6) by extensions ['cmake', 'python']
[0.295s] Level 1:colcon.colcon_core.package_identification:_identify(src/ros2_basic/ros2_basic/raspi/chap6) by extension 'cmake'
[0.295s] Level 1:colcon.colcon_core.package_identification:_identify(src/ros2_basic/ros2_basic/raspi/chap6) by extension 'python'
[0.295s] Level 1:colcon.colcon_core.package_identification:_identify(src/ros2_basic/ros2_basic/raspi/chap6) by extensions ['python_setup_py']
[0.295s] Level 1:colcon.colcon_core.package_identification:_identify(src/ros2_basic/ros2_basic/raspi/chap6) by extension 'python_setup_py'
[0.295s] Level 1:colcon.colcon_core.package_discovery:discover_packages(recursive) using defaults
[0.295s] Level 1:colcon.colcon_core.package_discovery:discover_packages(ignore) discover
[0.295s] Level 1:colcon.colcon_core.package_discovery:discover_packages(ignore) using defaults
[0.295s] Level 1:colcon.colcon_core.package_discovery:discover_packages(path) discover
[0.295s] Level 1:colcon.colcon_core.package_discovery:discover_packages(path) using defaults
[0.318s] Level 1:colcon.colcon_core.package_discovery:discover_packages(prefix_path) check parameters
[0.318s] Level 1:colcon.colcon_core.package_discovery:discover_packages(prefix_path) discover
[0.319s] DEBUG:colcon.colcon_installed_package_information.package_discovery:Found 1 installed packages in /home/avatar1/ava_yo_ws/install
[0.321s] DEBUG:colcon.colcon_installed_package_information.package_discovery:Found 288 installed packages in /opt/ros/humble
[0.333s] Level 1:colcon.colcon_core.package_discovery:discover_packages(prefix_path) using defaults
[0.375s] Level 5:colcon.colcon_core.verb:set package 'my_pkg' build argument 'cmake_args' from command line to 'None'
[0.375s] Level 5:colcon.colcon_core.verb:set package 'my_pkg' build argument 'cmake_target' from command line to 'None'
[0.375s] Level 5:colcon.colcon_core.verb:set package 'my_pkg' build argument 'cmake_target_skip_unavailable' from command line to 'False'
[0.375s] Level 5:colcon.colcon_core.verb:set package 'my_pkg' build argument 'cmake_clean_cache' from command line to 'False'
[0.375s] Level 5:colcon.colcon_core.verb:set package 'my_pkg' build argument 'cmake_clean_first' from command line to 'False'
[0.375s] Level 5:colcon.colcon_core.verb:set package 'my_pkg' build argument 'cmake_force_configure' from command line to 'False'
[0.375s] Level 5:colcon.colcon_core.verb:set package 'my_pkg' build argument 'ament_cmake_args' from command line to 'None'
[0.375s] Level 5:colcon.colcon_core.verb:set package 'my_pkg' build argument 'catkin_cmake_args' from command line to 'None'
[0.376s] Level 5:colcon.colcon_core.verb:set package 'my_pkg' build argument 'catkin_skip_building_tests' from command line to 'False'
[0.376s] DEBUG:colcon.colcon_core.verb:Building package 'my_pkg' with the following arguments: {'ament_cmake_args': None, 'build_base': '/home/avatar1/ros2_basic_ws/build/my_pkg', 'catkin_cmake_args': None, 'catkin_skip_building_tests': False, 'cmake_args': None, 'cmake_clean_cache': False, 'cmake_clean_first': False, 'cmake_force_configure': False, 'cmake_target': None, 'cmake_target_skip_unavailable': False, 'install_base': '/home/avatar1/ros2_basic_ws/install/my_pkg', 'merge_install': False, 'path': '/home/avatar1/ros2_basic_ws/src/my_pkg', 'symlink_install': False, 'test_result_base': None}
[0.376s] INFO:colcon.colcon_core.executor:Executing jobs using 'parallel' executor
[0.377s] DEBUG:colcon.colcon_parallel_executor.executor.parallel:run_until_complete
[0.377s] INFO:colcon.colcon_ros.task.ament_python.build:Building ROS package in '/home/avatar1/ros2_basic_ws/src/my_pkg' with build type 'ament_python'
[0.377s] Level 1:colcon.colcon_core.shell:create_environment_hook('my_pkg', 'ament_prefix_path')
[0.379s] INFO:colcon.colcon_core.plugin_system:Skipping extension 'colcon_core.shell.bat': Not used on non-Windows systems
[0.379s] INFO:colcon.colcon_core.shell:Creating environment hook '/home/avatar1/ros2_basic_ws/install/my_pkg/share/my_pkg/hook/ament_prefix_path.ps1'
[0.380s] INFO:colcon.colcon_core.shell:Creating environment descriptor '/home/avatar1/ros2_basic_ws/install/my_pkg/share/my_pkg/hook/ament_prefix_path.dsv'
[0.381s] INFO:colcon.colcon_core.shell:Creating environment hook '/home/avatar1/ros2_basic_ws/install/my_pkg/share/my_pkg/hook/ament_prefix_path.sh'
[0.381s] INFO:colcon.colcon_core.shell:Skip shell extension 'powershell' for command environment: Not usable outside of PowerShell
[0.382s] DEBUG:colcon.colcon_core.shell:Skip shell extension 'dsv' for command environment
[0.635s] INFO:colcon.colcon_core.task.python.build:Building Python package in '/home/avatar1/ros2_basic_ws/src/my_pkg'
[0.635s] INFO:colcon.colcon_core.shell:Skip shell extension 'powershell' for command environment: Not usable outside of PowerShell
[0.635s] DEBUG:colcon.colcon_core.shell:Skip shell extension 'dsv' for command environment
[0.958s] DEBUG:colcon.colcon_core.event_handler.log_command:Invoking command in '/home/avatar1/ros2_basic_ws/src/my_pkg': PYTHONPATH=/home/avatar1/ros2_basic_ws/build/my_pkg/prefix_override:/usr/lib/python3/dist-packages/colcon_core/task/python/colcon_distutils_commands:/home/avatar1/ros2_basic_ws/install/my_pkg/lib/python3.10/site-packages:${PYTHONPATH} VIRTUAL_ENV_PROMPT=(env) /usr/bin/python3 -W ignore:setup.py install is deprecated -W ignore:easy_install command is deprecated setup.py egg_info --egg-base ../../build/my_pkg build --build-base /home/avatar1/ros2_basic_ws/build/my_pkg/build install --record /home/avatar1/ros2_basic_ws/build/my_pkg/install.log --single-version-externally-managed install_data
[1.243s] DEBUG:colcon.colcon_core.event_handler.log_command:Invoked command in '/home/avatar1/ros2_basic_ws/src/my_pkg' returned '0': PYTHONPATH=/home/avatar1/ros2_basic_ws/build/my_pkg/prefix_override:/usr/lib/python3/dist-packages/colcon_core/task/python/colcon_distutils_commands:/home/avatar1/ros2_basic_ws/install/my_pkg/lib/python3.10/site-packages:${PYTHONPATH} VIRTUAL_ENV_PROMPT=(env) /usr/bin/python3 -W ignore:setup.py install is deprecated -W ignore:easy_install command is deprecated setup.py egg_info --egg-base ../../build/my_pkg build --build-base /home/avatar1/ros2_basic_ws/build/my_pkg/build install --record /home/avatar1/ros2_basic_ws/build/my_pkg/install.log --single-version-externally-managed install_data
[1.245s] Level 1:colcon.colcon_core.environment:checking '/home/avatar1/ros2_basic_ws/install/my_pkg' for CMake module files
[1.246s] Level 1:colcon.colcon_core.environment:checking '/home/avatar1/ros2_basic_ws/install/my_pkg' for CMake config files
[1.247s] Level 1:colcon.colcon_core.environment:checking '/home/avatar1/ros2_basic_ws/install/my_pkg/lib'
[1.247s] Level 1:colcon.colcon_core.environment:checking '/home/avatar1/ros2_basic_ws/install/my_pkg/bin'
[1.247s] Level 1:colcon.colcon_core.environment:checking '/home/avatar1/ros2_basic_ws/install/my_pkg/lib/pkgconfig/my_pkg.pc'
[1.247s] Level 1:colcon.colcon_core.environment:checking '/home/avatar1/ros2_basic_ws/install/my_pkg/lib/python3.10/site-packages'
[1.247s] Level 1:colcon.colcon_core.shell:create_environment_hook('my_pkg', 'pythonpath')
[1.247s] INFO:colcon.colcon_core.shell:Creating environment hook '/home/avatar1/ros2_basic_ws/install/my_pkg/share/my_pkg/hook/pythonpath.ps1'
[1.248s] INFO:colcon.colcon_core.shell:Creating environment descriptor '/home/avatar1/ros2_basic_ws/install/my_pkg/share/my_pkg/hook/pythonpath.dsv'
[1.248s] INFO:colcon.colcon_core.shell:Creating environment hook '/home/avatar1/ros2_basic_ws/install/my_pkg/share/my_pkg/hook/pythonpath.sh'
[1.249s] Level 1:colcon.colcon_core.environment:checking '/home/avatar1/ros2_basic_ws/install/my_pkg/bin'
[1.249s] Level 1:colcon.colcon_core.environment:create_environment_scripts_only(my_pkg)
[1.249s] INFO:colcon.colcon_core.shell:Creating package script '/home/avatar1/ros2_basic_ws/install/my_pkg/share/my_pkg/package.ps1'
[1.251s] INFO:colcon.colcon_core.shell:Creating package descriptor '/home/avatar1/ros2_basic_ws/install/my_pkg/share/my_pkg/package.dsv'
[1.251s] INFO:colcon.colcon_core.shell:Creating package script '/home/avatar1/ros2_basic_ws/install/my_pkg/share/my_pkg/package.sh'
[1.252s] INFO:colcon.colcon_core.shell:Creating package script '/home/avatar1/ros2_basic_ws/install/my_pkg/share/my_pkg/package.bash'
[1.253s] INFO:colcon.colcon_core.shell:Creating package script '/home/avatar1/ros2_basic_ws/install/my_pkg/share/my_pkg/package.zsh'
[1.253s] Level 1:colcon.colcon_core.environment:create_file_with_runtime_dependencies(/home/avatar1/ros2_basic_ws/install/my_pkg/share/colcon-core/packages/my_pkg)
[1.254s] DEBUG:colcon.colcon_parallel_executor.executor.parallel:closing loop
[1.254s] DEBUG:colcon.colcon_parallel_executor.executor.parallel:loop closed
[1.254s] DEBUG:colcon.colcon_parallel_executor.executor.parallel:run_until_complete finished with '0'
[1.254s] DEBUG:colcon.colcon_core.event_reactor:joining thread
[1.255s] DEBUG:colcon.colcon_core.event_reactor:joined thread
[1.255s] INFO:colcon.colcon_core.shell:Creating prefix script '/home/avatar1/ros2_basic_ws/install/local_setup.ps1'
[1.256s] INFO:colcon.colcon_core.shell:Creating prefix util module '/home/avatar1/ros2_basic_ws/install/_local_setup_util_ps1.py'
[1.257s] INFO:colcon.colcon_core.shell:Creating prefix chain script '/home/avatar1/ros2_basic_ws/install/setup.ps1'
[1.258s] INFO:colcon.colcon_core.shell:Creating prefix script '/home/avatar1/ros2_basic_ws/install/local_setup.sh'
[1.259s] INFO:colcon.colcon_core.shell:Creating prefix util module '/home/avatar1/ros2_basic_ws/install/_local_setup_util_sh.py'
[1.260s] INFO:colcon.colcon_core.shell:Creating prefix chain script '/home/avatar1/ros2_basic_ws/install/setup.sh'
[1.261s] INFO:colcon.colcon_core.shell:Creating prefix script '/home/avatar1/ros2_basic_ws/install/local_setup.bash'
[1.261s] INFO:colcon.colcon_core.shell:Creating prefix chain script '/home/avatar1/ros2_basic_ws/install/setup.bash'
[1.262s] INFO:colcon.colcon_core.shell:Creating prefix script '/home/avatar1/ros2_basic_ws/install/local_setup.zsh'
[1.263s] INFO:colcon.colcon_core.shell:Creating prefix chain script '/home/avatar1/ros2_basic_ws/install/setup.zsh'
