[0.257s] DEBUG:colcon:Command line arguments: ['/usr/bin/colcon', 'build']
[0.257s] DEBUG:colcon:Parsed command line arguments: Namespace(log_base=None, log_level=None, verb_name='build', build_base='build', install_base='install', merge_install=False, symlink_install=False, test_result_base=None, continue_on_error=False, executor='parallel', parallel_workers=2, event_handlers=None, ignore_user_meta=False, metas=['./colcon.meta'], base_paths=['.'], packages_ignore=None, packages_ignore_regex=None, paths=None, packages_up_to=None, packages_up_to_regex=None, packages_above=None, packages_above_and_dependencies=None, packages_above_depth=None, packages_select_by_dep=None, packages_skip_by_dep=None, packages_skip_up_to=None, packages_select_build_failed=False, packages_skip_build_finished=False, packages_select_test_failures=False, packages_skip_test_passed=False, packages_select=None, packages_skip=None, packages_select_regex=None, packages_skip_regex=None, packages_start=None, packages_end=None, allow_overriding=[], cmake_args=None, cmake_target=None, cmake_target_skip_unavailable=False, cmake_clean_cache=False, cmake_clean_first=False, cmake_force_configure=False, ament_cmake_args=None, catkin_cmake_args=None, catkin_skip_building_tests=False, mixin_files=None, mixin=None, verb_parser=<colcon_mixin.mixin.mixin_argument.MixinArgumentDecorator object at 0x7b3ffd429690>, verb_extension=<colcon_core.verb.build.BuildVerb object at 0x7b3ffd428e80>, main=<bound method BuildVerb.main of <colcon_core.verb.build.BuildVerb object at 0x7b3ffd428e80>>, mixin_verb=('build',))
[0.638s] Level 1:colcon.colcon_core.package_discovery:discover_packages(colcon_meta) check parameters
[0.638s] Level 1:colcon.colcon_core.package_discovery:discover_packages(recursive) check parameters
[0.638s] Level 1:colcon.colcon_core.package_discovery:discover_packages(ignore) check parameters
[0.639s] Level 1:colcon.colcon_core.package_discovery:discover_packages(path) check parameters
[0.639s] Level 1:colcon.colcon_core.package_discovery:discover_packages(colcon_meta) discover
[0.639s] Level 1:colcon.colcon_core.package_discovery:discover_packages(recursive) discover
[0.639s] INFO:colcon.colcon_core.package_discovery:Crawling recursively for packages in '/home/keime/ros2_basic_ws'
[0.639s] Level 1:colcon.colcon_core.package_identification:_identify(.) by extensions ['ignore', 'ignore_ament_install']
[0.639s] Level 1:colcon.colcon_core.package_identification:_identify(.) by extension 'ignore'
[0.639s] Level 1:colcon.colcon_core.package_identification:_identify(.) by extension 'ignore_ament_install'
[0.640s] Level 1:colcon.colcon_core.package_identification:_identify(.) by extensions ['colcon_pkg']
[0.640s] Level 1:colcon.colcon_core.package_identification:_identify(.) by extension 'colcon_pkg'
[0.640s] Level 1:colcon.colcon_core.package_identification:_identify(.) by extensions ['colcon_meta']
[0.640s] Level 1:colcon.colcon_core.package_identification:_identify(.) by extension 'colcon_meta'
[0.640s] Level 1:colcon.colcon_core.package_identification:_identify(.) by extensions ['ros']
[0.640s] Level 1:colcon.colcon_core.package_identification:_identify(.) by extension 'ros'
[0.663s] Level 1:colcon.colcon_core.package_identification:_identify(.) by extensions ['cmake', 'python']
[0.663s] Level 1:colcon.colcon_core.package_identification:_identify(.) by extension 'cmake'
[0.663s] Level 1:colcon.colcon_core.package_identification:_identify(.) by extension 'python'
[0.663s] Level 1:colcon.colcon_core.package_identification:_identify(.) by extensions ['python_setup_py']
[0.663s] Level 1:colcon.colcon_core.package_identification:_identify(.) by extension 'python_setup_py'
[0.664s] Level 1:colcon.colcon_core.package_identification:_identify(build) by extensions ['ignore', 'ignore_ament_install']
[0.664s] Level 1:colcon.colcon_core.package_identification:_identify(build) by extension 'ignore'
[0.664s] Level 1:colcon.colcon_core.package_identification:_identify(build) ignored
[0.664s] Level 1:colcon.colcon_core.package_identification:_identify(install) by extensions ['ignore', 'ignore_ament_install']
[0.665s] Level 1:colcon.colcon_core.package_identification:_identify(install) by extension 'ignore'
[0.665s] Level 1:colcon.colcon_core.package_identification:_identify(install) ignored
[0.665s] Level 1:colcon.colcon_core.package_identification:_identify(log) by extensions ['ignore', 'ignore_ament_install']
[0.665s] Level 1:colcon.colcon_core.package_identification:_identify(log) by extension 'ignore'
[0.665s] Level 1:colcon.colcon_core.package_identification:_identify(log) ignored
[0.665s] Level 1:colcon.colcon_core.package_identification:_identify(src) by extensions ['ignore', 'ignore_ament_install']
[0.666s] Level 1:colcon.colcon_core.package_identification:_identify(src) by extension 'ignore'
[0.666s] Level 1:colcon.colcon_core.package_identification:_identify(src) by extension 'ignore_ament_install'
[0.666s] Level 1:colcon.colcon_core.package_identification:_identify(src) by extensions ['colcon_pkg']
[0.666s] Level 1:colcon.colcon_core.package_identification:_identify(src) by extension 'colcon_pkg'
[0.666s] Level 1:colcon.colcon_core.package_identification:_identify(src) by extensions ['colcon_meta']
[0.666s] Level 1:colcon.colcon_core.package_identification:_identify(src) by extension 'colcon_meta'
[0.666s] Level 1:colcon.colcon_core.package_identification:_identify(src) by extensions ['ros']
[0.666s] Level 1:colcon.colcon_core.package_identification:_identify(src) by extension 'ros'
[0.666s] Level 1:colcon.colcon_core.package_identification:_identify(src) by extensions ['cmake', 'python']
[0.667s] Level 1:colcon.colcon_core.package_identification:_identify(src) by extension 'cmake'
[0.667s] Level 1:colcon.colcon_core.package_identification:_identify(src) by extension 'python'
[0.667s] Level 1:colcon.colcon_core.package_identification:_identify(src) by extensions ['python_setup_py']
[0.667s] Level 1:colcon.colcon_core.package_identification:_identify(src) by extension 'python_setup_py'
[0.667s] Level 1:colcon.colcon_core.package_identification:_identify(src/ros2_basic) by extensions ['ignore', 'ignore_ament_install']
[0.667s] Level 1:colcon.colcon_core.package_identification:_identify(src/ros2_basic) by extension 'ignore'
[0.667s] Level 1:colcon.colcon_core.package_identification:_identify(src/ros2_basic) by extension 'ignore_ament_install'
[0.667s] Level 1:colcon.colcon_core.package_identification:_identify(src/ros2_basic) by extensions ['colcon_pkg']
[0.668s] Level 1:colcon.colcon_core.package_identification:_identify(src/ros2_basic) by extension 'colcon_pkg'
[0.668s] Level 1:colcon.colcon_core.package_identification:_identify(src/ros2_basic) by extensions ['colcon_meta']
[0.668s] Level 1:colcon.colcon_core.package_identification:_identify(src/ros2_basic) by extension 'colcon_meta'
[0.668s] Level 1:colcon.colcon_core.package_identification:_identify(src/ros2_basic) by extensions ['ros']
[0.668s] Level 1:colcon.colcon_core.package_identification:_identify(src/ros2_basic) by extension 'ros'
[0.668s] Level 1:colcon.colcon_core.package_identification:_identify(src/ros2_basic) by extensions ['cmake', 'python']
[0.668s] Level 1:colcon.colcon_core.package_identification:_identify(src/ros2_basic) by extension 'cmake'
[0.668s] Level 1:colcon.colcon_core.package_identification:_identify(src/ros2_basic) by extension 'python'
[0.668s] Level 1:colcon.colcon_core.package_identification:_identify(src/ros2_basic) by extensions ['python_setup_py']
[0.668s] Level 1:colcon.colcon_core.package_identification:_identify(src/ros2_basic) by extension 'python_setup_py'
[0.669s] Level 1:colcon.colcon_core.package_identification:_identify(src/ros2_basic/ros2_basic) by extensions ['ignore', 'ignore_ament_install']
[0.669s] Level 1:colcon.colcon_core.package_identification:_identify(src/ros2_basic/ros2_basic) by extension 'ignore'
[0.669s] Level 1:colcon.colcon_core.package_identification:_identify(src/ros2_basic/ros2_basic) by extension 'ignore_ament_install'
[0.669s] Level 1:colcon.colcon_core.package_identification:_identify(src/ros2_basic/ros2_basic) by extensions ['colcon_pkg']
[0.669s] Level 1:colcon.colcon_core.package_identification:_identify(src/ros2_basic/ros2_basic) by extension 'colcon_pkg'
[0.669s] Level 1:colcon.colcon_core.package_identification:_identify(src/ros2_basic/ros2_basic) by extensions ['colcon_meta']
[0.669s] Level 1:colcon.colcon_core.package_identification:_identify(src/ros2_basic/ros2_basic) by extension 'colcon_meta'
[0.670s] Level 1:colcon.colcon_core.package_identification:_identify(src/ros2_basic/ros2_basic) by extensions ['ros']
[0.670s] Level 1:colcon.colcon_core.package_identification:_identify(src/ros2_basic/ros2_basic) by extension 'ros'
[0.670s] Level 1:colcon.colcon_core.package_identification:_identify(src/ros2_basic/ros2_basic) by extensions ['cmake', 'python']
[0.670s] Level 1:colcon.colcon_core.package_identification:_identify(src/ros2_basic/ros2_basic) by extension 'cmake'
[0.670s] Level 1:colcon.colcon_core.package_identification:_identify(src/ros2_basic/ros2_basic) by extension 'python'
[0.670s] Level 1:colcon.colcon_core.package_identification:_identify(src/ros2_basic/ros2_basic) by extensions ['python_setup_py']
[0.670s] Level 1:colcon.colcon_core.package_identification:_identify(src/ros2_basic/ros2_basic) by extension 'python_setup_py'
[0.670s] Level 1:colcon.colcon_core.package_identification:_identify(src/ros2_basic/ros2_basic/pc) by extensions ['ignore', 'ignore_ament_install']
[0.671s] Level 1:colcon.colcon_core.package_identification:_identify(src/ros2_basic/ros2_basic/pc) by extension 'ignore'
[0.671s] Level 1:colcon.colcon_core.package_identification:_identify(src/ros2_basic/ros2_basic/pc) by extension 'ignore_ament_install'
[0.671s] Level 1:colcon.colcon_core.package_identification:_identify(src/ros2_basic/ros2_basic/pc) by extensions ['colcon_pkg']
[0.671s] Level 1:colcon.colcon_core.package_identification:_identify(src/ros2_basic/ros2_basic/pc) by extension 'colcon_pkg'
[0.671s] Level 1:colcon.colcon_core.package_identification:_identify(src/ros2_basic/ros2_basic/pc) by extensions ['colcon_meta']
[0.671s] Level 1:colcon.colcon_core.package_identification:_identify(src/ros2_basic/ros2_basic/pc) by extension 'colcon_meta'
[0.671s] Level 1:colcon.colcon_core.package_identification:_identify(src/ros2_basic/ros2_basic/pc) by extensions ['ros']
[0.671s] Level 1:colcon.colcon_core.package_identification:_identify(src/ros2_basic/ros2_basic/pc) by extension 'ros'
[0.671s] Level 1:colcon.colcon_core.package_identification:_identify(src/ros2_basic/ros2_basic/pc) by extensions ['cmake', 'python']
[0.671s] Level 1:colcon.colcon_core.package_identification:_identify(src/ros2_basic/ros2_basic/pc) by extension 'cmake'
[0.672s] Level 1:colcon.colcon_core.package_identification:_identify(src/ros2_basic/ros2_basic/pc) by extension 'python'
[0.672s] Level 1:colcon.colcon_core.package_identification:_identify(src/ros2_basic/ros2_basic/pc) by extensions ['python_setup_py']
[0.672s] Level 1:colcon.colcon_core.package_identification:_identify(src/ros2_basic/ros2_basic/pc) by extension 'python_setup_py'
[0.672s] Level 1:colcon.colcon_core.package_identification:_identify(src/ros2_basic/ros2_basic/pc/chap2) by extensions ['ignore', 'ignore_ament_install']
[0.672s] Level 1:colcon.colcon_core.package_identification:_identify(src/ros2_basic/ros2_basic/pc/chap2) by extension 'ignore'
[0.672s] Level 1:colcon.colcon_core.package_identification:_identify(src/ros2_basic/ros2_basic/pc/chap2) by extension 'ignore_ament_install'
[0.672s] Level 1:colcon.colcon_core.package_identification:_identify(src/ros2_basic/ros2_basic/pc/chap2) by extensions ['colcon_pkg']
[0.673s] Level 1:colcon.colcon_core.package_identification:_identify(src/ros2_basic/ros2_basic/pc/chap2) by extension 'colcon_pkg'
[0.673s] Level 1:colcon.colcon_core.package_identification:_identify(src/ros2_basic/ros2_basic/pc/chap2) by extensions ['colcon_meta']
[0.673s] Level 1:colcon.colcon_core.package_identification:_identify(src/ros2_basic/ros2_basic/pc/chap2) by extension 'colcon_meta'
[0.673s] Level 1:colcon.colcon_core.package_identification:_identify(src/ros2_basic/ros2_basic/pc/chap2) by extensions ['ros']
[0.673s] Level 1:colcon.colcon_core.package_identification:_identify(src/ros2_basic/ros2_basic/pc/chap2) by extension 'ros'
[0.673s] Level 1:colcon.colcon_core.package_identification:_identify(src/ros2_basic/ros2_basic/pc/chap2) by extensions ['cmake', 'python']
[0.673s] Level 1:colcon.colcon_core.package_identification:_identify(src/ros2_basic/ros2_basic/pc/chap2) by extension 'cmake'
[0.673s] Level 1:colcon.colcon_core.package_identification:_identify(src/ros2_basic/ros2_basic/pc/chap2) by extension 'python'
[0.673s] Level 1:colcon.colcon_core.package_identification:_identify(src/ros2_basic/ros2_basic/pc/chap2) by extensions ['python_setup_py']
[0.673s] Level 1:colcon.colcon_core.package_identification:_identify(src/ros2_basic/ros2_basic/pc/chap2) by extension 'python_setup_py'
[0.674s] Level 1:colcon.colcon_core.package_identification:_identify(src/ros2_basic/ros2_basic/pc/chap5) by extensions ['ignore', 'ignore_ament_install']
[0.674s] Level 1:colcon.colcon_core.package_identification:_identify(src/ros2_basic/ros2_basic/pc/chap5) by extension 'ignore'
[0.674s] Level 1:colcon.colcon_core.package_identification:_identify(src/ros2_basic/ros2_basic/pc/chap5) by extension 'ignore_ament_install'
[0.674s] Level 1:colcon.colcon_core.package_identification:_identify(src/ros2_basic/ros2_basic/pc/chap5) by extensions ['colcon_pkg']
[0.674s] Level 1:colcon.colcon_core.package_identification:_identify(src/ros2_basic/ros2_basic/pc/chap5) by extension 'colcon_pkg'
[0.674s] Level 1:colcon.colcon_core.package_identification:_identify(src/ros2_basic/ros2_basic/pc/chap5) by extensions ['colcon_meta']
[0.674s] Level 1:colcon.colcon_core.package_identification:_identify(src/ros2_basic/ros2_basic/pc/chap5) by extension 'colcon_meta'
[0.675s] Level 1:colcon.colcon_core.package_identification:_identify(src/ros2_basic/ros2_basic/pc/chap5) by extensions ['ros']
[0.675s] Level 1:colcon.colcon_core.package_identification:_identify(src/ros2_basic/ros2_basic/pc/chap5) by extension 'ros'
[0.675s] Level 1:colcon.colcon_core.package_identification:_identify(src/ros2_basic/ros2_basic/pc/chap5) by extensions ['cmake', 'python']
[0.675s] Level 1:colcon.colcon_core.package_identification:_identify(src/ros2_basic/ros2_basic/pc/chap5) by extension 'cmake'
[0.675s] Level 1:colcon.colcon_core.package_identification:_identify(src/ros2_basic/ros2_basic/pc/chap5) by extension 'python'
[0.675s] Level 1:colcon.colcon_core.package_identification:_identify(src/ros2_basic/ros2_basic/pc/chap5) by extensions ['python_setup_py']
[0.675s] Level 1:colcon.colcon_core.package_identification:_identify(src/ros2_basic/ros2_basic/pc/chap5) by extension 'python_setup_py'
[0.675s] Level 1:colcon.colcon_core.package_identification:_identify(src/ros2_basic/ros2_basic/pc/chap6) by extensions ['ignore', 'ignore_ament_install']
[0.676s] Level 1:colcon.colcon_core.package_identification:_identify(src/ros2_basic/ros2_basic/pc/chap6) by extension 'ignore'
[0.676s] Level 1:colcon.colcon_core.package_identification:_identify(src/ros2_basic/ros2_basic/pc/chap6) by extension 'ignore_ament_install'
[0.676s] Level 1:colcon.colcon_core.package_identification:_identify(src/ros2_basic/ros2_basic/pc/chap6) by extensions ['colcon_pkg']
[0.676s] Level 1:colcon.colcon_core.package_identification:_identify(src/ros2_basic/ros2_basic/pc/chap6) by extension 'colcon_pkg'
[0.676s] Level 1:colcon.colcon_core.package_identification:_identify(src/ros2_basic/ros2_basic/pc/chap6) by extensions ['colcon_meta']
[0.676s] Level 1:colcon.colcon_core.package_identification:_identify(src/ros2_basic/ros2_basic/pc/chap6) by extension 'colcon_meta'
[0.676s] Level 1:colcon.colcon_core.package_identification:_identify(src/ros2_basic/ros2_basic/pc/chap6) by extensions ['ros']
[0.676s] Level 1:colcon.colcon_core.package_identification:_identify(src/ros2_basic/ros2_basic/pc/chap6) by extension 'ros'
[0.676s] Level 1:colcon.colcon_core.package_identification:_identify(src/ros2_basic/ros2_basic/pc/chap6) by extensions ['cmake', 'python']
[0.677s] Level 1:colcon.colcon_core.package_identification:_identify(src/ros2_basic/ros2_basic/pc/chap6) by extension 'cmake'
[0.677s] Level 1:colcon.colcon_core.package_identification:_identify(src/ros2_basic/ros2_basic/pc/chap6) by extension 'python'
[0.677s] Level 1:colcon.colcon_core.package_identification:_identify(src/ros2_basic/ros2_basic/pc/chap6) by extensions ['python_setup_py']
[0.677s] Level 1:colcon.colcon_core.package_identification:_identify(src/ros2_basic/ros2_basic/pc/chap6) by extension 'python_setup_py'
[0.677s] Level 1:colcon.colcon_core.package_identification:_identify(src/ros2_basic/ros2_basic/raspi) by extensions ['ignore', 'ignore_ament_install']
[0.677s] Level 1:colcon.colcon_core.package_identification:_identify(src/ros2_basic/ros2_basic/raspi) by extension 'ignore'
[0.677s] Level 1:colcon.colcon_core.package_identification:_identify(src/ros2_basic/ros2_basic/raspi) by extension 'ignore_ament_install'
[0.677s] Level 1:colcon.colcon_core.package_identification:_identify(src/ros2_basic/ros2_basic/raspi) by extensions ['colcon_pkg']
[0.678s] Level 1:colcon.colcon_core.package_identification:_identify(src/ros2_basic/ros2_basic/raspi) by extension 'colcon_pkg'
[0.678s] Level 1:colcon.colcon_core.package_identification:_identify(src/ros2_basic/ros2_basic/raspi) by extensions ['colcon_meta']
[0.678s] Level 1:colcon.colcon_core.package_identification:_identify(src/ros2_basic/ros2_basic/raspi) by extension 'colcon_meta'
[0.678s] Level 1:colcon.colcon_core.package_identification:_identify(src/ros2_basic/ros2_basic/raspi) by extensions ['ros']
[0.678s] Level 1:colcon.colcon_core.package_identification:_identify(src/ros2_basic/ros2_basic/raspi) by extension 'ros'
[0.678s] Level 1:colcon.colcon_core.package_identification:_identify(src/ros2_basic/ros2_basic/raspi) by extensions ['cmake', 'python']
[0.678s] Level 1:colcon.colcon_core.package_identification:_identify(src/ros2_basic/ros2_basic/raspi) by extension 'cmake'
[0.678s] Level 1:colcon.colcon_core.package_identification:_identify(src/ros2_basic/ros2_basic/raspi) by extension 'python'
[0.678s] Level 1:colcon.colcon_core.package_identification:_identify(src/ros2_basic/ros2_basic/raspi) by extensions ['python_setup_py']
[0.678s] Level 1:colcon.colcon_core.package_identification:_identify(src/ros2_basic/ros2_basic/raspi) by extension 'python_setup_py'
[0.679s] Level 1:colcon.colcon_core.package_identification:_identify(src/ros2_basic/ros2_basic/raspi/chap3) by extensions ['ignore', 'ignore_ament_install']
[0.679s] Level 1:colcon.colcon_core.package_identification:_identify(src/ros2_basic/ros2_basic/raspi/chap3) by extension 'ignore'
[0.679s] Level 1:colcon.colcon_core.package_identification:_identify(src/ros2_basic/ros2_basic/raspi/chap3) by extension 'ignore_ament_install'
[0.679s] Level 1:colcon.colcon_core.package_identification:_identify(src/ros2_basic/ros2_basic/raspi/chap3) by extensions ['colcon_pkg']
[0.679s] Level 1:colcon.colcon_core.package_identification:_identify(src/ros2_basic/ros2_basic/raspi/chap3) by extension 'colcon_pkg'
[0.679s] Level 1:colcon.colcon_core.package_identification:_identify(src/ros2_basic/ros2_basic/raspi/chap3) by extensions ['colcon_meta']
[0.679s] Level 1:colcon.colcon_core.package_identification:_identify(src/ros2_basic/ros2_basic/raspi/chap3) by extension 'colcon_meta'
[0.680s] Level 1:colcon.colcon_core.package_identification:_identify(src/ros2_basic/ros2_basic/raspi/chap3) by extensions ['ros']
[0.680s] Level 1:colcon.colcon_core.package_identification:_identify(src/ros2_basic/ros2_basic/raspi/chap3) by extension 'ros'
[0.680s] Level 1:colcon.colcon_core.package_identification:_identify(src/ros2_basic/ros2_basic/raspi/chap3) by extensions ['cmake', 'python']
[0.680s] Level 1:colcon.colcon_core.package_identification:_identify(src/ros2_basic/ros2_basic/raspi/chap3) by extension 'cmake'
[0.680s] Level 1:colcon.colcon_core.package_identification:_identify(src/ros2_basic/ros2_basic/raspi/chap3) by extension 'python'
[0.680s] Level 1:colcon.colcon_core.package_identification:_identify(src/ros2_basic/ros2_basic/raspi/chap3) by extensions ['python_setup_py']
[0.680s] Level 1:colcon.colcon_core.package_identification:_identify(src/ros2_basic/ros2_basic/raspi/chap3) by extension 'python_setup_py'
[0.680s] Level 1:colcon.colcon_core.package_identification:_identify(src/ros2_basic/ros2_basic/raspi/chap4) by extensions ['ignore', 'ignore_ament_install']
[0.681s] Level 1:colcon.colcon_core.package_identification:_identify(src/ros2_basic/ros2_basic/raspi/chap4) by extension 'ignore'
[0.681s] Level 1:colcon.colcon_core.package_identification:_identify(src/ros2_basic/ros2_basic/raspi/chap4) by extension 'ignore_ament_install'
[0.681s] Level 1:colcon.colcon_core.package_identification:_identify(src/ros2_basic/ros2_basic/raspi/chap4) by extensions ['colcon_pkg']
[0.681s] Level 1:colcon.colcon_core.package_identification:_identify(src/ros2_basic/ros2_basic/raspi/chap4) by extension 'colcon_pkg'
[0.681s] Level 1:colcon.colcon_core.package_identification:_identify(src/ros2_basic/ros2_basic/raspi/chap4) by extensions ['colcon_meta']
[0.681s] Level 1:colcon.colcon_core.package_identification:_identify(src/ros2_basic/ros2_basic/raspi/chap4) by extension 'colcon_meta'
[0.681s] Level 1:colcon.colcon_core.package_identification:_identify(src/ros2_basic/ros2_basic/raspi/chap4) by extensions ['ros']
[0.681s] Level 1:colcon.colcon_core.package_identification:_identify(src/ros2_basic/ros2_basic/raspi/chap4) by extension 'ros'
[0.682s] Level 1:colcon.colcon_core.package_identification:_identify(src/ros2_basic/ros2_basic/raspi/chap4) by extensions ['cmake', 'python']
[0.682s] Level 1:colcon.colcon_core.package_identification:_identify(src/ros2_basic/ros2_basic/raspi/chap4) by extension 'cmake'
[0.682s] Level 1:colcon.colcon_core.package_identification:_identify(src/ros2_basic/ros2_basic/raspi/chap4) by extension 'python'
[0.682s] Level 1:colcon.colcon_core.package_identification:_identify(src/ros2_basic/ros2_basic/raspi/chap4) by extensions ['python_setup_py']
[0.682s] Level 1:colcon.colcon_core.package_identification:_identify(src/ros2_basic/ros2_basic/raspi/chap4) by extension 'python_setup_py'
[0.682s] Level 1:colcon.colcon_core.package_identification:_identify(src/ros2_basic/ros2_basic/raspi/chap5) by extensions ['ignore', 'ignore_ament_install']
[0.682s] Level 1:colcon.colcon_core.package_identification:_identify(src/ros2_basic/ros2_basic/raspi/chap5) by extension 'ignore'
[0.682s] Level 1:colcon.colcon_core.package_identification:_identify(src/ros2_basic/ros2_basic/raspi/chap5) by extension 'ignore_ament_install'
[0.683s] Level 1:colcon.colcon_core.package_identification:_identify(src/ros2_basic/ros2_basic/raspi/chap5) by extensions ['colcon_pkg']
[0.683s] Level 1:colcon.colcon_core.package_identification:_identify(src/ros2_basic/ros2_basic/raspi/chap5) by extension 'colcon_pkg'
[0.683s] Level 1:colcon.colcon_core.package_identification:_identify(src/ros2_basic/ros2_basic/raspi/chap5) by extensions ['colcon_meta']
[0.683s] Level 1:colcon.colcon_core.package_identification:_identify(src/ros2_basic/ros2_basic/raspi/chap5) by extension 'colcon_meta'
[0.683s] Level 1:colcon.colcon_core.package_identification:_identify(src/ros2_basic/ros2_basic/raspi/chap5) by extensions ['ros']
[0.683s] Level 1:colcon.colcon_core.package_identification:_identify(src/ros2_basic/ros2_basic/raspi/chap5) by extension 'ros'
[0.683s] Level 1:colcon.colcon_core.package_identification:_identify(src/ros2_basic/ros2_basic/raspi/chap5) by extensions ['cmake', 'python']
[0.683s] Level 1:colcon.colcon_core.package_identification:_identify(src/ros2_basic/ros2_basic/raspi/chap5) by extension 'cmake'
[0.683s] Level 1:colcon.colcon_core.package_identification:_identify(src/ros2_basic/ros2_basic/raspi/chap5) by extension 'python'
[0.684s] Level 1:colcon.colcon_core.package_identification:_identify(src/ros2_basic/ros2_basic/raspi/chap5) by extensions ['python_setup_py']
[0.684s] Level 1:colcon.colcon_core.package_identification:_identify(src/ros2_basic/ros2_basic/raspi/chap5) by extension 'python_setup_py'
[0.684s] Level 1:colcon.colcon_core.package_identification:_identify(src/ros2_basic/ros2_basic/raspi/chap6) by extensions ['ignore', 'ignore_ament_install']
[0.684s] Level 1:colcon.colcon_core.package_identification:_identify(src/ros2_basic/ros2_basic/raspi/chap6) by extension 'ignore'
[0.684s] Level 1:colcon.colcon_core.package_identification:_identify(src/ros2_basic/ros2_basic/raspi/chap6) by extension 'ignore_ament_install'
[0.684s] Level 1:colcon.colcon_core.package_identification:_identify(src/ros2_basic/ros2_basic/raspi/chap6) by extensions ['colcon_pkg']
[0.684s] Level 1:colcon.colcon_core.package_identification:_identify(src/ros2_basic/ros2_basic/raspi/chap6) by extension 'colcon_pkg'
[0.684s] Level 1:colcon.colcon_core.package_identification:_identify(src/ros2_basic/ros2_basic/raspi/chap6) by extensions ['colcon_meta']
[0.685s] Level 1:colcon.colcon_core.package_identification:_identify(src/ros2_basic/ros2_basic/raspi/chap6) by extension 'colcon_meta'
[0.685s] Level 1:colcon.colcon_core.package_identification:_identify(src/ros2_basic/ros2_basic/raspi/chap6) by extensions ['ros']
[0.685s] Level 1:colcon.colcon_core.package_identification:_identify(src/ros2_basic/ros2_basic/raspi/chap6) by extension 'ros'
[0.685s] Level 1:colcon.colcon_core.package_identification:_identify(src/ros2_basic/ros2_basic/raspi/chap6) by extensions ['cmake', 'python']
[0.685s] Level 1:colcon.colcon_core.package_identification:_identify(src/ros2_basic/ros2_basic/raspi/chap6) by extension 'cmake'
[0.685s] Level 1:colcon.colcon_core.package_identification:_identify(src/ros2_basic/ros2_basic/raspi/chap6) by extension 'python'
[0.685s] Level 1:colcon.colcon_core.package_identification:_identify(src/ros2_basic/ros2_basic/raspi/chap6) by extensions ['python_setup_py']
[0.685s] Level 1:colcon.colcon_core.package_identification:_identify(src/ros2_basic/ros2_basic/raspi/chap6) by extension 'python_setup_py'
[0.685s] Level 1:colcon.colcon_core.package_discovery:discover_packages(recursive) using defaults
[0.686s] Level 1:colcon.colcon_core.package_discovery:discover_packages(ignore) discover
[0.686s] Level 1:colcon.colcon_core.package_discovery:discover_packages(ignore) using defaults
[0.686s] Level 1:colcon.colcon_core.package_discovery:discover_packages(path) discover
[0.686s] Level 1:colcon.colcon_core.package_discovery:discover_packages(path) using defaults
[0.744s] Level 1:colcon.colcon_core.package_discovery:discover_packages(prefix_path) check parameters
[0.744s] Level 1:colcon.colcon_core.package_discovery:discover_packages(prefix_path) discover
[0.748s] DEBUG:colcon.colcon_installed_package_information.package_discovery:Found 0 installed packages in /home/keime/ava_ws/install
[0.750s] DEBUG:colcon.colcon_installed_package_information.package_discovery:Found 273 installed packages in /opt/ros/humble
[0.753s] Level 1:colcon.colcon_core.package_discovery:discover_packages(prefix_path) using defaults
[0.838s] INFO:colcon.colcon_core.executor:Executing jobs using 'parallel' executor
[0.839s] DEBUG:colcon.colcon_parallel_executor.executor.parallel:run_until_complete
[0.840s] DEBUG:colcon.colcon_parallel_executor.executor.parallel:closing loop
[0.840s] DEBUG:colcon.colcon_parallel_executor.executor.parallel:loop closed
[0.840s] DEBUG:colcon.colcon_parallel_executor.executor.parallel:run_until_complete finished with '0'
[0.840s] DEBUG:colcon.colcon_core.event_reactor:joining thread
[0.841s] DEBUG:colcon.colcon_core.event_reactor:joined thread
[0.845s] INFO:colcon.colcon_core.plugin_system:Skipping extension 'colcon_core.shell.bat': Not used on non-Windows systems
[0.845s] INFO:colcon.colcon_core.shell:Creating prefix script '/home/keime/ros2_basic_ws/install/local_setup.ps1'
[0.848s] INFO:colcon.colcon_core.shell:Creating prefix util module '/home/keime/ros2_basic_ws/install/_local_setup_util_ps1.py'
[0.851s] INFO:colcon.colcon_core.shell:Creating prefix chain script '/home/keime/ros2_basic_ws/install/setup.ps1'
[0.853s] INFO:colcon.colcon_core.shell:Creating prefix script '/home/keime/ros2_basic_ws/install/local_setup.sh'
[0.855s] INFO:colcon.colcon_core.shell:Creating prefix util module '/home/keime/ros2_basic_ws/install/_local_setup_util_sh.py'
[0.856s] INFO:colcon.colcon_core.shell:Creating prefix chain script '/home/keime/ros2_basic_ws/install/setup.sh'
[0.859s] INFO:colcon.colcon_core.shell:Creating prefix script '/home/keime/ros2_basic_ws/install/local_setup.bash'
[0.860s] INFO:colcon.colcon_core.shell:Creating prefix chain script '/home/keime/ros2_basic_ws/install/setup.bash'
[0.862s] INFO:colcon.colcon_core.shell:Creating prefix script '/home/keime/ros2_basic_ws/install/local_setup.zsh'
[0.864s] INFO:colcon.colcon_core.shell:Creating prefix chain script '/home/keime/ros2_basic_ws/install/setup.zsh'
