[0.264s] DEBUG:colcon:Command line arguments: ['/usr/bin/colcon', 'build']
[0.264s] DEBUG:colcon:Parsed command line arguments: Namespace(log_base=None, log_level=None, verb_name='build', build_base='build', install_base='install', merge_install=False, symlink_install=False, test_result_base=None, continue_on_error=False, executor='parallel', parallel_workers=2, event_handlers=None, ignore_user_meta=False, metas=['./colcon.meta'], base_paths=['.'], packages_ignore=None, packages_ignore_regex=None, paths=None, packages_up_to=None, packages_up_to_regex=None, packages_above=None, packages_above_and_dependencies=None, packages_above_depth=None, packages_select_by_dep=None, packages_skip_by_dep=None, packages_skip_up_to=None, packages_select_build_failed=False, packages_skip_build_finished=False, packages_select_test_failures=False, packages_skip_test_passed=False, packages_select=None, packages_skip=None, packages_select_regex=None, packages_skip_regex=None, packages_start=None, packages_end=None, allow_overriding=[], cmake_args=None, cmake_target=None, cmake_target_skip_unavailable=False, cmake_clean_cache=False, cmake_clean_first=False, cmake_force_configure=False, ament_cmake_args=None, catkin_cmake_args=None, catkin_skip_building_tests=False, mixin_files=None, mixin=None, verb_parser=<colcon_mixin.mixin.mixin_argument.MixinArgumentDecorator object at 0x744d34929690>, verb_extension=<colcon_core.verb.build.BuildVerb object at 0x744d34928e80>, main=<bound method BuildVerb.main of <colcon_core.verb.build.BuildVerb object at 0x744d34928e80>>, mixin_verb=('build',))
[0.657s] Level 1:colcon.colcon_core.package_discovery:discover_packages(colcon_meta) check parameters
[0.657s] Level 1:colcon.colcon_core.package_discovery:discover_packages(recursive) check parameters
[0.657s] Level 1:colcon.colcon_core.package_discovery:discover_packages(ignore) check parameters
[0.658s] Level 1:colcon.colcon_core.package_discovery:discover_packages(path) check parameters
[0.658s] Level 1:colcon.colcon_core.package_discovery:discover_packages(colcon_meta) discover
[0.658s] Level 1:colcon.colcon_core.package_discovery:discover_packages(recursive) discover
[0.658s] INFO:colcon.colcon_core.package_discovery:Crawling recursively for packages in '/home/keime/ros2_basic_ws'
[0.658s] Level 1:colcon.colcon_core.package_identification:_identify(.) by extensions ['ignore', 'ignore_ament_install']
[0.658s] Level 1:colcon.colcon_core.package_identification:_identify(.) by extension 'ignore'
[0.658s] Level 1:colcon.colcon_core.package_identification:_identify(.) by extension 'ignore_ament_install'
[0.659s] Level 1:colcon.colcon_core.package_identification:_identify(.) by extensions ['colcon_pkg']
[0.659s] Level 1:colcon.colcon_core.package_identification:_identify(.) by extension 'colcon_pkg'
[0.659s] Level 1:colcon.colcon_core.package_identification:_identify(.) by extensions ['colcon_meta']
[0.659s] Level 1:colcon.colcon_core.package_identification:_identify(.) by extension 'colcon_meta'
[0.659s] Level 1:colcon.colcon_core.package_identification:_identify(.) by extensions ['ros']
[0.659s] Level 1:colcon.colcon_core.package_identification:_identify(.) by extension 'ros'
[0.682s] Level 1:colcon.colcon_core.package_identification:_identify(.) by extensions ['cmake', 'python']
[0.682s] Level 1:colcon.colcon_core.package_identification:_identify(.) by extension 'cmake'
[0.682s] Level 1:colcon.colcon_core.package_identification:_identify(.) by extension 'python'
[0.682s] Level 1:colcon.colcon_core.package_identification:_identify(.) by extensions ['python_setup_py']
[0.682s] Level 1:colcon.colcon_core.package_identification:_identify(.) by extension 'python_setup_py'
[0.683s] Level 1:colcon.colcon_core.package_identification:_identify(build) by extensions ['ignore', 'ignore_ament_install']
[0.683s] Level 1:colcon.colcon_core.package_identification:_identify(build) by extension 'ignore'
[0.683s] Level 1:colcon.colcon_core.package_identification:_identify(build) ignored
[0.683s] Level 1:colcon.colcon_core.package_identification:_identify(install) by extensions ['ignore', 'ignore_ament_install']
[0.683s] Level 1:colcon.colcon_core.package_identification:_identify(install) by extension 'ignore'
[0.683s] Level 1:colcon.colcon_core.package_identification:_identify(install) ignored
[0.684s] Level 1:colcon.colcon_core.package_identification:_identify(log) by extensions ['ignore', 'ignore_ament_install']
[0.684s] Level 1:colcon.colcon_core.package_identification:_identify(log) by extension 'ignore'
[0.684s] Level 1:colcon.colcon_core.package_identification:_identify(log) ignored
[0.684s] Level 1:colcon.colcon_core.package_identification:_identify(src) by extensions ['ignore', 'ignore_ament_install']
[0.684s] Level 1:colcon.colcon_core.package_identification:_identify(src) by extension 'ignore'
[0.684s] Level 1:colcon.colcon_core.package_identification:_identify(src) by extension 'ignore_ament_install'
[0.685s] Level 1:colcon.colcon_core.package_identification:_identify(src) by extensions ['colcon_pkg']
[0.685s] Level 1:colcon.colcon_core.package_identification:_identify(src) by extension 'colcon_pkg'
[0.685s] Level 1:colcon.colcon_core.package_identification:_identify(src) by extensions ['colcon_meta']
[0.685s] Level 1:colcon.colcon_core.package_identification:_identify(src) by extension 'colcon_meta'
[0.685s] Level 1:colcon.colcon_core.package_identification:_identify(src) by extensions ['ros']
[0.685s] Level 1:colcon.colcon_core.package_identification:_identify(src) by extension 'ros'
[0.685s] Level 1:colcon.colcon_core.package_identification:_identify(src) by extensions ['cmake', 'python']
[0.685s] Level 1:colcon.colcon_core.package_identification:_identify(src) by extension 'cmake'
[0.685s] Level 1:colcon.colcon_core.package_identification:_identify(src) by extension 'python'
[0.685s] Level 1:colcon.colcon_core.package_identification:_identify(src) by extensions ['python_setup_py']
[0.686s] Level 1:colcon.colcon_core.package_identification:_identify(src) by extension 'python_setup_py'
[0.686s] Level 1:colcon.colcon_core.package_identification:_identify(src/my_pkg) by extensions ['ignore', 'ignore_ament_install']
[0.686s] Level 1:colcon.colcon_core.package_identification:_identify(src/my_pkg) by extension 'ignore'
[0.686s] Level 1:colcon.colcon_core.package_identification:_identify(src/my_pkg) by extension 'ignore_ament_install'
[0.686s] Level 1:colcon.colcon_core.package_identification:_identify(src/my_pkg) by extensions ['colcon_pkg']
[0.686s] Level 1:colcon.colcon_core.package_identification:_identify(src/my_pkg) by extension 'colcon_pkg'
[0.686s] Level 1:colcon.colcon_core.package_identification:_identify(src/my_pkg) by extensions ['colcon_meta']
[0.686s] Level 1:colcon.colcon_core.package_identification:_identify(src/my_pkg) by extension 'colcon_meta'
[0.687s] Level 1:colcon.colcon_core.package_identification:_identify(src/my_pkg) by extensions ['ros']
[0.687s] Level 1:colcon.colcon_core.package_identification:_identify(src/my_pkg) by extension 'ros'
[0.694s] DEBUG:colcon.colcon_core.package_identification:Package 'src/my_pkg' with type 'ros.ament_python' and name 'my_pkg'
[0.694s] Level 1:colcon.colcon_core.package_identification:_identify(src/ros2_basic) by extensions ['ignore', 'ignore_ament_install']
[0.694s] Level 1:colcon.colcon_core.package_identification:_identify(src/ros2_basic) by extension 'ignore'
[0.694s] Level 1:colcon.colcon_core.package_identification:_identify(src/ros2_basic) by extension 'ignore_ament_install'
[0.694s] Level 1:colcon.colcon_core.package_identification:_identify(src/ros2_basic) by extensions ['colcon_pkg']
[0.695s] Level 1:colcon.colcon_core.package_identification:_identify(src/ros2_basic) by extension 'colcon_pkg'
[0.695s] Level 1:colcon.colcon_core.package_identification:_identify(src/ros2_basic) by extensions ['colcon_meta']
[0.695s] Level 1:colcon.colcon_core.package_identification:_identify(src/ros2_basic) by extension 'colcon_meta'
[0.695s] Level 1:colcon.colcon_core.package_identification:_identify(src/ros2_basic) by extensions ['ros']
[0.695s] Level 1:colcon.colcon_core.package_identification:_identify(src/ros2_basic) by extension 'ros'
[0.695s] Level 1:colcon.colcon_core.package_identification:_identify(src/ros2_basic) by extensions ['cmake', 'python']
[0.695s] Level 1:colcon.colcon_core.package_identification:_identify(src/ros2_basic) by extension 'cmake'
[0.695s] Level 1:colcon.colcon_core.package_identification:_identify(src/ros2_basic) by extension 'python'
[0.695s] Level 1:colcon.colcon_core.package_identification:_identify(src/ros2_basic) by extensions ['python_setup_py']
[0.695s] Level 1:colcon.colcon_core.package_identification:_identify(src/ros2_basic) by extension 'python_setup_py'
[0.696s] Level 1:colcon.colcon_core.package_identification:_identify(src/ros2_basic/ros2_basic) by extensions ['ignore', 'ignore_ament_install']
[0.696s] Level 1:colcon.colcon_core.package_identification:_identify(src/ros2_basic/ros2_basic) by extension 'ignore'
[0.696s] Level 1:colcon.colcon_core.package_identification:_identify(src/ros2_basic/ros2_basic) by extension 'ignore_ament_install'
[0.696s] Level 1:colcon.colcon_core.package_identification:_identify(src/ros2_basic/ros2_basic) by extensions ['colcon_pkg']
[0.696s] Level 1:colcon.colcon_core.package_identification:_identify(src/ros2_basic/ros2_basic) by extension 'colcon_pkg'
[0.696s] Level 1:colcon.colcon_core.package_identification:_identify(src/ros2_basic/ros2_basic) by extensions ['colcon_meta']
[0.696s] Level 1:colcon.colcon_core.package_identification:_identify(src/ros2_basic/ros2_basic) by extension 'colcon_meta'
[0.697s] Level 1:colcon.colcon_core.package_identification:_identify(src/ros2_basic/ros2_basic) by extensions ['ros']
[0.697s] Level 1:colcon.colcon_core.package_identification:_identify(src/ros2_basic/ros2_basic) by extension 'ros'
[0.697s] Level 1:colcon.colcon_core.package_identification:_identify(src/ros2_basic/ros2_basic) by extensions ['cmake', 'python']
[0.697s] Level 1:colcon.colcon_core.package_identification:_identify(src/ros2_basic/ros2_basic) by extension 'cmake'
[0.697s] Level 1:colcon.colcon_core.package_identification:_identify(src/ros2_basic/ros2_basic) by extension 'python'
[0.697s] Level 1:colcon.colcon_core.package_identification:_identify(src/ros2_basic/ros2_basic) by extensions ['python_setup_py']
[0.697s] Level 1:colcon.colcon_core.package_identification:_identify(src/ros2_basic/ros2_basic) by extension 'python_setup_py'
[0.697s] Level 1:colcon.colcon_core.package_identification:_identify(src/ros2_basic/ros2_basic/pc) by extensions ['ignore', 'ignore_ament_install']
[0.698s] Level 1:colcon.colcon_core.package_identification:_identify(src/ros2_basic/ros2_basic/pc) by extension 'ignore'
[0.698s] Level 1:colcon.colcon_core.package_identification:_identify(src/ros2_basic/ros2_basic/pc) by extension 'ignore_ament_install'
[0.698s] Level 1:colcon.colcon_core.package_identification:_identify(src/ros2_basic/ros2_basic/pc) by extensions ['colcon_pkg']
[0.698s] Level 1:colcon.colcon_core.package_identification:_identify(src/ros2_basic/ros2_basic/pc) by extension 'colcon_pkg'
[0.698s] Level 1:colcon.colcon_core.package_identification:_identify(src/ros2_basic/ros2_basic/pc) by extensions ['colcon_meta']
[0.698s] Level 1:colcon.colcon_core.package_identification:_identify(src/ros2_basic/ros2_basic/pc) by extension 'colcon_meta'
[0.698s] Level 1:colcon.colcon_core.package_identification:_identify(src/ros2_basic/ros2_basic/pc) by extensions ['ros']
[0.698s] Level 1:colcon.colcon_core.package_identification:_identify(src/ros2_basic/ros2_basic/pc) by extension 'ros'
[0.698s] Level 1:colcon.colcon_core.package_identification:_identify(src/ros2_basic/ros2_basic/pc) by extensions ['cmake', 'python']
[0.699s] Level 1:colcon.colcon_core.package_identification:_identify(src/ros2_basic/ros2_basic/pc) by extension 'cmake'
[0.699s] Level 1:colcon.colcon_core.package_identification:_identify(src/ros2_basic/ros2_basic/pc) by extension 'python'
[0.699s] Level 1:colcon.colcon_core.package_identification:_identify(src/ros2_basic/ros2_basic/pc) by extensions ['python_setup_py']
[0.699s] Level 1:colcon.colcon_core.package_identification:_identify(src/ros2_basic/ros2_basic/pc) by extension 'python_setup_py'
[0.699s] Level 1:colcon.colcon_core.package_identification:_identify(src/ros2_basic/ros2_basic/pc/chap2) by extensions ['ignore', 'ignore_ament_install']
[0.699s] Level 1:colcon.colcon_core.package_identification:_identify(src/ros2_basic/ros2_basic/pc/chap2) by extension 'ignore'
[0.699s] Level 1:colcon.colcon_core.package_identification:_identify(src/ros2_basic/ros2_basic/pc/chap2) by extension 'ignore_ament_install'
[0.700s] Level 1:colcon.colcon_core.package_identification:_identify(src/ros2_basic/ros2_basic/pc/chap2) by extensions ['colcon_pkg']
[0.700s] Level 1:colcon.colcon_core.package_identification:_identify(src/ros2_basic/ros2_basic/pc/chap2) by extension 'colcon_pkg'
[0.700s] Level 1:colcon.colcon_core.package_identification:_identify(src/ros2_basic/ros2_basic/pc/chap2) by extensions ['colcon_meta']
[0.700s] Level 1:colcon.colcon_core.package_identification:_identify(src/ros2_basic/ros2_basic/pc/chap2) by extension 'colcon_meta'
[0.700s] Level 1:colcon.colcon_core.package_identification:_identify(src/ros2_basic/ros2_basic/pc/chap2) by extensions ['ros']
[0.700s] Level 1:colcon.colcon_core.package_identification:_identify(src/ros2_basic/ros2_basic/pc/chap2) by extension 'ros'
[0.700s] Level 1:colcon.colcon_core.package_identification:_identify(src/ros2_basic/ros2_basic/pc/chap2) by extensions ['cmake', 'python']
[0.700s] Level 1:colcon.colcon_core.package_identification:_identify(src/ros2_basic/ros2_basic/pc/chap2) by extension 'cmake'
[0.700s] Level 1:colcon.colcon_core.package_identification:_identify(src/ros2_basic/ros2_basic/pc/chap2) by extension 'python'
[0.700s] Level 1:colcon.colcon_core.package_identification:_identify(src/ros2_basic/ros2_basic/pc/chap2) by extensions ['python_setup_py']
[0.701s] Level 1:colcon.colcon_core.package_identification:_identify(src/ros2_basic/ros2_basic/pc/chap2) by extension 'python_setup_py'
[0.701s] Level 1:colcon.colcon_core.package_identification:_identify(src/ros2_basic/ros2_basic/pc/chap5) by extensions ['ignore', 'ignore_ament_install']
[0.701s] Level 1:colcon.colcon_core.package_identification:_identify(src/ros2_basic/ros2_basic/pc/chap5) by extension 'ignore'
[0.701s] Level 1:colcon.colcon_core.package_identification:_identify(src/ros2_basic/ros2_basic/pc/chap5) by extension 'ignore_ament_install'
[0.701s] Level 1:colcon.colcon_core.package_identification:_identify(src/ros2_basic/ros2_basic/pc/chap5) by extensions ['colcon_pkg']
[0.701s] Level 1:colcon.colcon_core.package_identification:_identify(src/ros2_basic/ros2_basic/pc/chap5) by extension 'colcon_pkg'
[0.701s] Level 1:colcon.colcon_core.package_identification:_identify(src/ros2_basic/ros2_basic/pc/chap5) by extensions ['colcon_meta']
[0.701s] Level 1:colcon.colcon_core.package_identification:_identify(src/ros2_basic/ros2_basic/pc/chap5) by extension 'colcon_meta'
[0.702s] Level 1:colcon.colcon_core.package_identification:_identify(src/ros2_basic/ros2_basic/pc/chap5) by extensions ['ros']
[0.702s] Level 1:colcon.colcon_core.package_identification:_identify(src/ros2_basic/ros2_basic/pc/chap5) by extension 'ros'
[0.702s] Level 1:colcon.colcon_core.package_identification:_identify(src/ros2_basic/ros2_basic/pc/chap5) by extensions ['cmake', 'python']
[0.702s] Level 1:colcon.colcon_core.package_identification:_identify(src/ros2_basic/ros2_basic/pc/chap5) by extension 'cmake'
[0.702s] Level 1:colcon.colcon_core.package_identification:_identify(src/ros2_basic/ros2_basic/pc/chap5) by extension 'python'
[0.702s] Level 1:colcon.colcon_core.package_identification:_identify(src/ros2_basic/ros2_basic/pc/chap5) by extensions ['python_setup_py']
[0.702s] Level 1:colcon.colcon_core.package_identification:_identify(src/ros2_basic/ros2_basic/pc/chap5) by extension 'python_setup_py'
[0.702s] Level 1:colcon.colcon_core.package_identification:_identify(src/ros2_basic/ros2_basic/pc/chap6) by extensions ['ignore', 'ignore_ament_install']
[0.703s] Level 1:colcon.colcon_core.package_identification:_identify(src/ros2_basic/ros2_basic/pc/chap6) by extension 'ignore'
[0.703s] Level 1:colcon.colcon_core.package_identification:_identify(src/ros2_basic/ros2_basic/pc/chap6) by extension 'ignore_ament_install'
[0.703s] Level 1:colcon.colcon_core.package_identification:_identify(src/ros2_basic/ros2_basic/pc/chap6) by extensions ['colcon_pkg']
[0.703s] Level 1:colcon.colcon_core.package_identification:_identify(src/ros2_basic/ros2_basic/pc/chap6) by extension 'colcon_pkg'
[0.703s] Level 1:colcon.colcon_core.package_identification:_identify(src/ros2_basic/ros2_basic/pc/chap6) by extensions ['colcon_meta']
[0.703s] Level 1:colcon.colcon_core.package_identification:_identify(src/ros2_basic/ros2_basic/pc/chap6) by extension 'colcon_meta'
[0.703s] Level 1:colcon.colcon_core.package_identification:_identify(src/ros2_basic/ros2_basic/pc/chap6) by extensions ['ros']
[0.703s] Level 1:colcon.colcon_core.package_identification:_identify(src/ros2_basic/ros2_basic/pc/chap6) by extension 'ros'
[0.704s] Level 1:colcon.colcon_core.package_identification:_identify(src/ros2_basic/ros2_basic/pc/chap6) by extensions ['cmake', 'python']
[0.704s] Level 1:colcon.colcon_core.package_identification:_identify(src/ros2_basic/ros2_basic/pc/chap6) by extension 'cmake'
[0.704s] Level 1:colcon.colcon_core.package_identification:_identify(src/ros2_basic/ros2_basic/pc/chap6) by extension 'python'
[0.704s] Level 1:colcon.colcon_core.package_identification:_identify(src/ros2_basic/ros2_basic/pc/chap6) by extensions ['python_setup_py']
[0.704s] Level 1:colcon.colcon_core.package_identification:_identify(src/ros2_basic/ros2_basic/pc/chap6) by extension 'python_setup_py'
[0.704s] Level 1:colcon.colcon_core.package_identification:_identify(src/ros2_basic/ros2_basic/raspi) by extensions ['ignore', 'ignore_ament_install']
[0.704s] Level 1:colcon.colcon_core.package_identification:_identify(src/ros2_basic/ros2_basic/raspi) by extension 'ignore'
[0.705s] Level 1:colcon.colcon_core.package_identification:_identify(src/ros2_basic/ros2_basic/raspi) by extension 'ignore_ament_install'
[0.705s] Level 1:colcon.colcon_core.package_identification:_identify(src/ros2_basic/ros2_basic/raspi) by extensions ['colcon_pkg']
[0.705s] Level 1:colcon.colcon_core.package_identification:_identify(src/ros2_basic/ros2_basic/raspi) by extension 'colcon_pkg'
[0.705s] Level 1:colcon.colcon_core.package_identification:_identify(src/ros2_basic/ros2_basic/raspi) by extensions ['colcon_meta']
[0.705s] Level 1:colcon.colcon_core.package_identification:_identify(src/ros2_basic/ros2_basic/raspi) by extension 'colcon_meta'
[0.705s] Level 1:colcon.colcon_core.package_identification:_identify(src/ros2_basic/ros2_basic/raspi) by extensions ['ros']
[0.705s] Level 1:colcon.colcon_core.package_identification:_identify(src/ros2_basic/ros2_basic/raspi) by extension 'ros'
[0.705s] Level 1:colcon.colcon_core.package_identification:_identify(src/ros2_basic/ros2_basic/raspi) by extensions ['cmake', 'python']
[0.705s] Level 1:colcon.colcon_core.package_identification:_identify(src/ros2_basic/ros2_basic/raspi) by extension 'cmake'
[0.705s] Level 1:colcon.colcon_core.package_identification:_identify(src/ros2_basic/ros2_basic/raspi) by extension 'python'
[0.706s] Level 1:colcon.colcon_core.package_identification:_identify(src/ros2_basic/ros2_basic/raspi) by extensions ['python_setup_py']
[0.706s] Level 1:colcon.colcon_core.package_identification:_identify(src/ros2_basic/ros2_basic/raspi) by extension 'python_setup_py'
[0.706s] Level 1:colcon.colcon_core.package_identification:_identify(src/ros2_basic/ros2_basic/raspi/chap3) by extensions ['ignore', 'ignore_ament_install']
[0.706s] Level 1:colcon.colcon_core.package_identification:_identify(src/ros2_basic/ros2_basic/raspi/chap3) by extension 'ignore'
[0.706s] Level 1:colcon.colcon_core.package_identification:_identify(src/ros2_basic/ros2_basic/raspi/chap3) by extension 'ignore_ament_install'
[0.706s] Level 1:colcon.colcon_core.package_identification:_identify(src/ros2_basic/ros2_basic/raspi/chap3) by extensions ['colcon_pkg']
[0.706s] Level 1:colcon.colcon_core.package_identification:_identify(src/ros2_basic/ros2_basic/raspi/chap3) by extension 'colcon_pkg'
[0.706s] Level 1:colcon.colcon_core.package_identification:_identify(src/ros2_basic/ros2_basic/raspi/chap3) by extensions ['colcon_meta']
[0.707s] Level 1:colcon.colcon_core.package_identification:_identify(src/ros2_basic/ros2_basic/raspi/chap3) by extension 'colcon_meta'
[0.707s] Level 1:colcon.colcon_core.package_identification:_identify(src/ros2_basic/ros2_basic/raspi/chap3) by extensions ['ros']
[0.707s] Level 1:colcon.colcon_core.package_identification:_identify(src/ros2_basic/ros2_basic/raspi/chap3) by extension 'ros'
[0.707s] Level 1:colcon.colcon_core.package_identification:_identify(src/ros2_basic/ros2_basic/raspi/chap3) by extensions ['cmake', 'python']
[0.707s] Level 1:colcon.colcon_core.package_identification:_identify(src/ros2_basic/ros2_basic/raspi/chap3) by extension 'cmake'
[0.707s] Level 1:colcon.colcon_core.package_identification:_identify(src/ros2_basic/ros2_basic/raspi/chap3) by extension 'python'
[0.707s] Level 1:colcon.colcon_core.package_identification:_identify(src/ros2_basic/ros2_basic/raspi/chap3) by extensions ['python_setup_py']
[0.707s] Level 1:colcon.colcon_core.package_identification:_identify(src/ros2_basic/ros2_basic/raspi/chap3) by extension 'python_setup_py'
[0.708s] Level 1:colcon.colcon_core.package_identification:_identify(src/ros2_basic/ros2_basic/raspi/chap4) by extensions ['ignore', 'ignore_ament_install']
[0.708s] Level 1:colcon.colcon_core.package_identification:_identify(src/ros2_basic/ros2_basic/raspi/chap4) by extension 'ignore'
[0.708s] Level 1:colcon.colcon_core.package_identification:_identify(src/ros2_basic/ros2_basic/raspi/chap4) by extension 'ignore_ament_install'
[0.708s] Level 1:colcon.colcon_core.package_identification:_identify(src/ros2_basic/ros2_basic/raspi/chap4) by extensions ['colcon_pkg']
[0.708s] Level 1:colcon.colcon_core.package_identification:_identify(src/ros2_basic/ros2_basic/raspi/chap4) by extension 'colcon_pkg'
[0.708s] Level 1:colcon.colcon_core.package_identification:_identify(src/ros2_basic/ros2_basic/raspi/chap4) by extensions ['colcon_meta']
[0.708s] Level 1:colcon.colcon_core.package_identification:_identify(src/ros2_basic/ros2_basic/raspi/chap4) by extension 'colcon_meta'
[0.708s] Level 1:colcon.colcon_core.package_identification:_identify(src/ros2_basic/ros2_basic/raspi/chap4) by extensions ['ros']
[0.708s] Level 1:colcon.colcon_core.package_identification:_identify(src/ros2_basic/ros2_basic/raspi/chap4) by extension 'ros'
[0.709s] Level 1:colcon.colcon_core.package_identification:_identify(src/ros2_basic/ros2_basic/raspi/chap4) by extensions ['cmake', 'python']
[0.709s] Level 1:colcon.colcon_core.package_identification:_identify(src/ros2_basic/ros2_basic/raspi/chap4) by extension 'cmake'
[0.709s] Level 1:colcon.colcon_core.package_identification:_identify(src/ros2_basic/ros2_basic/raspi/chap4) by extension 'python'
[0.709s] Level 1:colcon.colcon_core.package_identification:_identify(src/ros2_basic/ros2_basic/raspi/chap4) by extensions ['python_setup_py']
[0.709s] Level 1:colcon.colcon_core.package_identification:_identify(src/ros2_basic/ros2_basic/raspi/chap4) by extension 'python_setup_py'
[0.709s] Level 1:colcon.colcon_core.package_identification:_identify(src/ros2_basic/ros2_basic/raspi/chap5) by extensions ['ignore', 'ignore_ament_install']
[0.709s] Level 1:colcon.colcon_core.package_identification:_identify(src/ros2_basic/ros2_basic/raspi/chap5) by extension 'ignore'
[0.710s] Level 1:colcon.colcon_core.package_identification:_identify(src/ros2_basic/ros2_basic/raspi/chap5) by extension 'ignore_ament_install'
[0.710s] Level 1:colcon.colcon_core.package_identification:_identify(src/ros2_basic/ros2_basic/raspi/chap5) by extensions ['colcon_pkg']
[0.710s] Level 1:colcon.colcon_core.package_identification:_identify(src/ros2_basic/ros2_basic/raspi/chap5) by extension 'colcon_pkg'
[0.710s] Level 1:colcon.colcon_core.package_identification:_identify(src/ros2_basic/ros2_basic/raspi/chap5) by extensions ['colcon_meta']
[0.710s] Level 1:colcon.colcon_core.package_identification:_identify(src/ros2_basic/ros2_basic/raspi/chap5) by extension 'colcon_meta'
[0.710s] Level 1:colcon.colcon_core.package_identification:_identify(src/ros2_basic/ros2_basic/raspi/chap5) by extensions ['ros']
[0.710s] Level 1:colcon.colcon_core.package_identification:_identify(src/ros2_basic/ros2_basic/raspi/chap5) by extension 'ros'
[0.710s] Level 1:colcon.colcon_core.package_identification:_identify(src/ros2_basic/ros2_basic/raspi/chap5) by extensions ['cmake', 'python']
[0.711s] Level 1:colcon.colcon_core.package_identification:_identify(src/ros2_basic/ros2_basic/raspi/chap5) by extension 'cmake'
[0.711s] Level 1:colcon.colcon_core.package_identification:_identify(src/ros2_basic/ros2_basic/raspi/chap5) by extension 'python'
[0.711s] Level 1:colcon.colcon_core.package_identification:_identify(src/ros2_basic/ros2_basic/raspi/chap5) by extensions ['python_setup_py']
[0.711s] Level 1:colcon.colcon_core.package_identification:_identify(src/ros2_basic/ros2_basic/raspi/chap5) by extension 'python_setup_py'
[0.711s] Level 1:colcon.colcon_core.package_identification:_identify(src/ros2_basic/ros2_basic/raspi/chap6) by extensions ['ignore', 'ignore_ament_install']
[0.711s] Level 1:colcon.colcon_core.package_identification:_identify(src/ros2_basic/ros2_basic/raspi/chap6) by extension 'ignore'
[0.711s] Level 1:colcon.colcon_core.package_identification:_identify(src/ros2_basic/ros2_basic/raspi/chap6) by extension 'ignore_ament_install'
[0.711s] Level 1:colcon.colcon_core.package_identification:_identify(src/ros2_basic/ros2_basic/raspi/chap6) by extensions ['colcon_pkg']
[0.712s] Level 1:colcon.colcon_core.package_identification:_identify(src/ros2_basic/ros2_basic/raspi/chap6) by extension 'colcon_pkg'
[0.712s] Level 1:colcon.colcon_core.package_identification:_identify(src/ros2_basic/ros2_basic/raspi/chap6) by extensions ['colcon_meta']
[0.712s] Level 1:colcon.colcon_core.package_identification:_identify(src/ros2_basic/ros2_basic/raspi/chap6) by extension 'colcon_meta'
[0.712s] Level 1:colcon.colcon_core.package_identification:_identify(src/ros2_basic/ros2_basic/raspi/chap6) by extensions ['ros']
[0.712s] Level 1:colcon.colcon_core.package_identification:_identify(src/ros2_basic/ros2_basic/raspi/chap6) by extension 'ros'
[0.712s] Level 1:colcon.colcon_core.package_identification:_identify(src/ros2_basic/ros2_basic/raspi/chap6) by extensions ['cmake', 'python']
[0.712s] Level 1:colcon.colcon_core.package_identification:_identify(src/ros2_basic/ros2_basic/raspi/chap6) by extension 'cmake'
[0.712s] Level 1:colcon.colcon_core.package_identification:_identify(src/ros2_basic/ros2_basic/raspi/chap6) by extension 'python'
[0.712s] Level 1:colcon.colcon_core.package_identification:_identify(src/ros2_basic/ros2_basic/raspi/chap6) by extensions ['python_setup_py']
[0.712s] Level 1:colcon.colcon_core.package_identification:_identify(src/ros2_basic/ros2_basic/raspi/chap6) by extension 'python_setup_py'
[0.713s] Level 1:colcon.colcon_core.package_discovery:discover_packages(recursive) using defaults
[0.713s] Level 1:colcon.colcon_core.package_discovery:discover_packages(ignore) discover
[0.713s] Level 1:colcon.colcon_core.package_discovery:discover_packages(ignore) using defaults
[0.713s] Level 1:colcon.colcon_core.package_discovery:discover_packages(path) discover
[0.713s] Level 1:colcon.colcon_core.package_discovery:discover_packages(path) using defaults
[0.772s] Level 1:colcon.colcon_core.package_discovery:discover_packages(prefix_path) check parameters
[0.772s] Level 1:colcon.colcon_core.package_discovery:discover_packages(prefix_path) discover
[0.775s] DEBUG:colcon.colcon_installed_package_information.package_discovery:Found 0 installed packages in /home/keime/ava_ws/install
[0.778s] DEBUG:colcon.colcon_installed_package_information.package_discovery:Found 273 installed packages in /opt/ros/humble
[0.781s] Level 1:colcon.colcon_core.package_discovery:discover_packages(prefix_path) using defaults
[0.865s] Level 5:colcon.colcon_core.verb:set package 'my_pkg' build argument 'cmake_args' from command line to 'None'
[0.865s] Level 5:colcon.colcon_core.verb:set package 'my_pkg' build argument 'cmake_target' from command line to 'None'
[0.866s] Level 5:colcon.colcon_core.verb:set package 'my_pkg' build argument 'cmake_target_skip_unavailable' from command line to 'False'
[0.866s] Level 5:colcon.colcon_core.verb:set package 'my_pkg' build argument 'cmake_clean_cache' from command line to 'False'
[0.866s] Level 5:colcon.colcon_core.verb:set package 'my_pkg' build argument 'cmake_clean_first' from command line to 'False'
[0.866s] Level 5:colcon.colcon_core.verb:set package 'my_pkg' build argument 'cmake_force_configure' from command line to 'False'
[0.866s] Level 5:colcon.colcon_core.verb:set package 'my_pkg' build argument 'ament_cmake_args' from command line to 'None'
[0.866s] Level 5:colcon.colcon_core.verb:set package 'my_pkg' build argument 'catkin_cmake_args' from command line to 'None'
[0.866s] Level 5:colcon.colcon_core.verb:set package 'my_pkg' build argument 'catkin_skip_building_tests' from command line to 'False'
[0.866s] DEBUG:colcon.colcon_core.verb:Building package 'my_pkg' with the following arguments: {'ament_cmake_args': None, 'build_base': '/home/keime/ros2_basic_ws/build/my_pkg', 'catkin_cmake_args': None, 'catkin_skip_building_tests': False, 'cmake_args': None, 'cmake_clean_cache': False, 'cmake_clean_first': False, 'cmake_force_configure': False, 'cmake_target': None, 'cmake_target_skip_unavailable': False, 'install_base': '/home/keime/ros2_basic_ws/install/my_pkg', 'merge_install': False, 'path': '/home/keime/ros2_basic_ws/src/my_pkg', 'symlink_install': False, 'test_result_base': None}
[0.866s] INFO:colcon.colcon_core.executor:Executing jobs using 'parallel' executor
[0.868s] DEBUG:colcon.colcon_parallel_executor.executor.parallel:run_until_complete
[0.869s] INFO:colcon.colcon_ros.task.ament_python.build:Building ROS package in '/home/keime/ros2_basic_ws/src/my_pkg' with build type 'ament_python'
[0.869s] Level 1:colcon.colcon_core.shell:create_environment_hook('my_pkg', 'ament_prefix_path')
[0.874s] INFO:colcon.colcon_core.plugin_system:Skipping extension 'colcon_core.shell.bat': Not used on non-Windows systems
[0.874s] INFO:colcon.colcon_core.shell:Creating environment hook '/home/keime/ros2_basic_ws/install/my_pkg/share/my_pkg/hook/ament_prefix_path.ps1'
[0.878s] INFO:colcon.colcon_core.shell:Creating environment descriptor '/home/keime/ros2_basic_ws/install/my_pkg/share/my_pkg/hook/ament_prefix_path.dsv'
[0.880s] INFO:colcon.colcon_core.shell:Creating environment hook '/home/keime/ros2_basic_ws/install/my_pkg/share/my_pkg/hook/ament_prefix_path.sh'
[0.882s] INFO:colcon.colcon_core.shell:Skip shell extension 'powershell' for command environment: Not usable outside of PowerShell
[0.882s] DEBUG:colcon.colcon_core.shell:Skip shell extension 'dsv' for command environment
[1.467s] INFO:colcon.colcon_core.task.python.build:Building Python package in '/home/keime/ros2_basic_ws/src/my_pkg'
[1.467s] INFO:colcon.colcon_core.shell:Skip shell extension 'powershell' for command environment: Not usable outside of PowerShell
[1.468s] DEBUG:colcon.colcon_core.shell:Skip shell extension 'dsv' for command environment
[2.245s] DEBUG:colcon.colcon_core.event_handler.log_command:Invoking command in '/home/keime/ros2_basic_ws/src/my_pkg': PYTHONPATH=/home/keime/ros2_basic_ws/build/my_pkg/prefix_override:/usr/lib/python3/dist-packages/colcon_core/task/python/colcon_distutils_commands:/home/keime/ros2_basic_ws/install/my_pkg/lib/python3.10/site-packages:${PYTHONPATH} /usr/bin/python3 -W ignore:setup.py install is deprecated -W ignore:easy_install command is deprecated setup.py egg_info --egg-base ../../build/my_pkg build --build-base /home/keime/ros2_basic_ws/build/my_pkg/build install --record /home/keime/ros2_basic_ws/build/my_pkg/install.log --single-version-externally-managed install_data
[2.898s] DEBUG:colcon.colcon_core.event_handler.log_command:Invoked command in '/home/keime/ros2_basic_ws/src/my_pkg' returned '0': PYTHONPATH=/home/keime/ros2_basic_ws/build/my_pkg/prefix_override:/usr/lib/python3/dist-packages/colcon_core/task/python/colcon_distutils_commands:/home/keime/ros2_basic_ws/install/my_pkg/lib/python3.10/site-packages:${PYTHONPATH} /usr/bin/python3 -W ignore:setup.py install is deprecated -W ignore:easy_install command is deprecated setup.py egg_info --egg-base ../../build/my_pkg build --build-base /home/keime/ros2_basic_ws/build/my_pkg/build install --record /home/keime/ros2_basic_ws/build/my_pkg/install.log --single-version-externally-managed install_data
[2.907s] Level 1:colcon.colcon_core.environment:checking '/home/keime/ros2_basic_ws/install/my_pkg' for CMake module files
[2.908s] Level 1:colcon.colcon_core.environment:checking '/home/keime/ros2_basic_ws/install/my_pkg' for CMake config files
[2.910s] Level 1:colcon.colcon_core.environment:checking '/home/keime/ros2_basic_ws/install/my_pkg/lib'
[2.910s] Level 1:colcon.colcon_core.environment:checking '/home/keime/ros2_basic_ws/install/my_pkg/bin'
[2.911s] Level 1:colcon.colcon_core.environment:checking '/home/keime/ros2_basic_ws/install/my_pkg/lib/pkgconfig/my_pkg.pc'
[2.912s] Level 1:colcon.colcon_core.environment:checking '/home/keime/ros2_basic_ws/install/my_pkg/lib/python3.10/site-packages'
[2.912s] Level 1:colcon.colcon_core.shell:create_environment_hook('my_pkg', 'pythonpath')
[2.913s] INFO:colcon.colcon_core.shell:Creating environment hook '/home/keime/ros2_basic_ws/install/my_pkg/share/my_pkg/hook/pythonpath.ps1'
[2.914s] INFO:colcon.colcon_core.shell:Creating environment descriptor '/home/keime/ros2_basic_ws/install/my_pkg/share/my_pkg/hook/pythonpath.dsv'
[2.915s] INFO:colcon.colcon_core.shell:Creating environment hook '/home/keime/ros2_basic_ws/install/my_pkg/share/my_pkg/hook/pythonpath.sh'
[2.917s] Level 1:colcon.colcon_core.environment:checking '/home/keime/ros2_basic_ws/install/my_pkg/bin'
[2.917s] Level 1:colcon.colcon_core.environment:create_environment_scripts_only(my_pkg)
[2.918s] INFO:colcon.colcon_core.shell:Creating package script '/home/keime/ros2_basic_ws/install/my_pkg/share/my_pkg/package.ps1'
[2.920s] INFO:colcon.colcon_core.shell:Creating package descriptor '/home/keime/ros2_basic_ws/install/my_pkg/share/my_pkg/package.dsv'
[2.923s] INFO:colcon.colcon_core.shell:Creating package script '/home/keime/ros2_basic_ws/install/my_pkg/share/my_pkg/package.sh'
[2.925s] INFO:colcon.colcon_core.shell:Creating package script '/home/keime/ros2_basic_ws/install/my_pkg/share/my_pkg/package.bash'
[2.929s] INFO:colcon.colcon_core.shell:Creating package script '/home/keime/ros2_basic_ws/install/my_pkg/share/my_pkg/package.zsh'
[2.932s] Level 1:colcon.colcon_core.environment:create_file_with_runtime_dependencies(/home/keime/ros2_basic_ws/install/my_pkg/share/colcon-core/packages/my_pkg)
[2.934s] DEBUG:colcon.colcon_parallel_executor.executor.parallel:closing loop
[2.934s] DEBUG:colcon.colcon_parallel_executor.executor.parallel:loop closed
[2.935s] DEBUG:colcon.colcon_parallel_executor.executor.parallel:run_until_complete finished with '0'
[2.935s] DEBUG:colcon.colcon_core.event_reactor:joining thread
[2.936s] DEBUG:colcon.colcon_core.event_reactor:joined thread
[2.937s] INFO:colcon.colcon_core.shell:Creating prefix script '/home/keime/ros2_basic_ws/install/local_setup.ps1'
[2.940s] INFO:colcon.colcon_core.shell:Creating prefix util module '/home/keime/ros2_basic_ws/install/_local_setup_util_ps1.py'
[2.945s] INFO:colcon.colcon_core.shell:Creating prefix chain script '/home/keime/ros2_basic_ws/install/setup.ps1'
[2.949s] INFO:colcon.colcon_core.shell:Creating prefix script '/home/keime/ros2_basic_ws/install/local_setup.sh'
[2.951s] INFO:colcon.colcon_core.shell:Creating prefix util module '/home/keime/ros2_basic_ws/install/_local_setup_util_sh.py'
[2.953s] INFO:colcon.colcon_core.shell:Creating prefix chain script '/home/keime/ros2_basic_ws/install/setup.sh'
[2.956s] INFO:colcon.colcon_core.shell:Creating prefix script '/home/keime/ros2_basic_ws/install/local_setup.bash'
[2.957s] INFO:colcon.colcon_core.shell:Creating prefix chain script '/home/keime/ros2_basic_ws/install/setup.bash'
[2.960s] INFO:colcon.colcon_core.shell:Creating prefix script '/home/keime/ros2_basic_ws/install/local_setup.zsh'
[2.962s] INFO:colcon.colcon_core.shell:Creating prefix chain script '/home/keime/ros2_basic_ws/install/setup.zsh'
