[0.260s] DEBUG:colcon:Command line arguments: ['/usr/bin/colcon', 'build']
[0.260s] DEBUG:colcon:Parsed command line arguments: Namespace(log_base=None, log_level=None, verb_name='build', build_base='build', install_base='install', merge_install=False, symlink_install=False, test_result_base=None, continue_on_error=False, executor='parallel', parallel_workers=2, event_handlers=None, ignore_user_meta=False, metas=['./colcon.meta'], base_paths=['.'], packages_ignore=None, packages_ignore_regex=None, paths=None, packages_up_to=None, packages_up_to_regex=None, packages_above=None, packages_above_and_dependencies=None, packages_above_depth=None, packages_select_by_dep=None, packages_skip_by_dep=None, packages_skip_up_to=None, packages_select_build_failed=False, packages_skip_build_finished=False, packages_select_test_failures=False, packages_skip_test_passed=False, packages_select=None, packages_skip=None, packages_select_regex=None, packages_skip_regex=None, packages_start=None, packages_end=None, allow_overriding=[], cmake_args=None, cmake_target=None, cmake_target_skip_unavailable=False, cmake_clean_cache=False, cmake_clean_first=False, cmake_force_configure=False, ament_cmake_args=None, catkin_cmake_args=None, catkin_skip_building_tests=False, mixin_files=None, mixin=None, verb_parser=<colcon_mixin.mixin.mixin_argument.MixinArgumentDecorator object at 0x76cfd4459660>, verb_extension=<colcon_core.verb.build.BuildVerb object at 0x76cfd4458e50>, main=<bound method BuildVerb.main of <colcon_core.verb.build.BuildVerb object at 0x76cfd4458e50>>, mixin_verb=('build',))
[0.729s] Level 1:colcon.colcon_core.package_discovery:discover_packages(colcon_meta) check parameters
[0.734s] Level 1:colcon.colcon_core.package_discovery:discover_packages(recursive) check parameters
[0.734s] Level 1:colcon.colcon_core.package_discovery:discover_packages(ignore) check parameters
[0.734s] Level 1:colcon.colcon_core.package_discovery:discover_packages(path) check parameters
[0.734s] Level 1:colcon.colcon_core.package_discovery:discover_packages(colcon_meta) discover
[0.734s] Level 1:colcon.colcon_core.package_discovery:discover_packages(recursive) discover
[0.734s] INFO:colcon.colcon_core.package_discovery:Crawling recursively for packages in '/home/keime/デスクトップ/lisner-talker'
[0.735s] Level 1:colcon.colcon_core.package_identification:_identify(.) by extensions ['ignore', 'ignore_ament_install']
[0.735s] Level 1:colcon.colcon_core.package_identification:_identify(.) by extension 'ignore'
[0.735s] Level 1:colcon.colcon_core.package_identification:_identify(.) by extension 'ignore_ament_install'
[0.735s] Level 1:colcon.colcon_core.package_identification:_identify(.) by extensions ['colcon_pkg']
[0.735s] Level 1:colcon.colcon_core.package_identification:_identify(.) by extension 'colcon_pkg'
[0.735s] Level 1:colcon.colcon_core.package_identification:_identify(.) by extensions ['colcon_meta']
[0.736s] Level 1:colcon.colcon_core.package_identification:_identify(.) by extension 'colcon_meta'
[0.736s] Level 1:colcon.colcon_core.package_identification:_identify(.) by extensions ['ros']
[0.740s] Level 1:colcon.colcon_core.package_identification:_identify(.) by extension 'ros'
[0.802s] Level 1:colcon.colcon_core.package_identification:_identify(.) by extensions ['cmake', 'python']
[0.802s] Level 1:colcon.colcon_core.package_identification:_identify(.) by extension 'cmake'
[0.803s] Level 1:colcon.colcon_core.package_identification:_identify(.) by extension 'python'
[0.803s] Level 1:colcon.colcon_core.package_identification:_identify(.) by extensions ['python_setup_py']
[0.803s] Level 1:colcon.colcon_core.package_identification:_identify(.) by extension 'python_setup_py'
[0.803s] Level 1:colcon.colcon_core.package_identification:_identify(build) by extensions ['ignore', 'ignore_ament_install']
[0.803s] Level 1:colcon.colcon_core.package_identification:_identify(build) by extension 'ignore'
[0.803s] Level 1:colcon.colcon_core.package_identification:_identify(build) ignored
[0.808s] Level 1:colcon.colcon_core.package_identification:_identify(install) by extensions ['ignore', 'ignore_ament_install']
[0.808s] Level 1:colcon.colcon_core.package_identification:_identify(install) by extension 'ignore'
[0.808s] Level 1:colcon.colcon_core.package_identification:_identify(install) ignored
[0.808s] Level 1:colcon.colcon_core.package_identification:_identify(log) by extensions ['ignore', 'ignore_ament_install']
[0.809s] Level 1:colcon.colcon_core.package_identification:_identify(log) by extension 'ignore'
[0.809s] Level 1:colcon.colcon_core.package_identification:_identify(log) ignored
[0.809s] Level 1:colcon.colcon_core.package_identification:_identify(src) by extensions ['ignore', 'ignore_ament_install']
[0.809s] Level 1:colcon.colcon_core.package_identification:_identify(src) by extension 'ignore'
[0.809s] Level 1:colcon.colcon_core.package_identification:_identify(src) by extension 'ignore_ament_install'
[0.809s] Level 1:colcon.colcon_core.package_identification:_identify(src) by extensions ['colcon_pkg']
[0.809s] Level 1:colcon.colcon_core.package_identification:_identify(src) by extension 'colcon_pkg'
[0.810s] Level 1:colcon.colcon_core.package_identification:_identify(src) by extensions ['colcon_meta']
[0.810s] Level 1:colcon.colcon_core.package_identification:_identify(src) by extension 'colcon_meta'
[0.814s] Level 1:colcon.colcon_core.package_identification:_identify(src) by extensions ['ros']
[0.814s] Level 1:colcon.colcon_core.package_identification:_identify(src) by extension 'ros'
[0.814s] Level 1:colcon.colcon_core.package_identification:_identify(src) by extensions ['cmake', 'python']
[0.814s] Level 1:colcon.colcon_core.package_identification:_identify(src) by extension 'cmake'
[0.814s] Level 1:colcon.colcon_core.package_identification:_identify(src) by extension 'python'
[0.814s] Level 1:colcon.colcon_core.package_identification:_identify(src) by extensions ['python_setup_py']
[0.814s] Level 1:colcon.colcon_core.package_identification:_identify(src) by extension 'python_setup_py'
[0.814s] Level 1:colcon.colcon_core.package_identification:_identify(src/my_pkg) by extensions ['ignore', 'ignore_ament_install']
[0.815s] Level 1:colcon.colcon_core.package_identification:_identify(src/my_pkg) by extension 'ignore'
[0.815s] Level 1:colcon.colcon_core.package_identification:_identify(src/my_pkg) by extension 'ignore_ament_install'
[0.815s] Level 1:colcon.colcon_core.package_identification:_identify(src/my_pkg) by extensions ['colcon_pkg']
[0.815s] Level 1:colcon.colcon_core.package_identification:_identify(src/my_pkg) by extension 'colcon_pkg'
[0.815s] Level 1:colcon.colcon_core.package_identification:_identify(src/my_pkg) by extensions ['colcon_meta']
[0.815s] Level 1:colcon.colcon_core.package_identification:_identify(src/my_pkg) by extension 'colcon_meta'
[0.815s] Level 1:colcon.colcon_core.package_identification:_identify(src/my_pkg) by extensions ['ros']
[0.815s] Level 1:colcon.colcon_core.package_identification:_identify(src/my_pkg) by extension 'ros'
[0.839s] DEBUG:colcon.colcon_core.package_identification:Package 'src/my_pkg' with type 'ros.ament_python' and name 'my_pkg'
[0.839s] Level 1:colcon.colcon_core.package_discovery:discover_packages(recursive) using defaults
[0.839s] Level 1:colcon.colcon_core.package_discovery:discover_packages(ignore) discover
[0.839s] Level 1:colcon.colcon_core.package_discovery:discover_packages(ignore) using defaults
[0.839s] Level 1:colcon.colcon_core.package_discovery:discover_packages(path) discover
[0.840s] Level 1:colcon.colcon_core.package_discovery:discover_packages(path) using defaults
[1.060s] Level 1:colcon.colcon_core.package_discovery:discover_packages(prefix_path) check parameters
[1.060s] Level 1:colcon.colcon_core.package_discovery:discover_packages(prefix_path) discover
[1.064s] DEBUG:colcon.colcon_installed_package_information.package_discovery:Found 0 installed packages in /home/keime/ava_ws/install
[1.067s] DEBUG:colcon.colcon_installed_package_information.package_discovery:Found 273 installed packages in /opt/ros/humble
[1.070s] Level 1:colcon.colcon_core.package_discovery:discover_packages(prefix_path) using defaults
[1.163s] Level 5:colcon.colcon_core.verb:set package 'my_pkg' build argument 'cmake_args' from command line to 'None'
[1.164s] Level 5:colcon.colcon_core.verb:set package 'my_pkg' build argument 'cmake_target' from command line to 'None'
[1.164s] Level 5:colcon.colcon_core.verb:set package 'my_pkg' build argument 'cmake_target_skip_unavailable' from command line to 'False'
[1.164s] Level 5:colcon.colcon_core.verb:set package 'my_pkg' build argument 'cmake_clean_cache' from command line to 'False'
[1.164s] Level 5:colcon.colcon_core.verb:set package 'my_pkg' build argument 'cmake_clean_first' from command line to 'False'
[1.164s] Level 5:colcon.colcon_core.verb:set package 'my_pkg' build argument 'cmake_force_configure' from command line to 'False'
[1.164s] Level 5:colcon.colcon_core.verb:set package 'my_pkg' build argument 'ament_cmake_args' from command line to 'None'
[1.164s] Level 5:colcon.colcon_core.verb:set package 'my_pkg' build argument 'catkin_cmake_args' from command line to 'None'
[1.165s] Level 5:colcon.colcon_core.verb:set package 'my_pkg' build argument 'catkin_skip_building_tests' from command line to 'False'
[1.165s] DEBUG:colcon.colcon_core.verb:Building package 'my_pkg' with the following arguments: {'ament_cmake_args': None, 'build_base': '/home/keime/デスクトップ/lisner-talker/build/my_pkg', 'catkin_cmake_args': None, 'catkin_skip_building_tests': False, 'cmake_args': None, 'cmake_clean_cache': False, 'cmake_clean_first': False, 'cmake_force_configure': False, 'cmake_target': None, 'cmake_target_skip_unavailable': False, 'install_base': '/home/keime/デスクトップ/lisner-talker/install/my_pkg', 'merge_install': False, 'path': '/home/keime/デスクトップ/lisner-talker/src/my_pkg', 'symlink_install': False, 'test_result_base': None}
[1.165s] INFO:colcon.colcon_core.executor:Executing jobs using 'parallel' executor
[1.167s] DEBUG:colcon.colcon_parallel_executor.executor.parallel:run_until_complete
[1.168s] INFO:colcon.colcon_ros.task.ament_python.build:Building ROS package in '/home/keime/デスクトップ/lisner-talker/src/my_pkg' with build type 'ament_python'
[1.168s] Level 1:colcon.colcon_core.shell:create_environment_hook('my_pkg', 'ament_prefix_path')
[1.178s] INFO:colcon.colcon_core.plugin_system:Skipping extension 'colcon_core.shell.bat': Not used on non-Windows systems
[1.181s] INFO:colcon.colcon_core.shell:Creating environment hook '/home/keime/デスクトップ/lisner-talker/install/my_pkg/share/my_pkg/hook/ament_prefix_path.ps1'
[1.183s] INFO:colcon.colcon_core.shell:Creating environment descriptor '/home/keime/デスクトップ/lisner-talker/install/my_pkg/share/my_pkg/hook/ament_prefix_path.dsv'
[1.186s] INFO:colcon.colcon_core.shell:Creating environment hook '/home/keime/デスクトップ/lisner-talker/install/my_pkg/share/my_pkg/hook/ament_prefix_path.sh'
[1.190s] INFO:colcon.colcon_core.shell:Skip shell extension 'powershell' for command environment: Not usable outside of PowerShell
[1.190s] DEBUG:colcon.colcon_core.shell:Skip shell extension 'dsv' for command environment
[1.905s] INFO:colcon.colcon_core.task.python.build:Building Python package in '/home/keime/デスクトップ/lisner-talker/src/my_pkg'
[1.905s] INFO:colcon.colcon_core.shell:Skip shell extension 'powershell' for command environment: Not usable outside of PowerShell
[1.905s] DEBUG:colcon.colcon_core.shell:Skip shell extension 'dsv' for command environment
[2.886s] DEBUG:colcon.colcon_core.event_handler.log_command:Invoking command in '/home/keime/デスクトップ/lisner-talker/src/my_pkg': PYTHONPATH=/home/keime/デスクトップ/lisner-talker/build/my_pkg/prefix_override:/usr/lib/python3/dist-packages/colcon_core/task/python/colcon_distutils_commands:/home/keime/デスクトップ/lisner-talker/install/my_pkg/lib/python3.10/site-packages:${PYTHONPATH} /usr/bin/python3 -W ignore:setup.py install is deprecated -W ignore:easy_install command is deprecated setup.py egg_info --egg-base ../../build/my_pkg build --build-base /home/keime/デスクトップ/lisner-talker/build/my_pkg/build install --record /home/keime/デスクトップ/lisner-talker/build/my_pkg/install.log --single-version-externally-managed install_data
[4.467s] DEBUG:colcon.colcon_core.event_handler.log_command:Invoked command in '/home/keime/デスクトップ/lisner-talker/src/my_pkg' returned '0': PYTHONPATH=/home/keime/デスクトップ/lisner-talker/build/my_pkg/prefix_override:/usr/lib/python3/dist-packages/colcon_core/task/python/colcon_distutils_commands:/home/keime/デスクトップ/lisner-talker/install/my_pkg/lib/python3.10/site-packages:${PYTHONPATH} /usr/bin/python3 -W ignore:setup.py install is deprecated -W ignore:easy_install command is deprecated setup.py egg_info --egg-base ../../build/my_pkg build --build-base /home/keime/デスクトップ/lisner-talker/build/my_pkg/build install --record /home/keime/デスクトップ/lisner-talker/build/my_pkg/install.log --single-version-externally-managed install_data
[4.471s] Level 1:colcon.colcon_core.environment:checking '/home/keime/デスクトップ/lisner-talker/install/my_pkg' for CMake module files
[4.476s] Level 1:colcon.colcon_core.environment:checking '/home/keime/デスクトップ/lisner-talker/install/my_pkg' for CMake config files
[4.479s] Level 1:colcon.colcon_core.environment:checking '/home/keime/デスクトップ/lisner-talker/install/my_pkg/lib'
[4.481s] Level 1:colcon.colcon_core.environment:checking '/home/keime/デスクトップ/lisner-talker/install/my_pkg/bin'
[4.481s] Level 1:colcon.colcon_core.environment:checking '/home/keime/デスクトップ/lisner-talker/install/my_pkg/lib/pkgconfig/my_pkg.pc'
[4.482s] Level 1:colcon.colcon_core.environment:checking '/home/keime/デスクトップ/lisner-talker/install/my_pkg/lib/python3.10/site-packages'
[4.482s] Level 1:colcon.colcon_core.shell:create_environment_hook('my_pkg', 'pythonpath')
[4.485s] INFO:colcon.colcon_core.shell:Creating environment hook '/home/keime/デスクトップ/lisner-talker/install/my_pkg/share/my_pkg/hook/pythonpath.ps1'
[4.486s] INFO:colcon.colcon_core.shell:Creating environment descriptor '/home/keime/デスクトップ/lisner-talker/install/my_pkg/share/my_pkg/hook/pythonpath.dsv'
[4.489s] INFO:colcon.colcon_core.shell:Creating environment hook '/home/keime/デスクトップ/lisner-talker/install/my_pkg/share/my_pkg/hook/pythonpath.sh'
[4.491s] Level 1:colcon.colcon_core.environment:checking '/home/keime/デスクトップ/lisner-talker/install/my_pkg/bin'
[4.491s] Level 1:colcon.colcon_core.environment:create_environment_scripts_only(my_pkg)
[4.493s] INFO:colcon.colcon_core.shell:Creating package script '/home/keime/デスクトップ/lisner-talker/install/my_pkg/share/my_pkg/package.ps1'
[4.496s] INFO:colcon.colcon_core.shell:Creating package descriptor '/home/keime/デスクトップ/lisner-talker/install/my_pkg/share/my_pkg/package.dsv'
[4.498s] INFO:colcon.colcon_core.shell:Creating package script '/home/keime/デスクトップ/lisner-talker/install/my_pkg/share/my_pkg/package.sh'
[4.500s] INFO:colcon.colcon_core.shell:Creating package script '/home/keime/デスクトップ/lisner-talker/install/my_pkg/share/my_pkg/package.bash'
[4.501s] INFO:colcon.colcon_core.shell:Creating package script '/home/keime/デスクトップ/lisner-talker/install/my_pkg/share/my_pkg/package.zsh'
[4.503s] Level 1:colcon.colcon_core.environment:create_file_with_runtime_dependencies(/home/keime/デスクトップ/lisner-talker/install/my_pkg/share/colcon-core/packages/my_pkg)
[4.505s] DEBUG:colcon.colcon_parallel_executor.executor.parallel:closing loop
[4.506s] DEBUG:colcon.colcon_parallel_executor.executor.parallel:loop closed
[4.506s] DEBUG:colcon.colcon_parallel_executor.executor.parallel:run_until_complete finished with '0'
[4.506s] DEBUG:colcon.colcon_core.event_reactor:joining thread
[4.507s] DEBUG:colcon.colcon_core.event_reactor:joined thread
[4.508s] INFO:colcon.colcon_core.shell:Creating prefix script '/home/keime/デスクトップ/lisner-talker/install/local_setup.ps1'
[4.510s] INFO:colcon.colcon_core.shell:Creating prefix util module '/home/keime/デスクトップ/lisner-talker/install/_local_setup_util_ps1.py'
[4.514s] INFO:colcon.colcon_core.shell:Creating prefix chain script '/home/keime/デスクトップ/lisner-talker/install/setup.ps1'
[4.516s] INFO:colcon.colcon_core.shell:Creating prefix script '/home/keime/デスクトップ/lisner-talker/install/local_setup.sh'
[4.518s] INFO:colcon.colcon_core.shell:Creating prefix util module '/home/keime/デスクトップ/lisner-talker/install/_local_setup_util_sh.py'
[4.519s] INFO:colcon.colcon_core.shell:Creating prefix chain script '/home/keime/デスクトップ/lisner-talker/install/setup.sh'
[4.522s] INFO:colcon.colcon_core.shell:Creating prefix script '/home/keime/デスクトップ/lisner-talker/install/local_setup.bash'
[4.523s] INFO:colcon.colcon_core.shell:Creating prefix chain script '/home/keime/デスクトップ/lisner-talker/install/setup.bash'
[4.525s] INFO:colcon.colcon_core.shell:Creating prefix script '/home/keime/デスクトップ/lisner-talker/install/local_setup.zsh'
[4.527s] INFO:colcon.colcon_core.shell:Creating prefix chain script '/home/keime/デスクトップ/lisner-talker/install/setup.zsh'
