[1.375s] Invoking command in '/home/keime/ros2_basic_ws/src/my_pkg': PYTHONPATH=/home/keime/ros2_basic_ws/build/my_pkg/prefix_override:/usr/lib/python3/dist-packages/colcon_core/task/python/colcon_distutils_commands:/home/keime/ros2_basic_ws/install/my_pkg/lib/python3.10/site-packages:${PYTHONPATH} /usr/bin/python3 -W ignore:setup.py install is deprecated -W ignore:easy_install command is deprecated setup.py egg_info --egg-base ../../build/my_pkg build --build-base /home/keime/ros2_basic_ws/build/my_pkg/build install --record /home/keime/ros2_basic_ws/build/my_pkg/install.log --single-version-externally-managed install_data
[1.913s] running egg_info
[1.915s] creating ../../build/my_pkg/my_pkg.egg-info
[1.916s] writing ../../build/my_pkg/my_pkg.egg-info/PKG-INFO
[1.916s] writing dependency_links to ../../build/my_pkg/my_pkg.egg-info/dependency_links.txt
[1.916s] writing entry points to ../../build/my_pkg/my_pkg.egg-info/entry_points.txt
[1.916s] writing requirements to ../../build/my_pkg/my_pkg.egg-info/requires.txt
[1.917s] writing top-level names to ../../build/my_pkg/my_pkg.egg-info/top_level.txt
[1.918s] writing manifest file '../../build/my_pkg/my_pkg.egg-info/SOURCES.txt'
[1.921s] reading manifest file '../../build/my_pkg/my_pkg.egg-info/SOURCES.txt'
[1.923s] writing manifest file '../../build/my_pkg/my_pkg.egg-info/SOURCES.txt'
[1.924s] running build
[1.924s] running build_py
[1.924s] creating /home/keime/ros2_basic_ws/build/my_pkg/build
[1.924s] creating /home/keime/ros2_basic_ws/build/my_pkg/build/lib
[1.925s] creating /home/keime/ros2_basic_ws/build/my_pkg/build/lib/my_pkg
[1.925s] copying my_pkg/__init__.py -> /home/keime/ros2_basic_ws/build/my_pkg/build/lib/my_pkg
[1.925s] running install
[1.925s] running install_lib
[1.926s] creating /home/keime/ros2_basic_ws/install/my_pkg/lib/python3.10/site-packages/my_pkg
[1.927s] copying /home/keime/ros2_basic_ws/build/my_pkg/build/lib/my_pkg/__init__.py -> /home/keime/ros2_basic_ws/install/my_pkg/lib/python3.10/site-packages/my_pkg
[1.928s] byte-compiling /home/keime/ros2_basic_ws/install/my_pkg/lib/python3.10/site-packages/my_pkg/__init__.py to __init__.cpython-310.pyc
[1.928s] running install_data
[1.929s] creating /home/keime/ros2_basic_ws/install/my_pkg/share/ament_index
[1.929s] creating /home/keime/ros2_basic_ws/install/my_pkg/share/ament_index/resource_index
[1.929s] creating /home/keime/ros2_basic_ws/install/my_pkg/share/ament_index/resource_index/packages
[1.929s] copying resource/my_pkg -> /home/keime/ros2_basic_ws/install/my_pkg/share/ament_index/resource_index/packages
[1.930s] copying package.xml -> /home/keime/ros2_basic_ws/install/my_pkg/share/my_pkg
[1.930s] running install_egg_info
[1.934s] Copying ../../build/my_pkg/my_pkg.egg-info to /home/keime/ros2_basic_ws/install/my_pkg/lib/python3.10/site-packages/my_pkg-0.0.0-py3.10.egg-info
[1.935s] running install_scripts
[1.977s] writing list of installed files to '/home/keime/ros2_basic_ws/build/my_pkg/install.log'
[2.028s] Invoked command in '/home/keime/ros2_basic_ws/src/my_pkg' returned '0': PYTHONPATH=/home/keime/ros2_basic_ws/build/my_pkg/prefix_override:/usr/lib/python3/dist-packages/colcon_core/task/python/colcon_distutils_commands:/home/keime/ros2_basic_ws/install/my_pkg/lib/python3.10/site-packages:${PYTHONPATH} /usr/bin/python3 -W ignore:setup.py install is deprecated -W ignore:easy_install command is deprecated setup.py egg_info --egg-base ../../build/my_pkg build --build-base /home/keime/ros2_basic_ws/build/my_pkg/build install --record /home/keime/ros2_basic_ws/build/my_pkg/install.log --single-version-externally-managed install_data
