[2.195s] Invoking command in '/home/keime/デスクトップ/lisner-talker/src/my_pkg': PYTHONPATH=/home/keime/デスクトップ/lisner-talker/build/my_pkg/prefix_override:/usr/lib/python3/dist-packages/colcon_core/task/python/colcon_distutils_commands:/home/keime/デスクトップ/lisner-talker/install/my_pkg/lib/python3.10/site-packages:${PYTHONPATH} /usr/bin/python3 -W ignore:setup.py install is deprecated -W ignore:easy_install command is deprecated setup.py egg_info --egg-base ../../build/my_pkg build --build-base /home/keime/デスクトップ/lisner-talker/build/my_pkg/build install --record /home/keime/デスクトップ/lisner-talker/build/my_pkg/install.log --single-version-externally-managed install_data
[3.885s] running egg_info
[3.890s] writing ../../build/my_pkg/my_pkg.egg-info/PKG-INFO
[3.894s] writing dependency_links to ../../build/my_pkg/my_pkg.egg-info/dependency_links.txt
[3.894s] writing entry points to ../../build/my_pkg/my_pkg.egg-info/entry_points.txt
[3.895s] writing requirements to ../../build/my_pkg/my_pkg.egg-info/requires.txt
[3.897s] writing top-level names to ../../build/my_pkg/my_pkg.egg-info/top_level.txt
[3.917s] reading manifest file '../../build/my_pkg/my_pkg.egg-info/SOURCES.txt'
[3.917s] writing manifest file '../../build/my_pkg/my_pkg.egg-info/SOURCES.txt'
[3.917s] running build
[3.921s] running build_py
[3.921s] running install
[3.925s] running install_lib
[3.931s] running install_data
[3.931s] running install_egg_info
[3.942s] removing '/home/keime/デスクトップ/lisner-talker/install/my_pkg/lib/python3.10/site-packages/my_pkg-0.0.0-py3.10.egg-info' (and everything under it)
[3.948s] Copying ../../build/my_pkg/my_pkg.egg-info to /home/keime/デスクトップ/lisner-talker/install/my_pkg/lib/python3.10/site-packages/my_pkg-0.0.0-py3.10.egg-info
[3.948s] running install_scripts
[4.049s] Installing listener script to /home/keime/デスクトップ/lisner-talker/install/my_pkg/lib/my_pkg
[4.053s] Installing talker script to /home/keime/デスクトップ/lisner-talker/install/my_pkg/lib/my_pkg
[4.057s] writing list of installed files to '/home/keime/デスクトップ/lisner-talker/build/my_pkg/install.log'
[4.175s] Invoked command in '/home/keime/デスクトップ/lisner-talker/src/my_pkg' returned '0': PYTHONPATH=/home/keime/デスクトップ/lisner-talker/build/my_pkg/prefix_override:/usr/lib/python3/dist-packages/colcon_core/task/python/colcon_distutils_commands:/home/keime/デスクトップ/lisner-talker/install/my_pkg/lib/python3.10/site-packages:${PYTHONPATH} /usr/bin/python3 -W ignore:setup.py install is deprecated -W ignore:easy_install command is deprecated setup.py egg_info --egg-base ../../build/my_pkg build --build-base /home/keime/デスクトップ/lisner-talker/build/my_pkg/build install --record /home/keime/デスクトップ/lisner-talker/build/my_pkg/install.log --single-version-externally-managed install_data
