[0.699s] Invoking command in '/home/avatar1/ros2_basic_ws/src/my_pkg': PYTHONPATH=/home/avatar1/ros2_basic_ws/build/my_pkg/prefix_override:/usr/lib/python3/dist-packages/colcon_core/task/python/colcon_distutils_commands:/home/avatar1/ros2_basic_ws/install/my_pkg/lib/python3.10/site-packages:${PYTHONPATH} VIRTUAL_ENV_PROMPT=(env) /usr/bin/python3 -W ignore:setup.py install is deprecated -W ignore:easy_install command is deprecated setup.py egg_info --egg-base ../../build/my_pkg build --build-base /home/avatar1/ros2_basic_ws/build/my_pkg/build install --record /home/avatar1/ros2_basic_ws/build/my_pkg/install.log --single-version-externally-managed install_data
[0.941s] running egg_info
[0.942s] writing ../../build/my_pkg/my_pkg.egg-info/PKG-INFO
[0.942s] writing dependency_links to ../../build/my_pkg/my_pkg.egg-info/dependency_links.txt
[0.942s] writing entry points to ../../build/my_pkg/my_pkg.egg-info/entry_points.txt
[0.942s] writing requirements to ../../build/my_pkg/my_pkg.egg-info/requires.txt
[0.942s] writing top-level names to ../../build/my_pkg/my_pkg.egg-info/top_level.txt
[0.944s] reading manifest file '../../build/my_pkg/my_pkg.egg-info/SOURCES.txt'
[0.945s] writing manifest file '../../build/my_pkg/my_pkg.egg-info/SOURCES.txt'
[0.945s] running build
[0.945s] running build_py
[0.945s] running install
[0.946s] running install_lib
[0.948s] running install_data
[0.948s] running install_egg_info
[0.950s] removing '/home/avatar1/ros2_basic_ws/install/my_pkg/lib/python3.10/site-packages/my_pkg-0.0.0-py3.10.egg-info' (and everything under it)
[0.950s] Copying ../../build/my_pkg/my_pkg.egg-info to /home/avatar1/ros2_basic_ws/install/my_pkg/lib/python3.10/site-packages/my_pkg-0.0.0-py3.10.egg-info
[0.951s] running install_scripts
[0.972s] Installing listener script to /home/avatar1/ros2_basic_ws/install/my_pkg/lib/my_pkg
[0.972s] Installing talker script to /home/avatar1/ros2_basic_ws/install/my_pkg/lib/my_pkg
[0.973s] writing list of installed files to '/home/avatar1/ros2_basic_ws/build/my_pkg/install.log'
[0.996s] Invoked command in '/home/avatar1/ros2_basic_ws/src/my_pkg' returned '0': PYTHONPATH=/home/avatar1/ros2_basic_ws/build/my_pkg/prefix_override:/usr/lib/python3/dist-packages/colcon_core/task/python/colcon_distutils_commands:/home/avatar1/ros2_basic_ws/install/my_pkg/lib/python3.10/site-packages:${PYTHONPATH} VIRTUAL_ENV_PROMPT=(env) /usr/bin/python3 -W ignore:setup.py install is deprecated -W ignore:easy_install command is deprecated setup.py egg_info --egg-base ../../build/my_pkg build --build-base /home/avatar1/ros2_basic_ws/build/my_pkg/build install --record /home/avatar1/ros2_basic_ws/build/my_pkg/install.log --single-version-externally-managed install_data
