[1.333s] Invoking command in '/home/keime/ros2_basic_ws/src/my_pkg': PYTHONPATH=/home/keime/ros2_basic_ws/build/my_pkg/prefix_override:/usr/lib/python3/dist-packages/colcon_core/task/python/colcon_distutils_commands:/home/keime/ros2_basic_ws/install/my_pkg/lib/python3.10/site-packages:${PYTHONPATH} /usr/bin/python3 -W ignore:setup.py install is deprecated -W ignore:easy_install command is deprecated setup.py egg_info --egg-base ../../build/my_pkg build --build-base /home/keime/ros2_basic_ws/build/my_pkg/build install --record /home/keime/ros2_basic_ws/build/my_pkg/install.log --single-version-externally-managed install_data
[1.866s] running egg_info
[1.867s] writing ../../build/my_pkg/my_pkg.egg-info/PKG-INFO
[1.868s] writing dependency_links to ../../build/my_pkg/my_pkg.egg-info/dependency_links.txt
[1.868s] writing entry points to ../../build/my_pkg/my_pkg.egg-info/entry_points.txt
[1.869s] writing requirements to ../../build/my_pkg/my_pkg.egg-info/requires.txt
[1.869s] writing top-level names to ../../build/my_pkg/my_pkg.egg-info/top_level.txt
[1.874s] reading manifest file '../../build/my_pkg/my_pkg.egg-info/SOURCES.txt'
[1.876s] writing manifest file '../../build/my_pkg/my_pkg.egg-info/SOURCES.txt'
[1.876s] running build
[1.877s] running build_py
[1.877s] copying my_pkg/talker.py -> /home/keime/ros2_basic_ws/build/my_pkg/build/lib/my_pkg
[1.878s] copying my_pkg/listener.py -> /home/keime/ros2_basic_ws/build/my_pkg/build/lib/my_pkg
[1.879s] running install
[1.880s] running install_lib
[1.880s] copying /home/keime/ros2_basic_ws/build/my_pkg/build/lib/my_pkg/talker.py -> /home/keime/ros2_basic_ws/install/my_pkg/lib/python3.10/site-packages/my_pkg
[1.881s] copying /home/keime/ros2_basic_ws/build/my_pkg/build/lib/my_pkg/listener.py -> /home/keime/ros2_basic_ws/install/my_pkg/lib/python3.10/site-packages/my_pkg
[1.882s] byte-compiling /home/keime/ros2_basic_ws/install/my_pkg/lib/python3.10/site-packages/my_pkg/talker.py to talker.cpython-310.pyc
[1.883s] byte-compiling /home/keime/ros2_basic_ws/install/my_pkg/lib/python3.10/site-packages/my_pkg/listener.py to listener.cpython-310.pyc
[1.883s] running install_data
[1.884s] running install_egg_info
[1.888s] removing '/home/keime/ros2_basic_ws/install/my_pkg/lib/python3.10/site-packages/my_pkg-0.0.0-py3.10.egg-info' (and everything under it)
[1.888s] Copying ../../build/my_pkg/my_pkg.egg-info to /home/keime/ros2_basic_ws/install/my_pkg/lib/python3.10/site-packages/my_pkg-0.0.0-py3.10.egg-info
[1.890s] running install_scripts
[1.932s] Installing listener script to /home/keime/ros2_basic_ws/install/my_pkg/lib/my_pkg
[1.932s] Installing talker script to /home/keime/ros2_basic_ws/install/my_pkg/lib/my_pkg
[1.933s] writing list of installed files to '/home/keime/ros2_basic_ws/build/my_pkg/install.log'
[1.981s] Invoked command in '/home/keime/ros2_basic_ws/src/my_pkg' returned '0': PYTHONPATH=/home/keime/ros2_basic_ws/build/my_pkg/prefix_override:/usr/lib/python3/dist-packages/colcon_core/task/python/colcon_distutils_commands:/home/keime/ros2_basic_ws/install/my_pkg/lib/python3.10/site-packages:${PYTHONPATH} /usr/bin/python3 -W ignore:setup.py install is deprecated -W ignore:easy_install command is deprecated setup.py egg_info --egg-base ../../build/my_pkg build --build-base /home/keime/ros2_basic_ws/build/my_pkg/build install --record /home/keime/ros2_basic_ws/build/my_pkg/install.log --single-version-externally-managed install_data
